{"/Users/innosose/Documents/gesellschaft/src/main/aiAssistant.ts": {"path":"/Users/innosose/Documents/gesellschaft/src/main/aiAssistant.ts","statementMap":{"0":{"start":{"line":2,"column":22},"end":{"line":12,"column":3}},"1":{"start":{"line":3,"column":4},"end":{"line":3,"column":33}},"2":{"start":{"line":3,"column":26},"end":{"line":3,"column":33}},"3":{"start":{"line":4,"column":15},"end":{"line":4,"column":52}},"4":{"start":{"line":5,"column":4},"end":{"line":7,"column":5}},"5":{"start":{"line":6,"column":6},"end":{"line":6,"column":68}},"6":{"start":{"line":6,"column":51},"end":{"line":6,"column":63}},"7":{"start":{"line":8,"column":4},"end":{"line":8,"column":39}},"8":{"start":{"line":10,"column":4},"end":{"line":10,"column":33}},"9":{"start":{"line":10,"column":26},"end":{"line":10,"column":33}},"10":{"start":{"line":11,"column":4},"end":{"line":11,"column":17}},"11":{"start":{"line":13,"column":25},"end":{"line":17,"column":2}},"12":{"start":{"line":14,"column":4},"end":{"line":14,"column":72}},"13":{"start":{"line":16,"column":4},"end":{"line":16,"column":21}},"14":{"start":{"line":18,"column":19},"end":{"line":34,"column":4}},"15":{"start":{"line":19,"column":18},"end":{"line":26,"column":5}},"16":{"start":{"line":20,"column":8},"end":{"line":24,"column":10}},"17":{"start":{"line":21,"column":21},"end":{"line":21,"column":23}},"18":{"start":{"line":22,"column":12},"end":{"line":22,"column":95}},"19":{"start":{"line":22,"column":29},"end":{"line":22,"column":95}},"20":{"start":{"line":22,"column":77},"end":{"line":22,"column":95}},"21":{"start":{"line":23,"column":12},"end":{"line":23,"column":22}},"22":{"start":{"line":25,"column":8},"end":{"line":25,"column":26}},"23":{"start":{"line":27,"column":4},"end":{"line":33,"column":6}},"24":{"start":{"line":28,"column":8},"end":{"line":28,"column":46}},"25":{"start":{"line":28,"column":35},"end":{"line":28,"column":46}},"26":{"start":{"line":29,"column":21},"end":{"line":29,"column":23}},"27":{"start":{"line":30,"column":8},"end":{"line":30,"column":137}},"28":{"start":{"line":30,"column":25},"end":{"line":30,"column":137}},"29":{"start":{"line":30,"column":38},"end":{"line":30,"column":50}},"30":{"start":{"line":30,"column":56},"end":{"line":30,"column":57}},"31":{"start":{"line":30,"column":78},"end":{"line":30,"column":137}},"32":{"start":{"line":30,"column":102},"end":{"line":30,"column":137}},"33":{"start":{"line":31,"column":8},"end":{"line":31,"column":40}},"34":{"start":{"line":32,"column":8},"end":{"line":32,"column":22}},"35":{"start":{"line":35,"column":0},"end":{"line":35,"column":62}},"36":{"start":{"line":36,"column":0},"end":{"line":36,"column":20}},"37":{"start":{"line":37,"column":0},"end":{"line":37,"column":66}},"38":{"start":{"line":38,"column":19},"end":{"line":38,"column":38}},"39":{"start":{"line":39,"column":11},"end":{"line":39,"column":38}},"40":{"start":{"line":40,"column":13},"end":{"line":40,"column":42}},"41":{"start":{"line":41,"column":14},"end":{"line":41,"column":28}},"42":{"start":{"line":42,"column":17},"end":{"line":42,"column":50}},"43":{"start":{"line":43,"column":20},"end":{"line":43,"column":89}},"44":{"start":{"line":43,"column":26},"end":{"line":43,"column":89}},"45":{"start":{"line":44,"column":17},"end":{"line":50,"column":1}},"46":{"start":{"line":51,"column":22},"end":{"line":55,"column":1}},"47":{"start":{"line":57,"column":26},"end":{"line":60,"column":2}},"48":{"start":{"line":61,"column":27},"end":{"line":61,"column":75}},"49":{"start":{"line":62,"column":28},"end":{"line":68,"column":2}},"50":{"start":{"line":66,"column":52},"end":{"line":66,"column":107}},"51":{"start":{"line":70,"column":4},"end":{"line":86,"column":5}},"52":{"start":{"line":71,"column":20},"end":{"line":71,"column":90}},"53":{"start":{"line":72,"column":8},"end":{"line":80,"column":9}},"54":{"start":{"line":73,"column":12},"end":{"line":79,"column":13}},"55":{"start":{"line":74,"column":16},"end":{"line":74,"column":101}},"56":{"start":{"line":77,"column":16},"end":{"line":77,"column":32}},"57":{"start":{"line":78,"column":16},"end":{"line":78,"column":79}},"58":{"start":{"line":81,"column":8},"end":{"line":81,"column":24}},"59":{"start":{"line":82,"column":8},"end":{"line":82,"column":19}},"60":{"start":{"line":85,"column":8},"end":{"line":85,"column":31}},"61":{"start":{"line":89,"column":20},"end":{"line":89,"column":30}},"62":{"start":{"line":90,"column":4},"end":{"line":93,"column":5}},"63":{"start":{"line":91,"column":8},"end":{"line":91,"column":93}},"64":{"start":{"line":92,"column":8},"end":{"line":92,"column":28}},"65":{"start":{"line":94,"column":4},"end":{"line":94,"column":78}},"66":{"start":{"line":96,"column":12},"end":{"line":96,"column":16}},"67":{"start":{"line":102,"column":27},"end":{"line":102,"column":29}},"68":{"start":{"line":103,"column":23},"end":{"line":103,"column":26}},"69":{"start":{"line":104,"column":17},"end":{"line":104,"column":19}},"70":{"start":{"line":105,"column":16},"end":{"line":105,"column":20}},"71":{"start":{"line":107,"column":8},"end":{"line":110,"column":9}},"72":{"start":{"line":108,"column":12},"end":{"line":108,"column":32}},"73":{"start":{"line":109,"column":12},"end":{"line":109,"column":25}},"74":{"start":{"line":111,"column":8},"end":{"line":114,"column":9}},"75":{"start":{"line":112,"column":12},"end":{"line":112,"column":44}},"76":{"start":{"line":113,"column":12},"end":{"line":113,"column":24}},"77":{"start":{"line":117,"column":8},"end":{"line":118,"column":19}},"78":{"start":{"line":118,"column":12},"end":{"line":118,"column":19}},"79":{"start":{"line":119,"column":8},"end":{"line":119,"column":23}},"80":{"start":{"line":120,"column":8},"end":{"line":125,"column":9}},"81":{"start":{"line":121,"column":12},"end":{"line":121,"column":20}},"82":{"start":{"line":123,"column":13},"end":{"line":125,"column":9}},"83":{"start":{"line":124,"column":12},"end":{"line":124,"column":54}},"84":{"start":{"line":127,"column":4},"end":{"line":127,"column":27}},"85":{"start":{"line":131,"column":4},"end":{"line":134,"column":7}},"86":{"start":{"line":132,"column":20},"end":{"line":132,"column":26}},"87":{"start":{"line":133,"column":8},"end":{"line":133,"column":83}},"88":{"start":{"line":136,"column":4},"end":{"line":150,"column":7}},"89":{"start":{"line":137,"column":23},"end":{"line":137,"column":59}},"90":{"start":{"line":138,"column":8},"end":{"line":141,"column":9}},"91":{"start":{"line":139,"column":12},"end":{"line":139,"column":87}},"92":{"start":{"line":140,"column":12},"end":{"line":140,"column":60}},"93":{"start":{"line":142,"column":20},"end":{"line":142,"column":26}},"94":{"start":{"line":143,"column":21},"end":{"line":143,"column":47}},"95":{"start":{"line":144,"column":8},"end":{"line":145,"column":48}},"96":{"start":{"line":145,"column":12},"end":{"line":145,"column":48}},"97":{"start":{"line":146,"column":8},"end":{"line":146,"column":30}},"98":{"start":{"line":147,"column":8},"end":{"line":147,"column":19}},"99":{"start":{"line":148,"column":8},"end":{"line":148,"column":94}},"100":{"start":{"line":149,"column":8},"end":{"line":149,"column":33}},"101":{"start":{"line":152,"column":4},"end":{"line":162,"column":7}},"102":{"start":{"line":153,"column":30},"end":{"line":153,"column":36}},"103":{"start":{"line":154,"column":8},"end":{"line":161,"column":9}},"104":{"start":{"line":155,"column":24},"end":{"line":155,"column":60}},"105":{"start":{"line":156,"column":25},"end":{"line":156,"column":41}},"106":{"start":{"line":157,"column":12},"end":{"line":157,"column":48}},"107":{"start":{"line":157,"column":40},"end":{"line":157,"column":46}},"108":{"start":{"line":160,"column":12},"end":{"line":160,"column":22}},"109":{"start":{"line":164,"column":4},"end":{"line":164,"column":73}},"110":{"start":{"line":164,"column":58},"end":{"line":164,"column":71}},"111":{"start":{"line":166,"column":4},"end":{"line":277,"column":7}},"112":{"start":{"line":167,"column":23},"end":{"line":167,"column":64}},"113":{"start":{"line":168,"column":8},"end":{"line":172,"column":9}},"114":{"start":{"line":169,"column":12},"end":{"line":169,"column":60}},"115":{"start":{"line":170,"column":12},"end":{"line":170,"column":83}},"116":{"start":{"line":171,"column":12},"end":{"line":171,"column":19}},"117":{"start":{"line":173,"column":25},"end":{"line":173,"column":36}},"118":{"start":{"line":174,"column":20},"end":{"line":174,"column":26}},"119":{"start":{"line":175,"column":8},"end":{"line":178,"column":9}},"120":{"start":{"line":176,"column":12},"end":{"line":176,"column":63}},"121":{"start":{"line":177,"column":12},"end":{"line":177,"column":19}},"122":{"start":{"line":179,"column":8},"end":{"line":179,"column":38}},"123":{"start":{"line":180,"column":27},"end":{"line":180,"column":32}},"124":{"start":{"line":181,"column":24},"end":{"line":181,"column":64}},"125":{"start":{"line":182,"column":27},"end":{"line":182,"column":33}},"126":{"start":{"line":183,"column":26},"end":{"line":190,"column":22}},"127":{"start":{"line":184,"column":12},"end":{"line":189,"column":13}},"128":{"start":{"line":185,"column":16},"end":{"line":185,"column":30}},"129":{"start":{"line":186,"column":16},"end":{"line":187,"column":78}},"130":{"start":{"line":187,"column":20},"end":{"line":187,"column":78}},"131":{"start":{"line":188,"column":16},"end":{"line":188,"column":65}},"132":{"start":{"line":191,"column":27},"end":{"line":193,"column":22}},"133":{"start":{"line":194,"column":8},"end":{"line":194,"column":115}},"134":{"start":{"line":195,"column":8},"end":{"line":276,"column":9}},"135":{"start":{"line":196,"column":12},"end":{"line":258,"column":13}},"136":{"start":{"line":198,"column":31},"end":{"line":198,"column":56}},"137":{"start":{"line":199,"column":31},"end":{"line":199,"column":65}},"138":{"start":{"line":200,"column":31},"end":{"line":204,"column":18}},"139":{"start":{"line":205,"column":16},"end":{"line":211,"column":17}},"140":{"start":{"line":206,"column":20},"end":{"line":207,"column":30}},"141":{"start":{"line":207,"column":24},"end":{"line":207,"column":30}},"142":{"start":{"line":208,"column":33},"end":{"line":208,"column":71}},"143":{"start":{"line":209,"column":20},"end":{"line":210,"column":43}},"144":{"start":{"line":210,"column":24},"end":{"line":210,"column":43}},"145":{"start":{"line":213,"column":17},"end":{"line":258,"column":13}},"146":{"start":{"line":215,"column":34},"end":{"line":215,"column":70}},"147":{"start":{"line":216,"column":31},"end":{"line":216,"column":68}},"148":{"start":{"line":217,"column":31},"end":{"line":217,"column":81}},"149":{"start":{"line":217,"column":52},"end":{"line":217,"column":71}},"150":{"start":{"line":218,"column":37},"end":{"line":218,"column":94}},"151":{"start":{"line":218,"column":56},"end":{"line":218,"column":92}},"152":{"start":{"line":219,"column":31},"end":{"line":224,"column":18}},"153":{"start":{"line":225,"column":16},"end":{"line":231,"column":17}},"154":{"start":{"line":226,"column":20},"end":{"line":227,"column":30}},"155":{"start":{"line":227,"column":24},"end":{"line":227,"column":30}},"156":{"start":{"line":228,"column":20},"end":{"line":230,"column":21}},"157":{"start":{"line":229,"column":24},"end":{"line":229,"column":52}},"158":{"start":{"line":235,"column":28},"end":{"line":240,"column":18}},"159":{"start":{"line":241,"column":16},"end":{"line":242,"column":65}},"160":{"start":{"line":242,"column":20},"end":{"line":242,"column":65}},"161":{"start":{"line":243,"column":31},"end":{"line":243,"column":51}},"162":{"start":{"line":244,"column":28},"end":{"line":244,"column":45}},"163":{"start":{"line":245,"column":16},"end":{"line":257,"column":17}},"164":{"start":{"line":246,"column":44},"end":{"line":246,"column":63}},"165":{"start":{"line":247,"column":20},"end":{"line":248,"column":30}},"166":{"start":{"line":248,"column":24},"end":{"line":248,"column":30}},"167":{"start":{"line":249,"column":20},"end":{"line":256,"column":21}},"168":{"start":{"line":250,"column":24},"end":{"line":255,"column":59}},"169":{"start":{"line":251,"column":41},"end":{"line":251,"column":57}},"170":{"start":{"line":252,"column":28},"end":{"line":253,"column":67}},"171":{"start":{"line":253,"column":32},"end":{"line":253,"column":67}},"172":{"start":{"line":259,"column":12},"end":{"line":259,"column":28}},"173":{"start":{"line":260,"column":12},"end":{"line":261,"column":45}},"174":{"start":{"line":261,"column":16},"end":{"line":261,"column":45}},"175":{"start":{"line":262,"column":12},"end":{"line":262,"column":50}},"176":{"start":{"line":265,"column":12},"end":{"line":265,"column":28}},"177":{"start":{"line":266,"column":12},"end":{"line":271,"column":13}},"178":{"start":{"line":267,"column":28},"end":{"line":267,"column":72}},"179":{"start":{"line":268,"column":16},"end":{"line":269,"column":55}},"180":{"start":{"line":269,"column":20},"end":{"line":269,"column":55}},"181":{"start":{"line":270,"column":16},"end":{"line":270,"column":84}},"182":{"start":{"line":274,"column":12},"end":{"line":274,"column":36}},"183":{"start":{"line":275,"column":12},"end":{"line":275,"column":25}},"184":{"start":{"line":279,"column":4},"end":{"line":283,"column":7}},"185":{"start":{"line":280,"column":8},"end":{"line":280,"column":23}},"186":{"start":{"line":281,"column":8},"end":{"line":281,"column":21}},"187":{"start":{"line":282,"column":8},"end":{"line":282,"column":50}},"188":{"start":{"line":286,"column":0},"end":{"line":294,"column":3}},"189":{"start":{"line":287,"column":4},"end":{"line":293,"column":7}},"190":{"start":{"line":288,"column":8},"end":{"line":292,"column":9}},"191":{"start":{"line":289,"column":12},"end":{"line":289,"column":26}},"192":{"start":{"line":290,"column":12},"end":{"line":290,"column":25}},"193":{"start":{"line":291,"column":12},"end":{"line":291,"column":56}}},"fnMap":{"0":{"name":"(anonymous_0)","decl":{"start":{"line":2,"column":74},"end":{"line":2,"column":75}},"loc":{"start":{"line":2,"column":96},"end":{"line":9,"column":1}},"line":2},"1":{"name":"(anonymous_1)","decl":{"start":{"line":6,"column":38},"end":{"line":6,"column":39}},"loc":{"start":{"line":6,"column":49},"end":{"line":6,"column":65}},"line":6},"2":{"name":"(anonymous_2)","decl":{"start":{"line":9,"column":6},"end":{"line":9,"column":7}},"loc":{"start":{"line":9,"column":28},"end":{"line":12,"column":1}},"line":9},"3":{"name":"(anonymous_3)","decl":{"start":{"line":13,"column":80},"end":{"line":13,"column":81}},"loc":{"start":{"line":13,"column":95},"end":{"line":15,"column":1}},"line":13},"4":{"name":"(anonymous_4)","decl":{"start":{"line":15,"column":5},"end":{"line":15,"column":6}},"loc":{"start":{"line":15,"column":20},"end":{"line":17,"column":1}},"line":15},"5":{"name":"(anonymous_5)","decl":{"start":{"line":18,"column":51},"end":{"line":18,"column":52}},"loc":{"start":{"line":18,"column":63},"end":{"line":34,"column":1}},"line":18},"6":{"name":"(anonymous_6)","decl":{"start":{"line":19,"column":18},"end":{"line":19,"column":19}},"loc":{"start":{"line":19,"column":30},"end":{"line":26,"column":5}},"line":19},"7":{"name":"(anonymous_7)","decl":{"start":{"line":20,"column":48},"end":{"line":20,"column":49}},"loc":{"start":{"line":20,"column":61},"end":{"line":24,"column":9}},"line":20},"8":{"name":"(anonymous_8)","decl":{"start":{"line":27,"column":11},"end":{"line":27,"column":12}},"loc":{"start":{"line":27,"column":26},"end":{"line":33,"column":5}},"line":27},"9":{"name":"(anonymous_9)","decl":{"start":{"line":43,"column":20},"end":{"line":43,"column":21}},"loc":{"start":{"line":43,"column":26},"end":{"line":43,"column":89}},"line":43},"10":{"name":"(anonymous_10)","decl":{"start":{"line":66,"column":45},"end":{"line":66,"column":46}},"loc":{"start":{"line":66,"column":52},"end":{"line":66,"column":107}},"line":66},"11":{"name":"load","decl":{"start":{"line":69,"column":9},"end":{"line":69,"column":13}},"loc":{"start":{"line":69,"column":16},"end":{"line":87,"column":1}},"line":69},"12":{"name":"save","decl":{"start":{"line":88,"column":9},"end":{"line":88,"column":13}},"loc":{"start":{"line":88,"column":19},"end":{"line":95,"column":1}},"line":88},"13":{"name":"createChunkBatcher","decl":{"start":{"line":101,"column":9},"end":{"line":101,"column":27}},"loc":{"start":{"line":101,"column":44},"end":{"line":128,"column":1}},"line":101},"14":{"name":"flush","decl":{"start":{"line":106,"column":13},"end":{"line":106,"column":18}},"loc":{"start":{"line":106,"column":21},"end":{"line":115,"column":5}},"line":106},"15":{"name":"push","decl":{"start":{"line":116,"column":13},"end":{"line":116,"column":17}},"loc":{"start":{"line":116,"column":24},"end":{"line":126,"column":5}},"line":116},"16":{"name":"registerAiAssistantHandlers","decl":{"start":{"line":129,"column":9},"end":{"line":129,"column":36}},"loc":{"start":{"line":129,"column":39},"end":{"line":284,"column":1}},"line":129},"17":{"name":"(anonymous_17)","decl":{"start":{"line":131,"column":46},"end":{"line":131,"column":47}},"loc":{"start":{"line":131,"column":52},"end":{"line":134,"column":5}},"line":131},"18":{"name":"(anonymous_18)","decl":{"start":{"line":136,"column":46},"end":{"line":136,"column":47}},"loc":{"start":{"line":136,"column":60},"end":{"line":150,"column":5}},"line":136},"19":{"name":"(anonymous_19)","decl":{"start":{"line":152,"column":52},"end":{"line":152,"column":53}},"loc":{"start":{"line":152,"column":64},"end":{"line":162,"column":5}},"line":152},"20":{"name":"(anonymous_20)","decl":{"start":{"line":157,"column":35},"end":{"line":157,"column":36}},"loc":{"start":{"line":157,"column":40},"end":{"line":157,"column":46}},"line":157},"21":{"name":"(anonymous_21)","decl":{"start":{"line":164,"column":52},"end":{"line":164,"column":53}},"loc":{"start":{"line":164,"column":58},"end":{"line":164,"column":71}},"line":164},"22":{"name":"(anonymous_22)","decl":{"start":{"line":166,"column":41},"end":{"line":166,"column":42}},"loc":{"start":{"line":166,"column":71},"end":{"line":277,"column":5}},"line":166},"23":{"name":"(anonymous_23)","decl":{"start":{"line":183,"column":37},"end":{"line":183,"column":38}},"loc":{"start":{"line":183,"column":43},"end":{"line":190,"column":9}},"line":183},"24":{"name":"(anonymous_24)","decl":{"start":{"line":217,"column":47},"end":{"line":217,"column":48}},"loc":{"start":{"line":217,"column":52},"end":{"line":217,"column":71}},"line":217},"25":{"name":"(anonymous_25)","decl":{"start":{"line":218,"column":50},"end":{"line":218,"column":51}},"loc":{"start":{"line":218,"column":56},"end":{"line":218,"column":92}},"line":218},"26":{"name":"(anonymous_26)","decl":{"start":{"line":279,"column":43},"end":{"line":279,"column":44}},"loc":{"start":{"line":279,"column":49},"end":{"line":283,"column":5}},"line":279},"27":{"name":"(anonymous_27)","decl":{"start":{"line":286,"column":44},"end":{"line":286,"column":45}},"loc":{"start":{"line":286,"column":56},"end":{"line":294,"column":1}},"line":286},"28":{"name":"(anonymous_28)","decl":{"start":{"line":287,"column":36},"end":{"line":287,"column":37}},"loc":{"start":{"line":287,"column":42},"end":{"line":293,"column":5}},"line":287}},"branchMap":{"0":{"loc":{"start":{"line":2,"column":22},"end":{"line":12,"column":3}},"type":"binary-expr","locations":[{"start":{"line":2,"column":23},"end":{"line":2,"column":27}},{"start":{"line":2,"column":31},"end":{"line":2,"column":51}},{"start":{"line":2,"column":57},"end":{"line":12,"column":2}}],"line":2},"1":{"loc":{"start":{"line":2,"column":57},"end":{"line":12,"column":2}},"type":"cond-expr","locations":[{"start":{"line":2,"column":74},"end":{"line":9,"column":1}},{"start":{"line":9,"column":6},"end":{"line":12,"column":1}}],"line":2},"2":{"loc":{"start":{"line":3,"column":4},"end":{"line":3,"column":33}},"type":"if","locations":[{"start":{"line":3,"column":4},"end":{"line":3,"column":33}},{"start":{},"end":{}}],"line":3},"3":{"loc":{"start":{"line":5,"column":4},"end":{"line":7,"column":5}},"type":"if","locations":[{"start":{"line":5,"column":4},"end":{"line":7,"column":5}},{"start":{},"end":{}}],"line":5},"4":{"loc":{"start":{"line":5,"column":8},"end":{"line":5,"column":85}},"type":"binary-expr","locations":[{"start":{"line":5,"column":8},"end":{"line":5,"column":13}},{"start":{"line":5,"column":18},"end":{"line":5,"column":84}}],"line":5},"5":{"loc":{"start":{"line":5,"column":18},"end":{"line":5,"column":84}},"type":"cond-expr","locations":[{"start":{"line":5,"column":34},"end":{"line":5,"column":47}},{"start":{"line":5,"column":50},"end":{"line":5,"column":84}}],"line":5},"6":{"loc":{"start":{"line":5,"column":50},"end":{"line":5,"column":84}},"type":"binary-expr","locations":[{"start":{"line":5,"column":50},"end":{"line":5,"column":63}},{"start":{"line":5,"column":67},"end":{"line":5,"column":84}}],"line":5},"7":{"loc":{"start":{"line":10,"column":4},"end":{"line":10,"column":33}},"type":"if","locations":[{"start":{"line":10,"column":4},"end":{"line":10,"column":33}},{"start":{},"end":{}}],"line":10},"8":{"loc":{"start":{"line":13,"column":25},"end":{"line":17,"column":2}},"type":"binary-expr","locations":[{"start":{"line":13,"column":26},"end":{"line":13,"column":30}},{"start":{"line":13,"column":34},"end":{"line":13,"column":57}},{"start":{"line":13,"column":63},"end":{"line":17,"column":1}}],"line":13},"9":{"loc":{"start":{"line":13,"column":63},"end":{"line":17,"column":1}},"type":"cond-expr","locations":[{"start":{"line":13,"column":80},"end":{"line":15,"column":1}},{"start":{"line":15,"column":5},"end":{"line":17,"column":1}}],"line":13},"10":{"loc":{"start":{"line":18,"column":19},"end":{"line":34,"column":4}},"type":"binary-expr","locations":[{"start":{"line":18,"column":20},"end":{"line":18,"column":24}},{"start":{"line":18,"column":28},"end":{"line":18,"column":45}},{"start":{"line":18,"column":50},"end":{"line":34,"column":4}}],"line":18},"11":{"loc":{"start":{"line":20,"column":18},"end":{"line":24,"column":9}},"type":"binary-expr","locations":[{"start":{"line":20,"column":18},"end":{"line":20,"column":44}},{"start":{"line":20,"column":48},"end":{"line":24,"column":9}}],"line":20},"12":{"loc":{"start":{"line":22,"column":29},"end":{"line":22,"column":95}},"type":"if","locations":[{"start":{"line":22,"column":29},"end":{"line":22,"column":95}},{"start":{},"end":{}}],"line":22},"13":{"loc":{"start":{"line":28,"column":8},"end":{"line":28,"column":46}},"type":"if","locations":[{"start":{"line":28,"column":8},"end":{"line":28,"column":46}},{"start":{},"end":{}}],"line":28},"14":{"loc":{"start":{"line":28,"column":12},"end":{"line":28,"column":33}},"type":"binary-expr","locations":[{"start":{"line":28,"column":12},"end":{"line":28,"column":15}},{"start":{"line":28,"column":19},"end":{"line":28,"column":33}}],"line":28},"15":{"loc":{"start":{"line":30,"column":8},"end":{"line":30,"column":137}},"type":"if","locations":[{"start":{"line":30,"column":8},"end":{"line":30,"column":137}},{"start":{},"end":{}}],"line":30},"16":{"loc":{"start":{"line":30,"column":78},"end":{"line":30,"column":137}},"type":"if","locations":[{"start":{"line":30,"column":78},"end":{"line":30,"column":137}},{"start":{},"end":{}}],"line":30},"17":{"loc":{"start":{"line":66,"column":52},"end":{"line":66,"column":107}},"type":"binary-expr","locations":[{"start":{"line":66,"column":52},"end":{"line":66,"column":77}},{"start":{"line":66,"column":81},"end":{"line":66,"column":107}}],"line":66},"18":{"loc":{"start":{"line":72,"column":8},"end":{"line":80,"column":9}},"type":"if","locations":[{"start":{"line":72,"column":8},"end":{"line":80,"column":9}},{"start":{},"end":{}}],"line":72},"19":{"loc":{"start":{"line":72,"column":12},"end":{"line":72,"column":84}},"type":"binary-expr","locations":[{"start":{"line":72,"column":12},"end":{"line":72,"column":20}},{"start":{"line":72,"column":24},"end":{"line":72,"column":34}},{"start":{"line":72,"column":38},"end":{"line":72,"column":84}}],"line":72},"20":{"loc":{"start":{"line":90,"column":4},"end":{"line":93,"column":5}},"type":"if","locations":[{"start":{"line":90,"column":4},"end":{"line":93,"column":5}},{"start":{},"end":{}}],"line":90},"21":{"loc":{"start":{"line":90,"column":8},"end":{"line":90,"column":68}},"type":"binary-expr","locations":[{"start":{"line":90,"column":8},"end":{"line":90,"column":18}},{"start":{"line":90,"column":22},"end":{"line":90,"column":68}}],"line":90},"22":{"loc":{"start":{"line":107,"column":8},"end":{"line":110,"column":9}},"type":"if","locations":[{"start":{"line":107,"column":8},"end":{"line":110,"column":9}},{"start":{},"end":{}}],"line":107},"23":{"loc":{"start":{"line":111,"column":8},"end":{"line":114,"column":9}},"type":"if","locations":[{"start":{"line":111,"column":8},"end":{"line":114,"column":9}},{"start":{},"end":{}}],"line":111},"24":{"loc":{"start":{"line":111,"column":12},"end":{"line":111,"column":62}},"type":"binary-expr","locations":[{"start":{"line":111,"column":12},"end":{"line":111,"column":18}},{"start":{"line":111,"column":22},"end":{"line":111,"column":43}},{"start":{"line":111,"column":47},"end":{"line":111,"column":62}}],"line":111},"25":{"loc":{"start":{"line":117,"column":8},"end":{"line":118,"column":19}},"type":"if","locations":[{"start":{"line":117,"column":8},"end":{"line":118,"column":19}},{"start":{},"end":{}}],"line":117},"26":{"loc":{"start":{"line":120,"column":8},"end":{"line":125,"column":9}},"type":"if","locations":[{"start":{"line":120,"column":8},"end":{"line":125,"column":9}},{"start":{"line":123,"column":13},"end":{"line":125,"column":9}}],"line":120},"27":{"loc":{"start":{"line":123,"column":13},"end":{"line":125,"column":9}},"type":"if","locations":[{"start":{"line":123,"column":13},"end":{"line":125,"column":9}},{"start":{},"end":{}}],"line":123},"28":{"loc":{"start":{"line":133,"column":33},"end":{"line":133,"column":80}},"type":"cond-expr","locations":[{"start":{"line":133,"column":46},"end":{"line":133,"column":75}},{"start":{"line":133,"column":78},"end":{"line":133,"column":80}}],"line":133},"29":{"loc":{"start":{"line":138,"column":8},"end":{"line":141,"column":9}},"type":"if","locations":[{"start":{"line":138,"column":8},"end":{"line":141,"column":9}},{"start":{},"end":{}}],"line":138},"30":{"loc":{"start":{"line":144,"column":8},"end":{"line":145,"column":48}},"type":"if","locations":[{"start":{"line":144,"column":8},"end":{"line":145,"column":48}},{"start":{},"end":{}}],"line":144},"31":{"loc":{"start":{"line":168,"column":8},"end":{"line":172,"column":9}},"type":"if","locations":[{"start":{"line":168,"column":8},"end":{"line":172,"column":9}},{"start":{},"end":{}}],"line":168},"32":{"loc":{"start":{"line":175,"column":8},"end":{"line":178,"column":9}},"type":"if","locations":[{"start":{"line":175,"column":8},"end":{"line":178,"column":9}},{"start":{},"end":{}}],"line":175},"33":{"loc":{"start":{"line":175,"column":12},"end":{"line":175,"column":52}},"type":"binary-expr","locations":[{"start":{"line":175,"column":12},"end":{"line":175,"column":23}},{"start":{"line":175,"column":27},"end":{"line":175,"column":52}}],"line":175},"34":{"loc":{"start":{"line":184,"column":12},"end":{"line":189,"column":13}},"type":"if","locations":[{"start":{"line":184,"column":12},"end":{"line":189,"column":13}},{"start":{},"end":{}}],"line":184},"35":{"loc":{"start":{"line":186,"column":16},"end":{"line":187,"column":78}},"type":"if","locations":[{"start":{"line":186,"column":16},"end":{"line":187,"column":78}},{"start":{},"end":{}}],"line":186},"36":{"loc":{"start":{"line":191,"column":27},"end":{"line":193,"column":22}},"type":"cond-expr","locations":[{"start":{"line":192,"column":14},"end":{"line":192,"column":74}},{"start":{"line":193,"column":14},"end":{"line":193,"column":22}}],"line":191},"37":{"loc":{"start":{"line":196,"column":12},"end":{"line":258,"column":13}},"type":"if","locations":[{"start":{"line":196,"column":12},"end":{"line":258,"column":13}},{"start":{"line":213,"column":17},"end":{"line":258,"column":13}}],"line":196},"38":{"loc":{"start":{"line":201,"column":27},"end":{"line":201,"column":53}},"type":"binary-expr","locations":[{"start":{"line":201,"column":27},"end":{"line":201,"column":36}},{"start":{"line":201,"column":40},"end":{"line":201,"column":53}}],"line":201},"39":{"loc":{"start":{"line":206,"column":20},"end":{"line":207,"column":30}},"type":"if","locations":[{"start":{"line":206,"column":20},"end":{"line":207,"column":30}},{"start":{},"end":{}}],"line":206},"40":{"loc":{"start":{"line":208,"column":33},"end":{"line":208,"column":71}},"type":"binary-expr","locations":[{"start":{"line":208,"column":33},"end":{"line":208,"column":65}},{"start":{"line":208,"column":69},"end":{"line":208,"column":71}}],"line":208},"41":{"loc":{"start":{"line":209,"column":20},"end":{"line":210,"column":43}},"type":"if","locations":[{"start":{"line":209,"column":20},"end":{"line":210,"column":43}},{"start":{},"end":{}}],"line":209},"42":{"loc":{"start":{"line":213,"column":17},"end":{"line":258,"column":13}},"type":"if","locations":[{"start":{"line":213,"column":17},"end":{"line":258,"column":13}},{"start":{"line":233,"column":17},"end":{"line":258,"column":13}}],"line":213},"43":{"loc":{"start":{"line":220,"column":27},"end":{"line":220,"column":67}},"type":"binary-expr","locations":[{"start":{"line":220,"column":27},"end":{"line":220,"column":36}},{"start":{"line":220,"column":40},"end":{"line":220,"column":67}}],"line":220},"44":{"loc":{"start":{"line":222,"column":24},"end":{"line":222,"column":48}},"type":"cond-expr","locations":[{"start":{"line":222,"column":33},"end":{"line":222,"column":43}},{"start":{"line":222,"column":46},"end":{"line":222,"column":48}}],"line":222},"45":{"loc":{"start":{"line":226,"column":20},"end":{"line":227,"column":30}},"type":"if","locations":[{"start":{"line":226,"column":20},"end":{"line":227,"column":30}},{"start":{},"end":{}}],"line":226},"46":{"loc":{"start":{"line":228,"column":20},"end":{"line":230,"column":21}},"type":"if","locations":[{"start":{"line":228,"column":20},"end":{"line":230,"column":21}},{"start":{},"end":{}}],"line":228},"47":{"loc":{"start":{"line":228,"column":24},"end":{"line":228,"column":91}},"type":"binary-expr","locations":[{"start":{"line":228,"column":24},"end":{"line":228,"column":57}},{"start":{"line":228,"column":61},"end":{"line":228,"column":91}}],"line":228},"48":{"loc":{"start":{"line":241,"column":16},"end":{"line":242,"column":65}},"type":"if","locations":[{"start":{"line":241,"column":16},"end":{"line":242,"column":65}},{"start":{},"end":{}}],"line":241},"49":{"loc":{"start":{"line":241,"column":20},"end":{"line":241,"column":40}},"type":"binary-expr","locations":[{"start":{"line":241,"column":20},"end":{"line":241,"column":27}},{"start":{"line":241,"column":31},"end":{"line":241,"column":40}}],"line":241},"50":{"loc":{"start":{"line":247,"column":20},"end":{"line":248,"column":30}},"type":"if","locations":[{"start":{"line":247,"column":20},"end":{"line":248,"column":30}},{"start":{},"end":{}}],"line":247},"51":{"loc":{"start":{"line":247,"column":24},"end":{"line":247,"column":46}},"type":"binary-expr","locations":[{"start":{"line":247,"column":24},"end":{"line":247,"column":28}},{"start":{"line":247,"column":32},"end":{"line":247,"column":46}}],"line":247},"52":{"loc":{"start":{"line":252,"column":28},"end":{"line":253,"column":67}},"type":"if","locations":[{"start":{"line":252,"column":28},"end":{"line":253,"column":67}},{"start":{},"end":{}}],"line":252},"53":{"loc":{"start":{"line":260,"column":12},"end":{"line":261,"column":45}},"type":"if","locations":[{"start":{"line":260,"column":12},"end":{"line":261,"column":45}},{"start":{},"end":{}}],"line":260},"54":{"loc":{"start":{"line":266,"column":12},"end":{"line":271,"column":13}},"type":"if","locations":[{"start":{"line":266,"column":12},"end":{"line":271,"column":13}},{"start":{},"end":{}}],"line":266},"55":{"loc":{"start":{"line":267,"column":28},"end":{"line":267,"column":72}},"type":"cond-expr","locations":[{"start":{"line":267,"column":49},"end":{"line":267,"column":58}},{"start":{"line":267,"column":61},"end":{"line":267,"column":72}}],"line":267},"56":{"loc":{"start":{"line":268,"column":16},"end":{"line":269,"column":55}},"type":"if","locations":[{"start":{"line":268,"column":16},"end":{"line":269,"column":55}},{"start":{},"end":{}}],"line":268},"57":{"loc":{"start":{"line":288,"column":8},"end":{"line":292,"column":9}},"type":"if","locations":[{"start":{"line":288,"column":8},"end":{"line":292,"column":9}},{"start":{},"end":{}}],"line":288}},"s":{"0":0,"1":0,"2":0,"3":0,"4":0,"5":0,"6":0,"7":0,"8":0,"9":0,"10":0,"11":0,"12":0,"13":0,"14":0,"15":0,"16":0,"17":0,"18":0,"19":0,"20":0,"21":0,"22":0,"23":0,"24":0,"25":0,"26":0,"27":0,"28":0,"29":0,"30":0,"31":0,"32":0,"33":0,"34":0,"35":0,"36":0,"37":0,"38":0,"39":0,"40":0,"41":0,"42":0,"43":0,"44":0,"45":0,"46":0,"47":0,"48":0,"49":0,"50":0,"51":0,"52":0,"53":0,"54":0,"55":0,"56":0,"57":0,"58":0,"59":0,"60":0,"61":0,"62":0,"63":0,"64":0,"65":0,"66":0,"67":0,"68":0,"69":0,"70":0,"71":0,"72":0,"73":0,"74":0,"75":0,"76":0,"77":0,"78":0,"79":0,"80":0,"81":0,"82":0,"83":0,"84":0,"85":0,"86":0,"87":0,"88":0,"89":0,"90":0,"91":0,"92":0,"93":0,"94":0,"95":0,"96":0,"97":0,"98":0,"99":0,"100":0,"101":0,"102":0,"103":0,"104":0,"105":0,"106":0,"107":0,"108":0,"109":0,"110":0,"111":0,"112":0,"113":0,"114":0,"115":0,"116":0,"117":0,"118":0,"119":0,"120":0,"121":0,"122":0,"123":0,"124":0,"125":0,"126":0,"127":0,"128":0,"129":0,"130":0,"131":0,"132":0,"133":0,"134":0,"135":0,"136":0,"137":0,"138":0,"139":0,"140":0,"141":0,"142":0,"143":0,"144":0,"145":0,"146":0,"147":0,"148":0,"149":0,"150":0,"151":0,"152":0,"153":0,"154":0,"155":0,"156":0,"157":0,"158":0,"159":0,"160":0,"161":0,"162":0,"163":0,"164":0,"165":0,"166":0,"167":0,"168":0,"169":0,"170":0,"171":0,"172":0,"173":0,"174":0,"175":0,"176":0,"177":0,"178":0,"179":0,"180":0,"181":0,"182":0,"183":0,"184":0,"185":0,"186":0,"187":0,"188":0,"189":0,"190":0,"191":0,"192":0,"193":0},"f":{"0":0,"1":0,"2":0,"3":0,"4":0,"5":0,"6":0,"7":0,"8":0,"9":0,"10":0,"11":0,"12":0,"13":0,"14":0,"15":0,"16":0,"17":0,"18":0,"19":0,"20":0,"21":0,"22":0,"23":0,"24":0,"25":0,"26":0,"27":0,"28":0},"b":{"0":[0,0,0],"1":[0,0],"2":[0,0],"3":[0,0],"4":[0,0],"5":[0,0],"6":[0,0],"7":[0,0],"8":[0,0,0],"9":[0,0],"10":[0,0,0],"11":[0,0],"12":[0,0],"13":[0,0],"14":[0,0],"15":[0,0],"16":[0,0],"17":[0,0],"18":[0,0],"19":[0,0,0],"20":[0,0],"21":[0,0],"22":[0,0],"23":[0,0],"24":[0,0,0],"25":[0,0],"26":[0,0],"27":[0,0],"28":[0,0],"29":[0,0],"30":[0,0],"31":[0,0],"32":[0,0],"33":[0,0],"34":[0,0],"35":[0,0],"36":[0,0],"37":[0,0],"38":[0,0],"39":[0,0],"40":[0,0],"41":[0,0],"42":[0,0],"43":[0,0],"44":[0,0],"45":[0,0],"46":[0,0],"47":[0,0],"48":[0,0],"49":[0,0],"50":[0,0],"51":[0,0],"52":[0,0],"53":[0,0],"54":[0,0],"55":[0,0],"56":[0,0],"57":[0,0]}}
,"/Users/innosose/Documents/gesellschaft/src/main/autoOrganize.ts": {"path":"/Users/innosose/Documents/gesellschaft/src/main/autoOrganize.ts","statementMap":{"0":{"start":{"line":2,"column":22},"end":{"line":12,"column":3}},"1":{"start":{"line":3,"column":4},"end":{"line":3,"column":33}},"2":{"start":{"line":3,"column":26},"end":{"line":3,"column":33}},"3":{"start":{"line":4,"column":15},"end":{"line":4,"column":52}},"4":{"start":{"line":5,"column":4},"end":{"line":7,"column":5}},"5":{"start":{"line":6,"column":6},"end":{"line":6,"column":68}},"6":{"start":{"line":6,"column":51},"end":{"line":6,"column":63}},"7":{"start":{"line":8,"column":4},"end":{"line":8,"column":39}},"8":{"start":{"line":10,"column":4},"end":{"line":10,"column":33}},"9":{"start":{"line":10,"column":26},"end":{"line":10,"column":33}},"10":{"start":{"line":11,"column":4},"end":{"line":11,"column":17}},"11":{"start":{"line":13,"column":25},"end":{"line":17,"column":2}},"12":{"start":{"line":14,"column":4},"end":{"line":14,"column":72}},"13":{"start":{"line":16,"column":4},"end":{"line":16,"column":21}},"14":{"start":{"line":18,"column":19},"end":{"line":34,"column":4}},"15":{"start":{"line":19,"column":18},"end":{"line":26,"column":5}},"16":{"start":{"line":20,"column":8},"end":{"line":24,"column":10}},"17":{"start":{"line":21,"column":21},"end":{"line":21,"column":23}},"18":{"start":{"line":22,"column":12},"end":{"line":22,"column":95}},"19":{"start":{"line":22,"column":29},"end":{"line":22,"column":95}},"20":{"start":{"line":22,"column":77},"end":{"line":22,"column":95}},"21":{"start":{"line":23,"column":12},"end":{"line":23,"column":22}},"22":{"start":{"line":25,"column":8},"end":{"line":25,"column":26}},"23":{"start":{"line":27,"column":4},"end":{"line":33,"column":6}},"24":{"start":{"line":28,"column":8},"end":{"line":28,"column":46}},"25":{"start":{"line":28,"column":35},"end":{"line":28,"column":46}},"26":{"start":{"line":29,"column":21},"end":{"line":29,"column":23}},"27":{"start":{"line":30,"column":8},"end":{"line":30,"column":137}},"28":{"start":{"line":30,"column":25},"end":{"line":30,"column":137}},"29":{"start":{"line":30,"column":38},"end":{"line":30,"column":50}},"30":{"start":{"line":30,"column":56},"end":{"line":30,"column":57}},"31":{"start":{"line":30,"column":78},"end":{"line":30,"column":137}},"32":{"start":{"line":30,"column":102},"end":{"line":30,"column":137}},"33":{"start":{"line":31,"column":8},"end":{"line":31,"column":40}},"34":{"start":{"line":32,"column":8},"end":{"line":32,"column":22}},"35":{"start":{"line":35,"column":22},"end":{"line":37,"column":1}},"36":{"start":{"line":36,"column":4},"end":{"line":36,"column":62}},"37":{"start":{"line":38,"column":0},"end":{"line":38,"column":62}},"38":{"start":{"line":39,"column":0},"end":{"line":39,"column":68}},"39":{"start":{"line":40,"column":19},"end":{"line":40,"column":38}},"40":{"start":{"line":41,"column":13},"end":{"line":41,"column":43}},"41":{"start":{"line":42,"column":15},"end":{"line":42,"column":47}},"42":{"start":{"line":43,"column":14},"end":{"line":43,"column":28}},"43":{"start":{"line":44,"column":17},"end":{"line":44,"column":50}},"44":{"start":{"line":45,"column":24},"end":{"line":48,"column":2}},"45":{"start":{"line":49,"column":27},"end":{"line":60,"column":2}},"46":{"start":{"line":61,"column":21},"end":{"line":61,"column":44}},"47":{"start":{"line":63,"column":4},"end":{"line":63,"column":90}},"48":{"start":{"line":66,"column":4},"end":{"line":75,"column":5}},"49":{"start":{"line":67,"column":20},"end":{"line":67,"column":82}},"50":{"start":{"line":68,"column":8},"end":{"line":68,"column":45}},"51":{"start":{"line":71,"column":8},"end":{"line":73,"column":9}},"52":{"start":{"line":72,"column":12},"end":{"line":72,"column":66}},"53":{"start":{"line":74,"column":8},"end":{"line":74,"column":18}},"54":{"start":{"line":78,"column":4},"end":{"line":83,"column":5}},"55":{"start":{"line":79,"column":8},"end":{"line":79,"column":83}},"56":{"start":{"line":82,"column":8},"end":{"line":82,"column":63}},"57":{"start":{"line":86,"column":4},"end":{"line":86,"column":76}},"58":{"start":{"line":86,"column":63},"end":{"line":86,"column":74}},"59":{"start":{"line":87,"column":4},"end":{"line":105,"column":7}},"60":{"start":{"line":88,"column":23},"end":{"line":88,"column":56}},"61":{"start":{"line":89,"column":8},"end":{"line":92,"column":9}},"62":{"start":{"line":90,"column":12},"end":{"line":90,"column":92}},"63":{"start":{"line":91,"column":12},"end":{"line":91,"column":63}},"64":{"start":{"line":93,"column":21},"end":{"line":93,"column":32}},"65":{"start":{"line":94,"column":22},"end":{"line":94,"column":33}},"66":{"start":{"line":95,"column":20},"end":{"line":95,"column":58}},"67":{"start":{"line":95,"column":41},"end":{"line":95,"column":57}},"68":{"start":{"line":96,"column":8},"end":{"line":101,"column":9}},"69":{"start":{"line":97,"column":12},"end":{"line":97,"column":30}},"70":{"start":{"line":100,"column":12},"end":{"line":100,"column":29}},"71":{"start":{"line":102,"column":8},"end":{"line":102,"column":25}},"72":{"start":{"line":103,"column":8},"end":{"line":103,"column":88}},"73":{"start":{"line":104,"column":8},"end":{"line":104,"column":33}},"74":{"start":{"line":106,"column":4},"end":{"line":114,"column":7}},"75":{"start":{"line":107,"column":23},"end":{"line":107,"column":50}},"76":{"start":{"line":108,"column":8},"end":{"line":109,"column":59}},"77":{"start":{"line":109,"column":12},"end":{"line":109,"column":59}},"78":{"start":{"line":110,"column":22},"end":{"line":110,"column":67}},"79":{"start":{"line":110,"column":46},"end":{"line":110,"column":66}},"80":{"start":{"line":111,"column":8},"end":{"line":111,"column":25}},"81":{"start":{"line":112,"column":8},"end":{"line":112,"column":74}},"82":{"start":{"line":113,"column":8},"end":{"line":113,"column":33}},"83":{"start":{"line":115,"column":4},"end":{"line":166,"column":7}},"84":{"start":{"line":116,"column":23},"end":{"line":116,"column":56}},"85":{"start":{"line":117,"column":8},"end":{"line":120,"column":9}},"86":{"start":{"line":118,"column":12},"end":{"line":118,"column":91}},"87":{"start":{"line":119,"column":12},"end":{"line":119,"column":76}},"88":{"start":{"line":121,"column":21},"end":{"line":121,"column":32}},"89":{"start":{"line":122,"column":24},"end":{"line":122,"column":26}},"90":{"start":{"line":123,"column":8},"end":{"line":163,"column":9}},"91":{"start":{"line":124,"column":28},"end":{"line":124,"column":93}},"92":{"start":{"line":125,"column":12},"end":{"line":158,"column":13}},"93":{"start":{"line":126,"column":16},"end":{"line":127,"column":29}},"94":{"start":{"line":127,"column":20},"end":{"line":127,"column":29}},"95":{"start":{"line":128,"column":33},"end":{"line":128,"column":80}},"96":{"start":{"line":129,"column":16},"end":{"line":156,"column":17}},"97":{"start":{"line":130,"column":34},"end":{"line":130,"column":65}},"98":{"start":{"line":131,"column":20},"end":{"line":132,"column":33}},"99":{"start":{"line":132,"column":24},"end":{"line":132,"column":33}},"100":{"start":{"line":133,"column":36},"end":{"line":133,"column":57}},"101":{"start":{"line":134,"column":20},"end":{"line":142,"column":21}},"102":{"start":{"line":135,"column":36},"end":{"line":135,"column":92}},"103":{"start":{"line":136,"column":24},"end":{"line":136,"column":86}},"104":{"start":{"line":138,"column":25},"end":{"line":142,"column":21}},"105":{"start":{"line":139,"column":37},"end":{"line":139,"column":60}},"106":{"start":{"line":140,"column":38},"end":{"line":140,"column":109}},"107":{"start":{"line":141,"column":24},"end":{"line":141,"column":74}},"108":{"start":{"line":143,"column":20},"end":{"line":143,"column":75}},"109":{"start":{"line":144,"column":37},"end":{"line":144,"column":79}},"110":{"start":{"line":145,"column":20},"end":{"line":150,"column":21}},"111":{"start":{"line":146,"column":24},"end":{"line":146,"column":68}},"112":{"start":{"line":149,"column":24},"end":{"line":149,"column":70}},"113":{"start":{"line":151,"column":20},"end":{"line":151,"column":94}},"114":{"start":{"line":154,"column":20},"end":{"line":154,"column":91}},"115":{"start":{"line":155,"column":20},"end":{"line":155,"column":115}},"116":{"start":{"line":157,"column":16},"end":{"line":157,"column":71}},"117":{"start":{"line":161,"column":12},"end":{"line":161,"column":94}},"118":{"start":{"line":162,"column":12},"end":{"line":162,"column":67}},"119":{"start":{"line":164,"column":8},"end":{"line":164,"column":118}},"120":{"start":{"line":164,"column":76},"end":{"line":164,"column":85}},"121":{"start":{"line":165,"column":8},"end":{"line":165,"column":42}},"122":{"start":{"line":169,"column":4},"end":{"line":213,"column":5}},"123":{"start":{"line":170,"column":8},"end":{"line":212,"column":9}},"124":{"start":{"line":172,"column":28},"end":{"line":172,"column":70}},"125":{"start":{"line":173,"column":32},"end":{"line":173,"column":86}},"126":{"start":{"line":173,"column":63},"end":{"line":173,"column":85}},"127":{"start":{"line":174,"column":16},"end":{"line":175,"column":33}},"128":{"start":{"line":175,"column":20},"end":{"line":175,"column":33}},"129":{"start":{"line":176,"column":16},"end":{"line":176,"column":22}},"130":{"start":{"line":179,"column":16},"end":{"line":180,"column":33}},"131":{"start":{"line":180,"column":20},"end":{"line":180,"column":33}},"132":{"start":{"line":181,"column":16},"end":{"line":181,"column":22}},"133":{"start":{"line":183,"column":30},"end":{"line":183,"column":54}},"134":{"start":{"line":184,"column":16},"end":{"line":185,"column":33}},"135":{"start":{"line":185,"column":20},"end":{"line":185,"column":33}},"136":{"start":{"line":186,"column":16},"end":{"line":186,"column":22}},"137":{"start":{"line":189,"column":30},"end":{"line":189,"column":54}},"138":{"start":{"line":190,"column":16},"end":{"line":191,"column":33}},"139":{"start":{"line":191,"column":20},"end":{"line":191,"column":33}},"140":{"start":{"line":192,"column":16},"end":{"line":192,"column":22}},"141":{"start":{"line":195,"column":29},"end":{"line":195,"column":53}},"142":{"start":{"line":196,"column":16},"end":{"line":197,"column":33}},"143":{"start":{"line":197,"column":20},"end":{"line":197,"column":33}},"144":{"start":{"line":198,"column":31},"end":{"line":198,"column":61}},"145":{"start":{"line":199,"column":16},"end":{"line":200,"column":33}},"146":{"start":{"line":200,"column":20},"end":{"line":200,"column":33}},"147":{"start":{"line":201,"column":16},"end":{"line":201,"column":22}},"148":{"start":{"line":204,"column":29},"end":{"line":204,"column":53}},"149":{"start":{"line":205,"column":16},"end":{"line":206,"column":33}},"150":{"start":{"line":206,"column":20},"end":{"line":206,"column":33}},"151":{"start":{"line":207,"column":31},"end":{"line":207,"column":61}},"152":{"start":{"line":208,"column":16},"end":{"line":209,"column":33}},"153":{"start":{"line":209,"column":20},"end":{"line":209,"column":33}},"154":{"start":{"line":210,"column":16},"end":{"line":210,"column":22}},"155":{"start":{"line":214,"column":4},"end":{"line":214,"column":16}}},"fnMap":{"0":{"name":"(anonymous_0)","decl":{"start":{"line":2,"column":74},"end":{"line":2,"column":75}},"loc":{"start":{"line":2,"column":96},"end":{"line":9,"column":1}},"line":2},"1":{"name":"(anonymous_1)","decl":{"start":{"line":6,"column":38},"end":{"line":6,"column":39}},"loc":{"start":{"line":6,"column":49},"end":{"line":6,"column":65}},"line":6},"2":{"name":"(anonymous_2)","decl":{"start":{"line":9,"column":6},"end":{"line":9,"column":7}},"loc":{"start":{"line":9,"column":28},"end":{"line":12,"column":1}},"line":9},"3":{"name":"(anonymous_3)","decl":{"start":{"line":13,"column":80},"end":{"line":13,"column":81}},"loc":{"start":{"line":13,"column":95},"end":{"line":15,"column":1}},"line":13},"4":{"name":"(anonymous_4)","decl":{"start":{"line":15,"column":5},"end":{"line":15,"column":6}},"loc":{"start":{"line":15,"column":20},"end":{"line":17,"column":1}},"line":15},"5":{"name":"(anonymous_5)","decl":{"start":{"line":18,"column":51},"end":{"line":18,"column":52}},"loc":{"start":{"line":18,"column":63},"end":{"line":34,"column":1}},"line":18},"6":{"name":"(anonymous_6)","decl":{"start":{"line":19,"column":18},"end":{"line":19,"column":19}},"loc":{"start":{"line":19,"column":30},"end":{"line":26,"column":5}},"line":19},"7":{"name":"(anonymous_7)","decl":{"start":{"line":20,"column":48},"end":{"line":20,"column":49}},"loc":{"start":{"line":20,"column":61},"end":{"line":24,"column":9}},"line":20},"8":{"name":"(anonymous_8)","decl":{"start":{"line":27,"column":11},"end":{"line":27,"column":12}},"loc":{"start":{"line":27,"column":26},"end":{"line":33,"column":5}},"line":27},"9":{"name":"(anonymous_9)","decl":{"start":{"line":35,"column":56},"end":{"line":35,"column":57}},"loc":{"start":{"line":35,"column":71},"end":{"line":37,"column":1}},"line":35},"10":{"name":"getRulesPath","decl":{"start":{"line":62,"column":9},"end":{"line":62,"column":21}},"loc":{"start":{"line":62,"column":24},"end":{"line":64,"column":1}},"line":62},"11":{"name":"loadRules","decl":{"start":{"line":65,"column":9},"end":{"line":65,"column":18}},"loc":{"start":{"line":65,"column":21},"end":{"line":76,"column":1}},"line":65},"12":{"name":"saveRules","decl":{"start":{"line":77,"column":9},"end":{"line":77,"column":18}},"loc":{"start":{"line":77,"column":26},"end":{"line":84,"column":1}},"line":77},"13":{"name":"registerAutoOrganizeHandlers","decl":{"start":{"line":85,"column":9},"end":{"line":85,"column":37}},"loc":{"start":{"line":85,"column":40},"end":{"line":167,"column":1}},"line":85},"14":{"name":"(anonymous_14)","decl":{"start":{"line":86,"column":51},"end":{"line":86,"column":52}},"loc":{"start":{"line":86,"column":63},"end":{"line":86,"column":74}},"line":86},"15":{"name":"(anonymous_15)","decl":{"start":{"line":87,"column":51},"end":{"line":87,"column":52}},"loc":{"start":{"line":87,"column":69},"end":{"line":105,"column":5}},"line":87},"16":{"name":"(anonymous_16)","decl":{"start":{"line":95,"column":36},"end":{"line":95,"column":37}},"loc":{"start":{"line":95,"column":41},"end":{"line":95,"column":57}},"line":95},"17":{"name":"(anonymous_17)","decl":{"start":{"line":106,"column":53},"end":{"line":106,"column":54}},"loc":{"start":{"line":106,"column":71},"end":{"line":114,"column":5}},"line":106},"18":{"name":"(anonymous_18)","decl":{"start":{"line":110,"column":41},"end":{"line":110,"column":42}},"loc":{"start":{"line":110,"column":46},"end":{"line":110,"column":66}},"line":110},"19":{"name":"(anonymous_19)","decl":{"start":{"line":115,"column":50},"end":{"line":115,"column":51}},"loc":{"start":{"line":115,"column":72},"end":{"line":166,"column":5}},"line":115},"20":{"name":"(anonymous_20)","decl":{"start":{"line":164,"column":71},"end":{"line":164,"column":72}},"loc":{"start":{"line":164,"column":76},"end":{"line":164,"column":85}},"line":164},"21":{"name":"matchesConditions","decl":{"start":{"line":168,"column":9},"end":{"line":168,"column":26}},"loc":{"start":{"line":168,"column":52},"end":{"line":215,"column":1}},"line":168},"22":{"name":"(anonymous_22)","decl":{"start":{"line":173,"column":58},"end":{"line":173,"column":59}},"loc":{"start":{"line":173,"column":63},"end":{"line":173,"column":85}},"line":173}},"branchMap":{"0":{"loc":{"start":{"line":2,"column":22},"end":{"line":12,"column":3}},"type":"binary-expr","locations":[{"start":{"line":2,"column":23},"end":{"line":2,"column":27}},{"start":{"line":2,"column":31},"end":{"line":2,"column":51}},{"start":{"line":2,"column":57},"end":{"line":12,"column":2}}],"line":2},"1":{"loc":{"start":{"line":2,"column":57},"end":{"line":12,"column":2}},"type":"cond-expr","locations":[{"start":{"line":2,"column":74},"end":{"line":9,"column":1}},{"start":{"line":9,"column":6},"end":{"line":12,"column":1}}],"line":2},"2":{"loc":{"start":{"line":3,"column":4},"end":{"line":3,"column":33}},"type":"if","locations":[{"start":{"line":3,"column":4},"end":{"line":3,"column":33}},{"start":{},"end":{}}],"line":3},"3":{"loc":{"start":{"line":5,"column":4},"end":{"line":7,"column":5}},"type":"if","locations":[{"start":{"line":5,"column":4},"end":{"line":7,"column":5}},{"start":{},"end":{}}],"line":5},"4":{"loc":{"start":{"line":5,"column":8},"end":{"line":5,"column":85}},"type":"binary-expr","locations":[{"start":{"line":5,"column":8},"end":{"line":5,"column":13}},{"start":{"line":5,"column":18},"end":{"line":5,"column":84}}],"line":5},"5":{"loc":{"start":{"line":5,"column":18},"end":{"line":5,"column":84}},"type":"cond-expr","locations":[{"start":{"line":5,"column":34},"end":{"line":5,"column":47}},{"start":{"line":5,"column":50},"end":{"line":5,"column":84}}],"line":5},"6":{"loc":{"start":{"line":5,"column":50},"end":{"line":5,"column":84}},"type":"binary-expr","locations":[{"start":{"line":5,"column":50},"end":{"line":5,"column":63}},{"start":{"line":5,"column":67},"end":{"line":5,"column":84}}],"line":5},"7":{"loc":{"start":{"line":10,"column":4},"end":{"line":10,"column":33}},"type":"if","locations":[{"start":{"line":10,"column":4},"end":{"line":10,"column":33}},{"start":{},"end":{}}],"line":10},"8":{"loc":{"start":{"line":13,"column":25},"end":{"line":17,"column":2}},"type":"binary-expr","locations":[{"start":{"line":13,"column":26},"end":{"line":13,"column":30}},{"start":{"line":13,"column":34},"end":{"line":13,"column":57}},{"start":{"line":13,"column":63},"end":{"line":17,"column":1}}],"line":13},"9":{"loc":{"start":{"line":13,"column":63},"end":{"line":17,"column":1}},"type":"cond-expr","locations":[{"start":{"line":13,"column":80},"end":{"line":15,"column":1}},{"start":{"line":15,"column":5},"end":{"line":17,"column":1}}],"line":13},"10":{"loc":{"start":{"line":18,"column":19},"end":{"line":34,"column":4}},"type":"binary-expr","locations":[{"start":{"line":18,"column":20},"end":{"line":18,"column":24}},{"start":{"line":18,"column":28},"end":{"line":18,"column":45}},{"start":{"line":18,"column":50},"end":{"line":34,"column":4}}],"line":18},"11":{"loc":{"start":{"line":20,"column":18},"end":{"line":24,"column":9}},"type":"binary-expr","locations":[{"start":{"line":20,"column":18},"end":{"line":20,"column":44}},{"start":{"line":20,"column":48},"end":{"line":24,"column":9}}],"line":20},"12":{"loc":{"start":{"line":22,"column":29},"end":{"line":22,"column":95}},"type":"if","locations":[{"start":{"line":22,"column":29},"end":{"line":22,"column":95}},{"start":{},"end":{}}],"line":22},"13":{"loc":{"start":{"line":28,"column":8},"end":{"line":28,"column":46}},"type":"if","locations":[{"start":{"line":28,"column":8},"end":{"line":28,"column":46}},{"start":{},"end":{}}],"line":28},"14":{"loc":{"start":{"line":28,"column":12},"end":{"line":28,"column":33}},"type":"binary-expr","locations":[{"start":{"line":28,"column":12},"end":{"line":28,"column":15}},{"start":{"line":28,"column":19},"end":{"line":28,"column":33}}],"line":28},"15":{"loc":{"start":{"line":30,"column":8},"end":{"line":30,"column":137}},"type":"if","locations":[{"start":{"line":30,"column":8},"end":{"line":30,"column":137}},{"start":{},"end":{}}],"line":30},"16":{"loc":{"start":{"line":30,"column":78},"end":{"line":30,"column":137}},"type":"if","locations":[{"start":{"line":30,"column":78},"end":{"line":30,"column":137}},{"start":{},"end":{}}],"line":30},"17":{"loc":{"start":{"line":35,"column":22},"end":{"line":37,"column":1}},"type":"binary-expr","locations":[{"start":{"line":35,"column":23},"end":{"line":35,"column":27}},{"start":{"line":35,"column":31},"end":{"line":35,"column":51}},{"start":{"line":35,"column":56},"end":{"line":37,"column":1}}],"line":35},"18":{"loc":{"start":{"line":36,"column":11},"end":{"line":36,"column":61}},"type":"cond-expr","locations":[{"start":{"line":36,"column":37},"end":{"line":36,"column":40}},{"start":{"line":36,"column":43},"end":{"line":36,"column":61}}],"line":36},"19":{"loc":{"start":{"line":36,"column":12},"end":{"line":36,"column":33}},"type":"binary-expr","locations":[{"start":{"line":36,"column":12},"end":{"line":36,"column":15}},{"start":{"line":36,"column":19},"end":{"line":36,"column":33}}],"line":36},"20":{"loc":{"start":{"line":68,"column":15},"end":{"line":68,"column":44}},"type":"cond-expr","locations":[{"start":{"line":68,"column":36},"end":{"line":68,"column":39}},{"start":{"line":68,"column":42},"end":{"line":68,"column":44}}],"line":68},"21":{"loc":{"start":{"line":71,"column":8},"end":{"line":73,"column":9}},"type":"if","locations":[{"start":{"line":71,"column":8},"end":{"line":73,"column":9}},{"start":{},"end":{}}],"line":71},"22":{"loc":{"start":{"line":89,"column":8},"end":{"line":92,"column":9}},"type":"if","locations":[{"start":{"line":89,"column":8},"end":{"line":92,"column":9}},{"start":{},"end":{}}],"line":89},"23":{"loc":{"start":{"line":96,"column":8},"end":{"line":101,"column":9}},"type":"if","locations":[{"start":{"line":96,"column":8},"end":{"line":101,"column":9}},{"start":{"line":99,"column":13},"end":{"line":101,"column":9}}],"line":96},"24":{"loc":{"start":{"line":108,"column":8},"end":{"line":109,"column":59}},"type":"if","locations":[{"start":{"line":108,"column":8},"end":{"line":109,"column":59}},{"start":{},"end":{}}],"line":108},"25":{"loc":{"start":{"line":117,"column":8},"end":{"line":120,"column":9}},"type":"if","locations":[{"start":{"line":117,"column":8},"end":{"line":120,"column":9}},{"start":{},"end":{}}],"line":117},"26":{"loc":{"start":{"line":126,"column":16},"end":{"line":127,"column":29}},"type":"if","locations":[{"start":{"line":126,"column":16},"end":{"line":127,"column":29}},{"start":{},"end":{}}],"line":126},"27":{"loc":{"start":{"line":131,"column":20},"end":{"line":132,"column":33}},"type":"if","locations":[{"start":{"line":131,"column":20},"end":{"line":132,"column":33}},{"start":{},"end":{}}],"line":131},"28":{"loc":{"start":{"line":134,"column":20},"end":{"line":142,"column":21}},"type":"if","locations":[{"start":{"line":134,"column":20},"end":{"line":142,"column":21}},{"start":{"line":138,"column":25},"end":{"line":142,"column":21}}],"line":134},"29":{"loc":{"start":{"line":135,"column":36},"end":{"line":135,"column":92}},"type":"binary-expr","locations":[{"start":{"line":135,"column":36},"end":{"line":135,"column":79}},{"start":{"line":135,"column":83},"end":{"line":135,"column":92}}],"line":135},"30":{"loc":{"start":{"line":138,"column":25},"end":{"line":142,"column":21}},"type":"if","locations":[{"start":{"line":138,"column":25},"end":{"line":142,"column":21}},{"start":{},"end":{}}],"line":138},"31":{"loc":{"start":{"line":145,"column":20},"end":{"line":150,"column":21}},"type":"if","locations":[{"start":{"line":145,"column":20},"end":{"line":150,"column":21}},{"start":{"line":148,"column":25},"end":{"line":150,"column":21}}],"line":145},"32":{"loc":{"start":{"line":170,"column":8},"end":{"line":212,"column":9}},"type":"switch","locations":[{"start":{"line":171,"column":12},"end":{"line":177,"column":13}},{"start":{"line":178,"column":12},"end":{"line":181,"column":22}},{"start":{"line":182,"column":12},"end":{"line":187,"column":13}},{"start":{"line":188,"column":12},"end":{"line":193,"column":13}},{"start":{"line":194,"column":12},"end":{"line":202,"column":13}},{"start":{"line":203,"column":12},"end":{"line":211,"column":13}}],"line":170},"33":{"loc":{"start":{"line":174,"column":16},"end":{"line":175,"column":33}},"type":"if","locations":[{"start":{"line":174,"column":16},"end":{"line":175,"column":33}},{"start":{},"end":{}}],"line":174},"34":{"loc":{"start":{"line":179,"column":16},"end":{"line":180,"column":33}},"type":"if","locations":[{"start":{"line":179,"column":16},"end":{"line":180,"column":33}},{"start":{},"end":{}}],"line":179},"35":{"loc":{"start":{"line":184,"column":16},"end":{"line":185,"column":33}},"type":"if","locations":[{"start":{"line":184,"column":16},"end":{"line":185,"column":33}},{"start":{},"end":{}}],"line":184},"36":{"loc":{"start":{"line":184,"column":20},"end":{"line":184,"column":55}},"type":"binary-expr","locations":[{"start":{"line":184,"column":20},"end":{"line":184,"column":32}},{"start":{"line":184,"column":36},"end":{"line":184,"column":55}}],"line":184},"37":{"loc":{"start":{"line":190,"column":16},"end":{"line":191,"column":33}},"type":"if","locations":[{"start":{"line":190,"column":16},"end":{"line":191,"column":33}},{"start":{},"end":{}}],"line":190},"38":{"loc":{"start":{"line":190,"column":20},"end":{"line":190,"column":55}},"type":"binary-expr","locations":[{"start":{"line":190,"column":20},"end":{"line":190,"column":32}},{"start":{"line":190,"column":36},"end":{"line":190,"column":55}}],"line":190},"39":{"loc":{"start":{"line":196,"column":16},"end":{"line":197,"column":33}},"type":"if","locations":[{"start":{"line":196,"column":16},"end":{"line":197,"column":33}},{"start":{},"end":{}}],"line":196},"40":{"loc":{"start":{"line":199,"column":16},"end":{"line":200,"column":33}},"type":"if","locations":[{"start":{"line":199,"column":16},"end":{"line":200,"column":33}},{"start":{},"end":{}}],"line":199},"41":{"loc":{"start":{"line":205,"column":16},"end":{"line":206,"column":33}},"type":"if","locations":[{"start":{"line":205,"column":16},"end":{"line":206,"column":33}},{"start":{},"end":{}}],"line":205},"42":{"loc":{"start":{"line":208,"column":16},"end":{"line":209,"column":33}},"type":"if","locations":[{"start":{"line":208,"column":16},"end":{"line":209,"column":33}},{"start":{},"end":{}}],"line":208}},"s":{"0":0,"1":0,"2":0,"3":0,"4":0,"5":0,"6":0,"7":0,"8":0,"9":0,"10":0,"11":0,"12":0,"13":0,"14":0,"15":0,"16":0,"17":0,"18":0,"19":0,"20":0,"21":0,"22":0,"23":0,"24":0,"25":0,"26":0,"27":0,"28":0,"29":0,"30":0,"31":0,"32":0,"33":0,"34":0,"35":0,"36":0,"37":0,"38":0,"39":0,"40":0,"41":0,"42":0,"43":0,"44":0,"45":0,"46":0,"47":0,"48":0,"49":0,"50":0,"51":0,"52":0,"53":0,"54":0,"55":0,"56":0,"57":0,"58":0,"59":0,"60":0,"61":0,"62":0,"63":0,"64":0,"65":0,"66":0,"67":0,"68":0,"69":0,"70":0,"71":0,"72":0,"73":0,"74":0,"75":0,"76":0,"77":0,"78":0,"79":0,"80":0,"81":0,"82":0,"83":0,"84":0,"85":0,"86":0,"87":0,"88":0,"89":0,"90":0,"91":0,"92":0,"93":0,"94":0,"95":0,"96":0,"97":0,"98":0,"99":0,"100":0,"101":0,"102":0,"103":0,"104":0,"105":0,"106":0,"107":0,"108":0,"109":0,"110":0,"111":0,"112":0,"113":0,"114":0,"115":0,"116":0,"117":0,"118":0,"119":0,"120":0,"121":0,"122":0,"123":0,"124":0,"125":0,"126":0,"127":0,"128":0,"129":0,"130":0,"131":0,"132":0,"133":0,"134":0,"135":0,"136":0,"137":0,"138":0,"139":0,"140":0,"141":0,"142":0,"143":0,"144":0,"145":0,"146":0,"147":0,"148":0,"149":0,"150":0,"151":0,"152":0,"153":0,"154":0,"155":0},"f":{"0":0,"1":0,"2":0,"3":0,"4":0,"5":0,"6":0,"7":0,"8":0,"9":0,"10":0,"11":0,"12":0,"13":0,"14":0,"15":0,"16":0,"17":0,"18":0,"19":0,"20":0,"21":0,"22":0},"b":{"0":[0,0,0],"1":[0,0],"2":[0,0],"3":[0,0],"4":[0,0],"5":[0,0],"6":[0,0],"7":[0,0],"8":[0,0,0],"9":[0,0],"10":[0,0,0],"11":[0,0],"12":[0,0],"13":[0,0],"14":[0,0],"15":[0,0],"16":[0,0],"17":[0,0,0],"18":[0,0],"19":[0,0],"20":[0,0],"21":[0,0],"22":[0,0],"23":[0,0],"24":[0,0],"25":[0,0],"26":[0,0],"27":[0,0],"28":[0,0],"29":[0,0],"30":[0,0],"31":[0,0],"32":[0,0,0,0,0,0],"33":[0,0],"34":[0,0],"35":[0,0],"36":[0,0],"37":[0,0],"38":[0,0],"39":[0,0],"40":[0,0],"41":[0,0],"42":[0,0]}}
,"/Users/innosose/Documents/gesellschaft/src/main/cadConvert.ts": {"path":"/Users/innosose/Documents/gesellschaft/src/main/cadConvert.ts","statementMap":{"0":{"start":{"line":2,"column":22},"end":{"line":12,"column":3}},"1":{"start":{"line":3,"column":4},"end":{"line":3,"column":33}},"2":{"start":{"line":3,"column":26},"end":{"line":3,"column":33}},"3":{"start":{"line":4,"column":15},"end":{"line":4,"column":52}},"4":{"start":{"line":5,"column":4},"end":{"line":7,"column":5}},"5":{"start":{"line":6,"column":6},"end":{"line":6,"column":68}},"6":{"start":{"line":6,"column":51},"end":{"line":6,"column":63}},"7":{"start":{"line":8,"column":4},"end":{"line":8,"column":39}},"8":{"start":{"line":10,"column":4},"end":{"line":10,"column":33}},"9":{"start":{"line":10,"column":26},"end":{"line":10,"column":33}},"10":{"start":{"line":11,"column":4},"end":{"line":11,"column":17}},"11":{"start":{"line":13,"column":25},"end":{"line":17,"column":2}},"12":{"start":{"line":14,"column":4},"end":{"line":14,"column":72}},"13":{"start":{"line":16,"column":4},"end":{"line":16,"column":21}},"14":{"start":{"line":18,"column":19},"end":{"line":34,"column":4}},"15":{"start":{"line":19,"column":18},"end":{"line":26,"column":5}},"16":{"start":{"line":20,"column":8},"end":{"line":24,"column":10}},"17":{"start":{"line":21,"column":21},"end":{"line":21,"column":23}},"18":{"start":{"line":22,"column":12},"end":{"line":22,"column":95}},"19":{"start":{"line":22,"column":29},"end":{"line":22,"column":95}},"20":{"start":{"line":22,"column":77},"end":{"line":22,"column":95}},"21":{"start":{"line":23,"column":12},"end":{"line":23,"column":22}},"22":{"start":{"line":25,"column":8},"end":{"line":25,"column":26}},"23":{"start":{"line":27,"column":4},"end":{"line":33,"column":6}},"24":{"start":{"line":28,"column":8},"end":{"line":28,"column":46}},"25":{"start":{"line":28,"column":35},"end":{"line":28,"column":46}},"26":{"start":{"line":29,"column":21},"end":{"line":29,"column":23}},"27":{"start":{"line":30,"column":8},"end":{"line":30,"column":137}},"28":{"start":{"line":30,"column":25},"end":{"line":30,"column":137}},"29":{"start":{"line":30,"column":38},"end":{"line":30,"column":50}},"30":{"start":{"line":30,"column":56},"end":{"line":30,"column":57}},"31":{"start":{"line":30,"column":78},"end":{"line":30,"column":137}},"32":{"start":{"line":30,"column":102},"end":{"line":30,"column":137}},"33":{"start":{"line":31,"column":8},"end":{"line":31,"column":40}},"34":{"start":{"line":32,"column":8},"end":{"line":32,"column":22}},"35":{"start":{"line":35,"column":22},"end":{"line":37,"column":1}},"36":{"start":{"line":36,"column":4},"end":{"line":36,"column":62}},"37":{"start":{"line":38,"column":0},"end":{"line":38,"column":62}},"38":{"start":{"line":39,"column":0},"end":{"line":39,"column":64}},"39":{"start":{"line":40,"column":19},"end":{"line":40,"column":38}},"40":{"start":{"line":41,"column":15},"end":{"line":41,"column":30}},"41":{"start":{"line":42,"column":13},"end":{"line":42,"column":43}},"42":{"start":{"line":43,"column":14},"end":{"line":43,"column":28}},"43":{"start":{"line":44,"column":17},"end":{"line":44,"column":50}},"44":{"start":{"line":45,"column":24},"end":{"line":45,"column":78}},"45":{"start":{"line":46,"column":22},"end":{"line":46,"column":38}},"46":{"start":{"line":49,"column":20},"end":{"line":49,"column":64}},"47":{"start":{"line":51,"column":23},"end":{"line":51,"column":37}},"48":{"start":{"line":52,"column":19},"end":{"line":52,"column":38}},"49":{"start":{"line":53,"column":4},"end":{"line":53,"column":26}},"50":{"start":{"line":55,"column":23},"end":{"line":55,"column":29}},"51":{"start":{"line":58,"column":16},"end":{"line":63,"column":6}},"52":{"start":{"line":64,"column":21},"end":{"line":67,"column":5}},"53":{"start":{"line":65,"column":8},"end":{"line":66,"column":24}},"54":{"start":{"line":66,"column":12},"end":{"line":66,"column":24}},"55":{"start":{"line":72,"column":20},"end":{"line":74,"column":48}},"56":{"start":{"line":75,"column":17},"end":{"line":82,"column":55}},"57":{"start":{"line":83,"column":20},"end":{"line":114,"column":6}},"58":{"start":{"line":84,"column":22},"end":{"line":84,"column":27}},"59":{"start":{"line":85,"column":25},"end":{"line":90,"column":9}},"60":{"start":{"line":86,"column":12},"end":{"line":87,"column":23}},"61":{"start":{"line":87,"column":16},"end":{"line":87,"column":23}},"62":{"start":{"line":88,"column":12},"end":{"line":88,"column":27}},"63":{"start":{"line":89,"column":12},"end":{"line":89,"column":17}},"64":{"start":{"line":92,"column":8},"end":{"line":94,"column":27}},"65":{"start":{"line":93,"column":12},"end":{"line":93,"column":92}},"66":{"start":{"line":93,"column":27},"end":{"line":93,"column":90}},"67":{"start":{"line":95,"column":8},"end":{"line":109,"column":11}},"68":{"start":{"line":96,"column":12},"end":{"line":108,"column":13}},"69":{"start":{"line":97,"column":34},"end":{"line":102,"column":18}},"70":{"start":{"line":103,"column":16},"end":{"line":103,"column":66}},"71":{"start":{"line":104,"column":16},"end":{"line":104,"column":42}},"72":{"start":{"line":104,"column":31},"end":{"line":104,"column":40}},"73":{"start":{"line":107,"column":16},"end":{"line":107,"column":42}},"74":{"start":{"line":107,"column":31},"end":{"line":107,"column":40}},"75":{"start":{"line":110,"column":8},"end":{"line":112,"column":11}},"76":{"start":{"line":111,"column":12},"end":{"line":111,"column":78}},"77":{"start":{"line":111,"column":27},"end":{"line":111,"column":76}},"78":{"start":{"line":113,"column":8},"end":{"line":113,"column":80}},"79":{"start":{"line":116,"column":4},"end":{"line":119,"column":7}},"80":{"start":{"line":117,"column":8},"end":{"line":117,"column":32}},"81":{"start":{"line":118,"column":8},"end":{"line":118,"column":19}},"82":{"start":{"line":122,"column":4},"end":{"line":132,"column":7}},"83":{"start":{"line":123,"column":23},"end":{"line":130,"column":10}},"84":{"start":{"line":131,"column":8},"end":{"line":131,"column":55}},"85":{"start":{"line":133,"column":4},"end":{"line":139,"column":7}},"86":{"start":{"line":134,"column":23},"end":{"line":137,"column":10}},"87":{"start":{"line":138,"column":8},"end":{"line":138,"column":60}},"88":{"start":{"line":140,"column":4},"end":{"line":181,"column":7}},"89":{"start":{"line":141,"column":28},"end":{"line":141,"column":63}},"90":{"start":{"line":142,"column":29},"end":{"line":142,"column":66}},"91":{"start":{"line":143,"column":8},"end":{"line":146,"column":9}},"92":{"start":{"line":144,"column":12},"end":{"line":144,"column":72}},"93":{"start":{"line":145,"column":12},"end":{"line":145,"column":79}},"94":{"start":{"line":147,"column":22},"end":{"line":147,"column":38}},"95":{"start":{"line":148,"column":26},"end":{"line":148,"column":71}},"96":{"start":{"line":149,"column":24},"end":{"line":149,"column":26}},"97":{"start":{"line":150,"column":8},"end":{"line":179,"column":9}},"98":{"start":{"line":151,"column":24},"end":{"line":151,"column":67}},"99":{"start":{"line":152,"column":35},"end":{"line":152,"column":70}},"100":{"start":{"line":153,"column":27},"end":{"line":153,"column":69}},"101":{"start":{"line":154,"column":31},"end":{"line":154,"column":80}},"102":{"start":{"line":155,"column":12},"end":{"line":155,"column":89}},"103":{"start":{"line":156,"column":12},"end":{"line":160,"column":13}},"104":{"start":{"line":157,"column":16},"end":{"line":157,"column":123}},"105":{"start":{"line":158,"column":16},"end":{"line":158,"column":88}},"106":{"start":{"line":159,"column":16},"end":{"line":159,"column":25}},"107":{"start":{"line":161,"column":12},"end":{"line":165,"column":13}},"108":{"start":{"line":162,"column":16},"end":{"line":162,"column":99}},"109":{"start":{"line":163,"column":16},"end":{"line":163,"column":88}},"110":{"start":{"line":164,"column":16},"end":{"line":164,"column":25}},"111":{"start":{"line":166,"column":12},"end":{"line":178,"column":13}},"112":{"start":{"line":167,"column":28},"end":{"line":167,"column":52}},"113":{"start":{"line":168,"column":16},"end":{"line":168,"column":48}},"114":{"start":{"line":169,"column":16},"end":{"line":169,"column":81}},"115":{"start":{"line":170,"column":16},"end":{"line":170,"column":99}},"116":{"start":{"line":171,"column":16},"end":{"line":171,"column":111}},"117":{"start":{"line":174,"column":28},"end":{"line":174,"column":76}},"118":{"start":{"line":175,"column":16},"end":{"line":175,"column":82}},"119":{"start":{"line":176,"column":16},"end":{"line":176,"column":100}},"120":{"start":{"line":177,"column":16},"end":{"line":177,"column":83}},"121":{"start":{"line":180,"column":8},"end":{"line":180,"column":23}},"122":{"start":{"line":182,"column":4},"end":{"line":189,"column":7}},"123":{"start":{"line":183,"column":8},"end":{"line":184,"column":19}},"124":{"start":{"line":184,"column":12},"end":{"line":184,"column":19}},"125":{"start":{"line":185,"column":8},"end":{"line":186,"column":19}},"126":{"start":{"line":186,"column":12},"end":{"line":186,"column":19}},"127":{"start":{"line":187,"column":26},"end":{"line":187,"column":95}},"128":{"start":{"line":187,"column":61},"end":{"line":187,"column":94}},"129":{"start":{"line":188,"column":8},"end":{"line":188,"column":38}},"130":{"start":{"line":190,"column":4},"end":{"line":190,"column":104}},"131":{"start":{"line":190,"column":67},"end":{"line":190,"column":102}}},"fnMap":{"0":{"name":"(anonymous_0)","decl":{"start":{"line":2,"column":74},"end":{"line":2,"column":75}},"loc":{"start":{"line":2,"column":96},"end":{"line":9,"column":1}},"line":2},"1":{"name":"(anonymous_1)","decl":{"start":{"line":6,"column":38},"end":{"line":6,"column":39}},"loc":{"start":{"line":6,"column":49},"end":{"line":6,"column":65}},"line":6},"2":{"name":"(anonymous_2)","decl":{"start":{"line":9,"column":6},"end":{"line":9,"column":7}},"loc":{"start":{"line":9,"column":28},"end":{"line":12,"column":1}},"line":9},"3":{"name":"(anonymous_3)","decl":{"start":{"line":13,"column":80},"end":{"line":13,"column":81}},"loc":{"start":{"line":13,"column":95},"end":{"line":15,"column":1}},"line":13},"4":{"name":"(anonymous_4)","decl":{"start":{"line":15,"column":5},"end":{"line":15,"column":6}},"loc":{"start":{"line":15,"column":20},"end":{"line":17,"column":1}},"line":15},"5":{"name":"(anonymous_5)","decl":{"start":{"line":18,"column":51},"end":{"line":18,"column":52}},"loc":{"start":{"line":18,"column":63},"end":{"line":34,"column":1}},"line":18},"6":{"name":"(anonymous_6)","decl":{"start":{"line":19,"column":18},"end":{"line":19,"column":19}},"loc":{"start":{"line":19,"column":30},"end":{"line":26,"column":5}},"line":19},"7":{"name":"(anonymous_7)","decl":{"start":{"line":20,"column":48},"end":{"line":20,"column":49}},"loc":{"start":{"line":20,"column":61},"end":{"line":24,"column":9}},"line":20},"8":{"name":"(anonymous_8)","decl":{"start":{"line":27,"column":11},"end":{"line":27,"column":12}},"loc":{"start":{"line":27,"column":26},"end":{"line":33,"column":5}},"line":27},"9":{"name":"(anonymous_9)","decl":{"start":{"line":35,"column":56},"end":{"line":35,"column":57}},"loc":{"start":{"line":35,"column":71},"end":{"line":37,"column":1}},"line":35},"10":{"name":"dxfToSvg","decl":{"start":{"line":48,"column":15},"end":{"line":48,"column":23}},"loc":{"start":{"line":48,"column":34},"end":{"line":54,"column":1}},"line":48},"11":{"name":"svgToPdf","decl":{"start":{"line":57,"column":15},"end":{"line":57,"column":23}},"loc":{"start":{"line":57,"column":48},"end":{"line":120,"column":1}},"line":57},"12":{"name":"(anonymous_12)","decl":{"start":{"line":64,"column":21},"end":{"line":64,"column":22}},"loc":{"start":{"line":64,"column":27},"end":{"line":67,"column":5}},"line":64},"13":{"name":"(anonymous_13)","decl":{"start":{"line":83,"column":32},"end":{"line":83,"column":33}},"loc":{"start":{"line":83,"column":53},"end":{"line":114,"column":5}},"line":83},"14":{"name":"(anonymous_14)","decl":{"start":{"line":85,"column":25},"end":{"line":85,"column":26}},"loc":{"start":{"line":85,"column":33},"end":{"line":90,"column":9}},"line":85},"15":{"name":"(anonymous_15)","decl":{"start":{"line":92,"column":31},"end":{"line":92,"column":32}},"loc":{"start":{"line":92,"column":37},"end":{"line":94,"column":9}},"line":92},"16":{"name":"(anonymous_16)","decl":{"start":{"line":93,"column":21},"end":{"line":93,"column":22}},"loc":{"start":{"line":93,"column":27},"end":{"line":93,"column":90}},"line":93},"17":{"name":"(anonymous_17)","decl":{"start":{"line":95,"column":48},"end":{"line":95,"column":49}},"loc":{"start":{"line":95,"column":60},"end":{"line":109,"column":9}},"line":95},"18":{"name":"(anonymous_18)","decl":{"start":{"line":104,"column":25},"end":{"line":104,"column":26}},"loc":{"start":{"line":104,"column":31},"end":{"line":104,"column":40}},"line":104},"19":{"name":"(anonymous_19)","decl":{"start":{"line":107,"column":25},"end":{"line":107,"column":26}},"loc":{"start":{"line":107,"column":31},"end":{"line":107,"column":40}},"line":107},"20":{"name":"(anonymous_20)","decl":{"start":{"line":110,"column":46},"end":{"line":110,"column":47}},"loc":{"start":{"line":110,"column":65},"end":{"line":112,"column":9}},"line":110},"21":{"name":"(anonymous_21)","decl":{"start":{"line":111,"column":21},"end":{"line":111,"column":22}},"loc":{"start":{"line":111,"column":27},"end":{"line":111,"column":76}},"line":111},"22":{"name":"(anonymous_22)","decl":{"start":{"line":116,"column":27},"end":{"line":116,"column":28}},"loc":{"start":{"line":116,"column":33},"end":{"line":119,"column":5}},"line":116},"23":{"name":"registerCadConvertHandlers","decl":{"start":{"line":121,"column":9},"end":{"line":121,"column":35}},"loc":{"start":{"line":121,"column":38},"end":{"line":191,"column":1}},"line":121},"24":{"name":"(anonymous_24)","decl":{"start":{"line":122,"column":54},"end":{"line":122,"column":55}},"loc":{"start":{"line":122,"column":66},"end":{"line":132,"column":5}},"line":122},"25":{"name":"(anonymous_25)","decl":{"start":{"line":133,"column":58},"end":{"line":133,"column":59}},"loc":{"start":{"line":133,"column":70},"end":{"line":139,"column":5}},"line":133},"26":{"name":"(anonymous_26)","decl":{"start":{"line":140,"column":52},"end":{"line":140,"column":53}},"loc":{"start":{"line":140,"column":93},"end":{"line":181,"column":5}},"line":140},"27":{"name":"(anonymous_27)","decl":{"start":{"line":182,"column":52},"end":{"line":182,"column":53}},"loc":{"start":{"line":182,"column":74},"end":{"line":189,"column":5}},"line":182},"28":{"name":"(anonymous_28)","decl":{"start":{"line":187,"column":55},"end":{"line":187,"column":56}},"loc":{"start":{"line":187,"column":61},"end":{"line":187,"column":94}},"line":187},"29":{"name":"(anonymous_29)","decl":{"start":{"line":190,"column":61},"end":{"line":190,"column":62}},"loc":{"start":{"line":190,"column":67},"end":{"line":190,"column":102}},"line":190}},"branchMap":{"0":{"loc":{"start":{"line":2,"column":22},"end":{"line":12,"column":3}},"type":"binary-expr","locations":[{"start":{"line":2,"column":23},"end":{"line":2,"column":27}},{"start":{"line":2,"column":31},"end":{"line":2,"column":51}},{"start":{"line":2,"column":57},"end":{"line":12,"column":2}}],"line":2},"1":{"loc":{"start":{"line":2,"column":57},"end":{"line":12,"column":2}},"type":"cond-expr","locations":[{"start":{"line":2,"column":74},"end":{"line":9,"column":1}},{"start":{"line":9,"column":6},"end":{"line":12,"column":1}}],"line":2},"2":{"loc":{"start":{"line":3,"column":4},"end":{"line":3,"column":33}},"type":"if","locations":[{"start":{"line":3,"column":4},"end":{"line":3,"column":33}},{"start":{},"end":{}}],"line":3},"3":{"loc":{"start":{"line":5,"column":4},"end":{"line":7,"column":5}},"type":"if","locations":[{"start":{"line":5,"column":4},"end":{"line":7,"column":5}},{"start":{},"end":{}}],"line":5},"4":{"loc":{"start":{"line":5,"column":8},"end":{"line":5,"column":85}},"type":"binary-expr","locations":[{"start":{"line":5,"column":8},"end":{"line":5,"column":13}},{"start":{"line":5,"column":18},"end":{"line":5,"column":84}}],"line":5},"5":{"loc":{"start":{"line":5,"column":18},"end":{"line":5,"column":84}},"type":"cond-expr","locations":[{"start":{"line":5,"column":34},"end":{"line":5,"column":47}},{"start":{"line":5,"column":50},"end":{"line":5,"column":84}}],"line":5},"6":{"loc":{"start":{"line":5,"column":50},"end":{"line":5,"column":84}},"type":"binary-expr","locations":[{"start":{"line":5,"column":50},"end":{"line":5,"column":63}},{"start":{"line":5,"column":67},"end":{"line":5,"column":84}}],"line":5},"7":{"loc":{"start":{"line":10,"column":4},"end":{"line":10,"column":33}},"type":"if","locations":[{"start":{"line":10,"column":4},"end":{"line":10,"column":33}},{"start":{},"end":{}}],"line":10},"8":{"loc":{"start":{"line":13,"column":25},"end":{"line":17,"column":2}},"type":"binary-expr","locations":[{"start":{"line":13,"column":26},"end":{"line":13,"column":30}},{"start":{"line":13,"column":34},"end":{"line":13,"column":57}},{"start":{"line":13,"column":63},"end":{"line":17,"column":1}}],"line":13},"9":{"loc":{"start":{"line":13,"column":63},"end":{"line":17,"column":1}},"type":"cond-expr","locations":[{"start":{"line":13,"column":80},"end":{"line":15,"column":1}},{"start":{"line":15,"column":5},"end":{"line":17,"column":1}}],"line":13},"10":{"loc":{"start":{"line":18,"column":19},"end":{"line":34,"column":4}},"type":"binary-expr","locations":[{"start":{"line":18,"column":20},"end":{"line":18,"column":24}},{"start":{"line":18,"column":28},"end":{"line":18,"column":45}},{"start":{"line":18,"column":50},"end":{"line":34,"column":4}}],"line":18},"11":{"loc":{"start":{"line":20,"column":18},"end":{"line":24,"column":9}},"type":"binary-expr","locations":[{"start":{"line":20,"column":18},"end":{"line":20,"column":44}},{"start":{"line":20,"column":48},"end":{"line":24,"column":9}}],"line":20},"12":{"loc":{"start":{"line":22,"column":29},"end":{"line":22,"column":95}},"type":"if","locations":[{"start":{"line":22,"column":29},"end":{"line":22,"column":95}},{"start":{},"end":{}}],"line":22},"13":{"loc":{"start":{"line":28,"column":8},"end":{"line":28,"column":46}},"type":"if","locations":[{"start":{"line":28,"column":8},"end":{"l
[...]
d":{"line":20,"column":32}},"4":{"start":{"line":21,"column":0},"end":{"line":21,"column":42}},"5":{"start":{"line":22,"column":0},"end":{"line":22,"column":40}},"6":{"start":{"line":23,"column":0},"end":{"line":23,"column":28}},"7":{"start":{"line":24,"column":0},"end":{"line":24,"column":30}},"8":{"start":{"line":25,"column":16},"end":{"line":25,"column":32}},"9":{"start":{"line":26,"column":14},"end":{"line":26,"column":32}},"10":{"start":{"line":27,"column":0},"end":{"line":27,"column":104}},"11":{"start":{"line":27,"column":78},"end":{"line":27,"column":98}},"12":{"start":{"line":28,"column":16},"end":{"line":28,"column":34}},"13":{"start":{"line":29,"column":0},"end":{"line":235,"column":2}},"14":{"start":{"line":236,"column":0},"end":{"line":245,"column":2}},"15":{"start":{"line":237,"column":56},"end":{"line":237,"column":57}},"16":{"start":{"line":237,"column":72},"end":{"line":237,"column":79}},"17":{"start":{"line":238,"column":46},"end":{"line":238,"column":53}},"18":{"start":{"line":238,"column":68},"end":{"line":238,"column":75}},"19":{"start":{"line":239,"column":48},"end":{"line":239,"column":55}},"20":{"start":{"line":239,"column":70},"end":{"line":239,"column":77}},"21":{"start":{"line":240,"column":45},"end":{"line":240,"column":52}},"22":{"start":{"line":240,"column":67},"end":{"line":240,"column":74}},"23":{"start":{"line":241,"column":53},"end":{"line":241,"column":54}},"24":{"start":{"line":241,"column":69},"end":{"line":241,"column":76}},"25":{"start":{"line":242,"column":45},"end":{"line":242,"column":52}},"26":{"start":{"line":242,"column":67},"end":{"line":242,"column":74}},"27":{"start":{"line":243,"column":47},"end":{"line":243,"column":48}},"28":{"start":{"line":243,"column":63},"end":{"line":243,"column":64}},"29":{"start":{"line":244,"column":56},"end":{"line":244,"column":63}},"30":{"start":{"line":244,"column":78},"end":{"line":244,"column":85}},"31":{"start":{"line":247,"column":15},"end":{"line":247,"column":39}},"32":{"start":{"line":248,"column":15},"end":{"line":248,"column":16}},"33":{"start":{"line":249,"column":19},"end":{"line":249,"column":28}},"34":{"start":{"line":250,"column":24},"end":{"line":250,"column":35}},"35":{"start":{"line":250,"column":36},"end":{"line":250,"column":67}},"36":{"start":{"line":250,"column":61},"end":{"line":250,"column":65}},"37":{"start":{"line":253,"column":18},"end":{"line":253,"column":62}},"38":{"start":{"line":253,"column":50},"end":{"line":253,"column":61}},"39":{"start":{"line":254,"column":4},"end":{"line":294,"column":5}},"40":{"start":{"line":255,"column":8},"end":{"line":255,"column":25}},"41":{"start":{"line":256,"column":8},"end":{"line":256,"column":39}},"42":{"start":{"line":257,"column":21},"end":{"line":257,"column":45}},"43":{"start":{"line":258,"column":8},"end":{"line":258,"column":65}},"44":{"start":{"line":259,"column":8},"end":{"line":259,"column":63}},"45":{"start":{"line":260,"column":8},"end":{"line":260,"column":55}},"46":{"start":{"line":261,"column":8},"end":{"line":261,"column":63}},"47":{"start":{"line":262,"column":8},"end":{"line":262,"column":75}},"48":{"start":{"line":263,"column":8},"end":{"line":263,"column":70}},"49":{"start":{"line":264,"column":8},"end":{"line":264,"column":68}},"50":{"start":{"line":266,"column":8},"end":{"line":266,"column":53}},"51":{"start":{"line":267,"column":8},"end":{"line":267,"column":63}},"52":{"start":{"line":268,"column":8},"end":{"line":268,"column":80}},"53":{"start":{"line":269,"column":8},"end":{"line":269,"column":83}},"54":{"start":{"line":270,"column":8},"end":{"line":270,"column":85}},"55":{"start":{"line":271,"column":8},"end":{"line":271,"column":61}},"56":{"start":{"line":273,"column":23},"end":{"line":273,"column":66}},"57":{"start":{"line":274,"column":8},"end":{"line":278,"column":9}},"58":{"start":{"line":275,"column":12},"end":{"line":275,"column":55}},"59":{"start":{"line":276,"column":12},"end":{"line":276,"column":45}},"60":{"start":{"line":277,"column":12},"end":{"line":277,"column":48}},"61":{"start":{"line":279,"column":18},"end":{"line":279,"column":30}},"62":{"start":{"line":280,"column":19},"end":{"line":280,"column":46}},"63":{"start":{"line":280,"column":53},"end":{"line":280,"column":80}},"64":{"start":{"line":280,"column":87},"end":{"line":280,"column":114}},"65":{"start":{"line":281,"column":25},"end":{"line":281,"column":64}},"66":{"start":{"line":281,"column":33},"end":{"line":281,"column":64}},"67":{"start":{"line":282,"column":8},"end":{"line":285,"column":6}},"68":{"start":{"line":286,"column":8},"end":{"line":289,"column":23}},"69":{"start":{"line":287,"column":12},"end":{"line":287,"column":49}},"70":{"start":{"line":290,"column":8},"end":{"line":290,"column":21}},"71":{"start":{"line":291,"column":26},"end":{"line":291,"column":67}},"72":{"start":{"line":292,"column":8},"end":{"line":293,"column":68}},"73":{"start":{"line":293,"column":12},"end":{"line":293,"column":68}},"74":{"start":{"line":296,"column":24},"end":{"line":296,"column":43}},"75":{"start":{"line":298,"column":29},"end":{"line":298,"column":45}},"76":{"start":{"line":301,"column":4},"end":{"line":306,"column":19}},"77":{"start":{"line":302,"column":22},"end":{"line":302,"column":54}},"78":{"start":{"line":303,"column":8},"end":{"line":304,"column":28}},"79":{"start":{"line":304,"column":12},"end":{"line":304,"column":28}},"80":{"start":{"line":310,"column":4},"end":{"line":310,"column":135}},"81":{"start":{"line":310,"column":55},"end":{"line":310,"column":74}},"82":{"start":{"line":310,"column":75},"end":{"line":310,"column":115}},"83":{"start":{"line":310,"column":90},"end":{"line":310,"column":112}},"84":{"start":{"line":310,"column":125},"end":{"line":310,"column":133}},"85":{"start":{"line":314,"column":18},"end":{"line":314,"column":28}},"86":{"start":{"line":315,"column":4},"end":{"line":315,"column":30}},"87":{"start":{"line":319,"column":80},"end":{"line":319,"column":85}},"88":{"start":{"line":320,"column":15},"end":{"line":320,"column":42}},"89":{"start":{"line":320,"column":49},"end":{"line":320,"column":76}},"90":{"start":{"line":320,"column":83},"end":{"line":320,"column":110}},"91":{"start":{"line":321,"column":4},"end":{"line":330,"column":6}},"92":{"start":{"line":332,"column":0},"end":{"line":332,"column":34}}},"fnMap":{"0":{"name":"(anonymous_0)","decl":{"start":{"line":27,"column":64},"end":{"line":27,"column":65}},"loc":{"start":{"line":27,"column":76},"end":{"line":27,"column":100}},"line":27},"1":{"name":"(anonymous_1)","decl":{"start":{"line":237,"column":51},"end":{"line":237,"column":52}},"loc":{"start":{"line":237,"column":56},"end":{"line":237,"column":57}},"line":237},"2":{"name":"(anonymous_2)","decl":{"start":{"line":237,"column":67},"end":{"line":237,"column":68}},"loc":{"start":{"line":237,"column":72},"end":{"line":237,"column":79}},"line":237},"3":{"name":"(anonymous_3)","decl":{"start":{"line":238,"column":41},"end":{"line":238,"column":42}},"loc":{"start":{"line":238,"column":46},"end":{"line":238,"column":53}},"line":238},"4":{"name":"(anonymous_4)","decl":{"start":{"line":238,"column":63},"end":{"line":238,"column":64}},"loc":{"start":{"line":238,"column":68},"end":{"line":238,"column":75}},"line":238},"5":{"name":"(anonymous_5)","decl":{"start":{"line":239,"column":43},"end":{"line":239,"column":44}},"loc":{"start":{"line":239,"column":48},"end":{"line":239,"column":55}},"line":239},"6":{"name":"(anonymous_6)","decl":{"start":{"line":239,"column":65},"end":{"line":239,"column":66}},"loc":{"start":{"line":239,"column":70},"end":{"line":239,"column":77}},"line":239},"7":{"name":"(anonymous_7)","decl":{"start":{"line":240,"column":40},"end":{"line":240,"column":41}},"loc":{"start":{"line":240,"column":45},"end":{"line":240,"column":52}},"line":240},"8":{"name":"(anonymous_8)","decl":{"start":{"line":240,"column":62},"end":{"line":240,"column":63}},"loc":{"start":{"line":240,"column":67},"end":{"line":240,"column":74}},"line":240},"9":{"name":"(anonymous_9)","decl":{"start":{"line":241,"column":48},"end":{"line":241,"column":49}},"loc":{"start":{"line":241,"column":53},"end":{"line":241,"column":54}},"line":241},"10":{"name":"(anonymous_10)","decl":{"start":{"line":241,"column":64},"end":{"line":241,"column":65}},"loc":{"start":{"line":241,"column":69},"end":{"line":241,"column":76}},"line":241},"11":{"name":"(anonymous_11)","decl":{"start":{"line":242,"column":40},"end":{"line":242,"column":41}},"loc":{"start":{"line":242,"column":45},"end":{"line":242,"column":52}},"line":242},"12":{"name":"(anonymous_12)","decl":{"start":{"line":242,"column":62},"end":{"line":242,"column":63}},"loc":{"start":{"line":242,"column":67},"end":{"line":242,"column":74}},"line":242},"13":{"name":"(anonymous_13)","decl":{"start":{"line":243,"column":42},"end":{"line":243,"column":43}},"loc":{"start":{"line":243,"column":47},"end":{"line":243,"column":48}},"line":243},"14":{"name":"(anonymous_14)","decl":{"start":{"line":243,"column":58},"end":{"line":243,"column":59}},"loc":{"start":{"line":243,"column":63},"end":{"line":243,"column":64}},"line":243},"15":{"name":"(anonymous_15)","decl":{"start":{"line":244,"column":51},"end":{"line":244,"column":52}},"loc":{"start":{"line":244,"column":56},"end":{"line":244,"column":63}},"line":244},"16":{"name":"(anonymous_16)","decl":{"start":{"line":244,"column":73},"end":{"line":244,"column":74}},"loc":{"start":{"line":244,"column":78},"end":{"line":244,"column":85}},"line":244},"17":{"name":"emitChange","decl":{"start":{"line":250,"column":9},"end":{"line":250,"column":19}},"loc":{"start":{"line":250,"column":22},"end":{"line":250,"column":69}},"line":250},"18":{"name":"(anonymous_18)","decl":{"start":{"line":250,"column":55},"end":{"line":250,"column":56}},"loc":{"start":{"line":250,"column":61},"end":{"line":250,"column":65}},"line":250},"19":{"name":"setTheme","decl":{"start":{"line":252,"column":9},"end":{"line":252,"column":17}},"loc":{"start":{"line":252,"column":22},"end":{"line":295,"column":1}},"line":252},"20":{"name":"(anonymous_20)","decl":{"start":{"line":253,"column":45},"end":{"line":253,"column":46}},"loc":{"start":{"line":253,"column":50},"end":{"line":253,"column":61}},"line":253},"21":{"name":"(anonymous_21)","decl":{"start":{"line":281,"column":25},"end":{"line":281,"column":26}},"loc":{"start":{"line":281,"column":33},"end":{"line":281,"column":64}},"line":281},"22":{"name":"getThemeId","decl":{"start":{"line":296,"column":9},"end":{"line":296,"column":19}},"loc":{"start":{"line":296,"column":22},"end":{"line":296,"column":45}},"line":296},"23":{"name":"getCurrentTheme","decl":{"start":{"line":298,"column":9},"end":{"line":298,"column":24}},"loc":{"start":{"line":298,"column":27},"end":{"line":298,"column":47}},"line":298},"24":{"name":"loadSavedTheme","decl":{"start":{"line":300,"column":9},"end":{"line":300,"column":23}},"loc":{"start":{"line":300,"column":26},"end":{"line":307,"column":1}},"line":300},"25":{"name":"useTheme","decl":{"start":{"line":309,"column":9},"end":{"line":309,"column":17}},"loc":{"start":{"line":309,"column":20},"end":{"line":311,"column":1}},"line":309},"26":{"name":"(anonymous_26)","decl":{"start":{"line":310,"column":45},"end":{"line":310,"column":46}},"loc":{"start":{"line":310,"column":53},"end":{"line":310,"column":117}},"line":310},"27":{"name":"(anonymous_27)","decl":{"start":{"line":310,"column":82},"end":{"line":310,"column":83}},"loc":{"start":{"line":310,"column":88},"end":{"line":310,"column":114}},"line":310},"28":{"name":"(anonymous_28)","decl":{"start":{"line":310,"column":119},"end":{"line":310,"column":120}},"loc":{"start":{"line":310,"column":125},"end":{"line":310,"column":133}},"line":310},"29":{"name":"useTokens","decl":{"start":{"line":313,"column":9},"end":{"line":313,"column":18}},"loc":{"start":{"line":313,"column":21},"end":{"line":316,"column":1}},"line":313},"30":{"name":"buildTokens","decl":{"start":{"line":318,"column":9},"end":{"line":318,"column":20}},"loc":{"start":{"line":318,"column":28},"end":{"line":331,"column":1}},"line":318}},"branchMap":{"0":{"loc":{"start":{"line":254,"column":4},"end":{"line":294,"column":5}},"type":"if","locations":[{"start":{"line":254,"column":4},"end":{"line":294,"column":5}},{"start":{},"end":{}}],"line":254},"1":{"loc":{"start":{"line":254,"column":8},"end":{"line":254,"column":41}},"type":"binary-expr","locations":[{"start":{"line":254,"column":8},"end":{"line":254,"column":13}},{"start":{"line":254,"column":17},"end":{"line":254,"column":41}}],"line":254},"2":{"loc":{"start":{"line":274,"column":8},"end":{"line":278,"column":9}},"type":"if","locations":[{"start":{"line":274,"column":8},"end":{"line":278,"column":9}},{"start":{},"end":{}}],"line":274},"3":{"loc":{"start":{"line":292,"column":8},"end":{"line":293,"column":68}},"type":"if","locations":[{"start":{"line":292,"column":8},"end":{"line":293,"column":68}},{"start":{},"end":{}}],"line":292},"4":{"loc":{"start":{"line":303,"column":8},"end":{"line":304,"column":28}},"type":"if","locations":[{"start":{"line":303,"column":8},"end":{"line":304,"column":28}},{"start":{},"end":{}}],"line":303}},"s":{"0":1,"1":1,"2":1,"3":1,"4":1,"5":1,"6":1,"7":1,"8":1,"9":1,"10":1,"11":0,"12":1,"13":1,"14":1,"15":1,"16":1,"17":1,"18":1,"19":1,"20":1,"21":1,"22":1,"23":1,"24":1,"25":1,"26":1,"27":1,"28":1,"29":1,"30":1,"31":1,"32":1,"33":1,"34":4,"35":4,"36":0,"37":7,"38":24,"39":7,"40":4,"41":4,"42":4,"43":4,"44":4,"45":4,"46":4,"47":4,"48":4,"49":4,"50":4,"51":4,"52":4,"53":4,"54":4,"55":4,"56":4,"57":4,"58":1,"59":1,"60":1,"61":4,"62":4,"63":4,"64":4,"65":4,"66":60,"67":4,"68":4,"69":4,"70":4,"71":4,"72":4,"73":0,"74":3,"75":3,"76":0,"77":0,"78":0,"79":0,"80":0,"81":0,"82":0,"83":0,"84":0,"85":0,"86":0,"87":5,"88":5,"89":5,"90":5,"91":5,"92":1},"f":{"0":0,"1":1,"2":1,"3":1,"4":1,"5":1,"6":1,"7":1,"8":1,"9":1,"10":1,"11":1,"12":1,"13":1,"14":1,"15":1,"16":1,"17":4,"18":0,"19":7,"20":24,"21":60,"22":3,"23":3,"24":0,"25":0,"26":0,"27":0,"28":0,"29":0,"30":5},"b":{"0":[4,3],"1":[7,6],"2":[1,3],"3":[0,4],"4":[0,0]},"_coverageSchema":"1a1c01bbd47fc00a2c39e90264f33305004495a9","hash":"b56b0df17c866a41005639c7055d77771f5c8131"}
,"/Users/innosose/Documents/gesellschaft/src/shared/constants.ts": {"path":"/Users/innosose/Documents/gesellschaft/src/shared/constants.ts","statementMap":{"0":{"start":{"line":9,"column":0},"end":{"line":9,"column":62}},"1":{"start":{"line":10,"column":0},"end":{"line":10,"column":450}},"2":{"start":{"line":11,"column":0},"end":{"line":39,"column":2}},"3":{"start":{"line":41,"column":0},"end":{"line":41,"column":98}},"4":{"start":{"line":41,"column":74},"end":{"line":41,"column":95}},"5":{"start":{"line":45,"column":0},"end":{"line":45,"column":40}},"6":{"start":{"line":46,"column":0},"end":{"line":46,"column":42}},"7":{"start":{"line":47,"column":0},"end":{"line":47,"column":31}},"8":{"start":{"line":48,"column":0},"end":{"line":48,"column":39}},"9":{"start":{"line":49,"column":0},"end":{"line":49,"column":35}},"10":{"start":{"line":50,"column":0},"end":{"line":50,"column":38}},"11":{"start":{"line":54,"column":0},"end":{"line":54,"column":37}},"12":{"start":{"line":55,"column":0},"end":{"line":55,"column":38}},"13":{"start":{"line":56,"column":0},"end":{"line":56,"column":44}},"14":{"start":{"line":57,"column":0},"end":{"line":57,"column":38}},"15":{"start":{"line":62,"column":0},"end":{"line":126,"column":2}},"16":{"start":{"line":127,"column":0},"end":{"line":127,"column":84}},"17":{"start":{"line":128,"column":0},"end":{"line":132,"column":3}}},"fnMap":{"0":{"name":"(anonymous_0)","decl":{"start":{"line":41,"column":69},"end":{"line":41,"column":70}},"loc":{"start":{"line":41,"column":74},"end":{"line":41,"column":95}},"line":41}},"branchMap":{},"s":{"0":6,"1":6,"2":6,"3":6,"4":156,"5":6,"6":6,"7":6,"8":6,"9":6,"10":6,"11":6,"12":6,"13":6,"14":6,"15":6,"16":6,"17":6},"f":{"0":156},"b":{},"_coverageSchema":"1a1c01bbd47fc00a2c39e90264f33305004495a9","hash":"078494f1b9fda4515effea96124938f521aa1ab3"}
,"/Users/innosose/Documents/gesellschaft/src/shared/types.ts": {"path":"/Users/innosose/Documents/gesellschaft/src/shared/types.ts","statementMap":{"0":{"start":{"line":6,"column":0},"end":{"line":6,"column":62}}},"fnMap":{},"branchMap":{},"s":{"0":0},"f":{},"b":{}}
,"/Users/innosose/Documents/gesellschaft/src/shared/utils.ts": {"path":"/Users/innosose/Documents/gesellschaft/src/shared/utils.ts","statementMap":{"0":{"start":{"line":2,"column":0},"end":{"line":2,"column":62}},"1":{"start":{"line":3,"column":0},"end":{"line":3,"column":42}},"2":{"start":{"line":4,"column":20},"end":{"line":4,"column":42}},"3":{"start":{"line":7,"column":4},"end":{"line":8,"column":49}},"4":{"start":{"line":8,"column":8},"end":{"line":8,"column":49}},"5":{"start":{"line":9,"column":4},"end":{"line":10,"column":53}},"6":{"start":{"line":10,"column":8},"end":{"line":10,"column":53}},"7":{"start":{"line":11,"column":4},"end":{"line":12,"column":53}},"8":{"start":{"line":12,"column":8},"end":{"line":12,"column":53}},"9":{"start":{"line":13,"column":21},"end":{"line":13,"column":53}},"10":{"start":{"line":14,"column":4},"end":{"line":15,"column":71}},"11":{"start":{"line":15,"column":8},"end":{"line":15,"column":71}},"12":{"start":{"line":16,"column":4},"end":{"line":17,"column":60}},"13":{"start":{"line":17,"column":8},"end":{"line":17,"column":60}},"14":{"start":{"line":18,"column":4},"end":{"line":19,"column":63}},"15":{"start":{"line":19,"column":8},"end":{"line":19,"column":63}},"16":{"start":{"line":20,"column":4},"end":{"line":20,"column":27}}},"fnMap":{"0":{"name":"isValidFileName","decl":{"start":{"line":6,"column":9},"end":{"line":6,"column":24}},"loc":{"start":{"line":6,"column":31},"end":{"line":21,"column":1}},"line":6}},"branchMap":{"0":{"loc":{"start":{"line":7,"column":4},"end":{"line":8,"column":49}},"type":"if","locations":[{"start":{"line":7,"column":4},"end":{"line":8,"column":49}},{"start":{},"end":{}}],"line":7},"1":{"loc":{"start":{"line":7,"column":8},"end":{"line":7,"column":35}},"type":"binary-expr","locations":[{"start":{"line":7,"column":8},"end":{"line":7,"column":13}},{"start":{"line":7,"column":17},"end":{"line":7,"column":35}}],"line":7},"2":{"loc":{"start":{"line":9,"column":4},"end":{"line":10,"column":53}},"type":"if","locations":[{"start":{"line":9,"column":4},"end":{"line":10,"column":53}},{"start":{},"end":{}}],"line":9},"3":{"loc":{"start":{"line":9,"column":8},"end":{"line":9,"column":49}},"type":"binary-expr","locations":[{"start":{"line":9,"column":8},"end":{"line":9,"column":26}},{"start":{"line":9,"column":30},"end":{"line":9,"column":49}}],"line":9},"4":{"loc":{"start":{"line":11,"column":4},"end":{"line":12,"column":53}},"type":"if","locations":[{"start":{"line":11,"column":4},"end":{"line":12,"column":53}},{"start":{},"end":{}}],"line":11},"5":{"loc":{"start":{"line":11,"column":8},"end":{"line":11,"column":37}},"type":"binary-expr","locations":[{"start":{"line":11,"column":8},"end":{"line":11,"column":20}},{"start":{"line":11,"column":24},"end":{"line":11,"column":37}}],"line":11},"6":{"loc":{"start":{"line":14,"column":4},"end":{"line":15,"column":71}},"type":"if","locations":[{"start":{"line":14,"column":4},"end":{"line":15,"column":71}},{"start":{},"end":{}}],"line":14},"7":{"loc":{"start":{"line":16,"column":4},"end":{"line":17,"column":60}},"type":"if","locations":[{"start":{"line":16,"column":4},"end":{"line":17,"column":60}},{"start":{},"end":{}}],"line":16},"8":{"loc":{"start":{"line":18,"column":4},"end":{"line":19,"column":63}},"type":"if","locations":[{"start":{"line":18,"column":4},"end":{"line":19,"column":63}},{"start":{},"end":{}}],"line":18}},"s":{"0":2,"1":2,"2":2,"3":118,"4":6,"5":112,"6":5,"7":107,"8":4,"9":103,"10":103,"11":63,"12":40,"13":14,"14":26,"15":4,"16":22},"f":{"0":118},"b":{"0":[6,112],"1":[118,115],"2":[5,107],"3":[112,109],"4":[4,103],"5":[107,105],"6":[63,40],"7":[14,26],"8":[4,22]},"_coverageSchema":"1a1c01bbd47fc00a2c39e90264f33305004495a9","hash":"0af717859e69c48e1b2b48c367905ede04dc2143"}
}
