TN:
SF:src/main/aiAssistant.ts
FN:2,(anonymous_0)
FN:6,(anonymous_1)
FN:9,(anonymous_2)
FN:13,(anonymous_3)
FN:15,(anonymous_4)
FN:18,(anonymous_5)
FN:19,(anonymous_6)
FN:20,(anonymous_7)
FN:27,(anonymous_8)
FN:43,(anonymous_9)
FN:66,(anonymous_10)
FN:69,load
FN:88,save
FN:101,createChunkBatcher
FN:106,flush
FN:116,push
FN:129,registerAiAssistantHandlers
FN:131,(anonymous_17)
FN:136,(anonymous_18)
FN:152,(anonymous_19)
FN:157,(anonymous_20)
FN:164,(anonymous_21)
FN:166,(anonymous_22)
FN:183,(anonymous_23)
FN:217,(anonymous_24)
FN:218,(anonymous_25)
FN:279,(anonymous_26)
FN:286,(anonymous_27)
FN:287,(anonymous_28)
FNF:29
FNH:0
FNDA:0,(anonymous_0)
FNDA:0,(anonymous_1)
FNDA:0,(anonymous_2)
FNDA:0,(anonymous_3)
FNDA:0,(anonymous_4)
FNDA:0,(anonymous_5)
FNDA:0,(anonymous_6)
FNDA:0,(anonymous_7)
FNDA:0,(anonymous_8)
FNDA:0,(anonymous_9)
FNDA:0,(anonymous_10)
FNDA:0,load
FNDA:0,save
FNDA:0,createChunkBatcher
FNDA:0,flush
FNDA:0,push
FNDA:0,registerAiAssistantHandlers
FNDA:0,(anonymous_17)
FNDA:0,(anonymous_18)
FNDA:0,(anonymous_19)
FNDA:0,(anonymous_20)
FNDA:0,(anonymous_21)
FNDA:0,(anonymous_22)
FNDA:0,(anonymous_23)
FNDA:0,(anonymous_24)
FNDA:0,(anonymous_25)
FNDA:0,(anonymous_26)
FNDA:0,(anonymous_27)
FNDA:0,(anonymous_28)
DA:2,0
DA:3,0
DA:4,0
DA:5,0
DA:6,0
DA:8,0
DA:10,0
DA:11,0
DA:13,0
DA:14,0
DA:16,0
DA:18,0
DA:19,0
DA:20,0
DA:21,0
DA:22,0
DA:23,0
DA:25,0
DA:27,0
DA:28,0
DA:29,0
DA:30,0
DA:31,0
DA:32,0
DA:35,0
DA:36,0
DA:37,0
DA:38,0
DA:39,0
DA:40,0
DA:41,0
DA:42,0
DA:43,0
DA:44,0
DA:51,0
DA:57,0
DA:61,0
DA:62,0
DA:66,0
DA:70,0
DA:71,0
DA:72,0
DA:73,0
DA:74,0
DA:77,0
DA:78,0
DA:81,0
DA:82,0
DA:85,0
DA:89,0
DA:90,0
DA:91,0
DA:92,0
DA:94,0
DA:96,0
DA:102,0
DA:103,0
DA:104,0
DA:105,0
DA:107,0
DA:108,0
DA:109,0
DA:111,0
DA:112,0
DA:113,0
DA:117,0
DA:118,0
DA:119,0
DA:120,0
DA:121,0
DA:123,0
DA:124,0
DA:127,0
DA:131,0
DA:132,0
DA:133,0
DA:136,0
DA:137,0
DA:138,0
DA:139,0
DA:140,0
DA:142,0
DA:143,0
DA:144,0
DA:145,0
DA:146,0
DA:147,0
DA:148,0
DA:149,0
DA:152,0
DA:153,0
DA:154,0
DA:155,0
DA:156,0
DA:157,0
DA:160,0
DA:164,0
DA:166,0
DA:167,0
DA:168,0
DA:169,0
DA:170,0
DA:171,0
DA:173,0
DA:174,0
DA:175,0
DA:176,0
DA:177,0
DA:179,0
DA:180,0
DA:181,0
DA:182,0
DA:183,0
DA:184,0
DA:185,0
DA:186,0
DA:187,0
DA:188,0
DA:191,0
DA:194,0
DA:195,0
DA:196,0
DA:198,0
DA:199,0
DA:200,0
DA:205,0
DA:206,0
DA:207,0
DA:208,0
DA:209,0
DA:210,0
DA:213,0
DA:215,0
DA:216,0
DA:217,0
DA:218,0
DA:219,0
DA:225,0
DA:226,0
DA:227,0
DA:228,0
DA:229,0
DA:235,0
DA:241,0
DA:242,0
DA:243,0
DA:244,0
DA:245,0
DA:246,0
DA:247,0
DA:248,0
DA:249,0
DA:250,0
DA:251,0
DA:252,0
DA:253,0
DA:259,0
DA:260,0
DA:261,0
DA:262,0
DA:265,0
DA:266,0
DA:267,0
DA:268,0
DA:269,0
DA:270,0
DA:274,0
DA:275,0
DA:279,0
DA:280,0
DA:281,0
DA:282,0
DA:286,0
DA:287,0
DA:288,0
DA:289,0
DA:290,0
DA:291,0
LF:178
LH:0
BRDA:2,0,0,0
BRDA:2,0,1,0
BRDA:2,0,2,0
BRDA:2,1,0,0
BRDA:2,1,1,0
BRDA:3,2,0,0
BRDA:3,2,1,0
BRDA:5,3,0,0
BRDA:5,3,1,0
BRDA:5,4,0,0
BRDA:5,4,1,0
BRDA:5,5,0,0
BRDA:5,5,1,0
BRDA:5,6,0,0
BRDA:5,6,1,0
BRDA:10,7,0,0
BRDA:10,7,1,0
BRDA:13,8,0,0
BRDA:13,8,1,0
BRDA:13,8,2,0
BRDA:13,9,0,0
BRDA:13,9,1,0
BRDA:18,10,0,0
BRDA:18,10,1,0
BRDA:18,10,2,0
BRDA:20,11,0,0
BRDA:20,11,1,0
BRDA:22,12,0,0
BRDA:22,12,1,0
BRDA:28,13,0,0
BRDA:28,13,1,0
BRDA:28,14,0,0
BRDA:28,14,1,0
BRDA:30,15,0,0
BRDA:30,15,1,0
BRDA:30,16,0,0
BRDA:30,16,1,0
BRDA:66,17,0,0
BRDA:66,17,1,0
BRDA:72,18,0,0
BRDA:72,18,1,0
BRDA:72,19,0,0
BRDA:72,19,1,0
BRDA:72,19,2,0
BRDA:90,20,0,0
BRDA:90,20,1,0
BRDA:90,21,0,0
BRDA:90,21,1,0
BRDA:107,22,0,0
BRDA:107,22,1,0
BRDA:111,23,0,0
BRDA:111,23,1,0
BRDA:111,24,0,0
BRDA:111,24,1,0
BRDA:111,24,2,0
BRDA:117,25,0,0
BRDA:117,25,1,0
BRDA:120,26,0,0
BRDA:120,26,1,0
BRDA:123,27,0,0
BRDA:123,27,1,0
BRDA:133,28,0,0
BRDA:133,28,1,0
BRDA:138,29,0,0
BRDA:138,29,1,0
BRDA:144,30,0,0
BRDA:144,30,1,0
BRDA:168,31,0,0
BRDA:168,31,1,0
BRDA:175,32,0,0
BRDA:175,32,1,0
BRDA:175,33,0,0
BRDA:175,33,1,0
BRDA:184,34,0,0
BRDA:184,34,1,0
BRDA:186,35,0,0
BRDA:186,35,1,0
BRDA:191,36,0,0
BRDA:191,36,1,0
BRDA:196,37,0,0
BRDA:196,37,1,0
BRDA:201,38,0,0
BRDA:201,38,1,0
BRDA:206,39,0,0
BRDA:206,39,1,0
BRDA:208,40,0,0
BRDA:208,40,1,0
BRDA:209,41,0,0
BRDA:209,41,1,0
BRDA:213,42,0,0
BRDA:213,42,1,0
BRDA:220,43,0,0
BRDA:220,43,1,0
BRDA:222,44,0,0
BRDA:222,44,1,0
BRDA:226,45,0,0
BRDA:226,45,1,0
BRDA:228,46,0,0
BRDA:228,46,1,0
BRDA:228,47,0,0
BRDA:228,47,1,0
BRDA:241,48,0,0
BRDA:241,48,1,0
BRDA:241,49,0,0
BRDA:241,49,1,0
BRDA:247,50,0,0
BRDA:247,50,1,0
BRDA:247,51,0,0
BRDA:247,51,1,0
BRDA:252,52,0,0
BRDA:252,52,1,0
BRDA:260,53,0,0
BRDA:260,53,1,0
BRDA:266,54,0,0
BRDA:266,54,1,0
BRDA:267,55,0,0
BRDA:267,55,1,0
BRDA:268,56,0,0
BRDA:268,56,1,0
BRDA:288,57,0,0
BRDA:288,57,1,0
BRF:121
BRH:0
end_of_record
TN:
SF:src/main/autoOrganize.ts
FN:2,(anonymous_0)
FN:6,(anonymous_1)
FN:9,(anonymous_2)
FN:13,(anonymous_3)
FN:15,(anonymous_4)
FN:18,(anonymous_5)
FN:19,(anonymous_6)
FN:20,(anonymous_7)
FN:27,(anonymous_8)
FN:35,(anonymous_9)
FN:62,getRulesPath
FN:65,loadRules
FN:77,saveRules
FN:85,registerAutoOrganizeHandlers
FN:86,(anonymous_14)
FN:87,(anonymous_15)
FN:95,(anonymous_16)
FN:106,(anonymous_17)
FN:110,(anonymous_18)
FN:115,(anonymous_19)
FN:164,(anonymous_20)
FN:168,matchesConditions
FN:173,(anonymous_22)
FNF:23
FNH:0
FNDA:0,(anonymous_0)
FNDA:0,(anonymous_1)
FNDA:0,(anonymous_2)
FNDA:0,(anonymous_3)
FNDA:0,(anonymous_4)
FNDA:0,(anonymous_5)
FNDA:0,(anonymous_6)
FNDA:0,(anonymous_7)
FNDA:0,(anonymous_8)
FNDA:0,(anonymous_9)
FNDA:0,getRulesPath
FNDA:0,loadRules
FNDA:0,saveRules
FNDA:0,registerAutoOrganizeHandlers
FNDA:0,(anonymous_14)
FNDA:0,(anonymous_15)
FNDA:0,(anonymous_16)
FNDA:0,(anonymous_17)
FNDA:0,(anonymous_18)
FNDA:0,(anonymous_19)
FNDA:0,(anonymous_20)
FNDA:0,matchesConditions
FNDA:0,(anonymous_22)
DA:2,0
DA:3,0
DA:4,0
DA:5,0
DA:6,0
DA:8,0
DA:10,0
DA:11,0
DA:13,0
DA:14,0
DA:16,0
DA:18,0
DA:19,0
DA:20,0
DA:21,0
DA:22,0
DA:23,0
DA:25,0
DA:27,0
DA:28,0
DA:29,0
DA:30,0
DA:31,0
DA:32,0
DA:35,0
DA:36,0
DA:38,0
DA:39,0
DA:40,0
DA:41,0
DA:42,0
DA:43,0
DA:44,0
DA:45,0
DA:49,0
DA:61,0
DA:63,0
DA:66,0
DA:67,0
DA:68,0
DA:71,0
DA:72,0
DA:74,0
DA:78,0
DA:79,0
DA:82,0
DA:86,0
DA:87,0
DA:88,0
DA:89,0
DA:90,0
DA:91,0
DA:93,0
DA:94,0
DA:95,0
DA:96,0
DA:97,0
DA:100,0
DA:102,0
DA:103,0
DA:104,0
DA:106,0
DA:107,0
DA:108,0
DA:109,0
DA:110,0
DA:111,0
DA:112,0
DA:113,0
DA:115,0
DA:116,0
DA:117,0
DA:118,0
DA:119,0
DA:121,0
DA:122,0
DA:123,0
DA:124,0
DA:125,0
DA:126,0
DA:127,0
DA:128,0
DA:129,0
DA:130,0
DA:131,0
DA:132,0
DA:133,0
DA:134,0
DA:135,0
DA:136,0
DA:138,0
DA:139,0
DA:140,0
DA:141,0
DA:143,0
DA:144,0
DA:145,0
DA:146,0
DA:149,0
DA:151,0
DA:154,0
DA:155,0
DA:157,0
DA:161,0
DA:162,0
DA:164,0
DA:165,0
DA:169,0
DA:170,0
DA:172,0
DA:173,0
DA:174,0
DA:175,0
DA:176,0
DA:179,0
DA:180,0
DA:181,0
DA:183,0
DA:184,0
DA:185,0
DA:186,0
DA:189,0
DA:190,0
DA:191,0
DA:192,0
DA:195,0
DA:196,0
DA:197,0
DA:198,0
DA:199,0
DA:200,0
DA:201,0
DA:204,0
DA:205,0
DA:206,0
DA:207,0
DA:208,0
DA:209,0
DA:210,0
DA:214,0
LF:140
LH:0
BRDA:2,0,0,0
BRDA:2,0,1,0
BRDA:2,0,2,0
BRDA:2,1,0,0
BRDA:2,1,1,0
BRDA:3,2,0,0
BRDA:3,2,1,0
BRDA:5,3,0,0
BRDA:5,3,1,0
BRDA:5,4,0,0
BRDA:5,4,1,0
BRDA:5,5,0,0
BRDA:5,5,1,0
BRDA:5,6,0,0
BRDA:5,6,1,0
BRDA:10,7,0,0
BRDA:10,7,1,0
BRDA:13,8,0,0
BRDA:13,8,1,0
BRDA:13,8,2,0
BRDA:13,9,0,0
BRDA:13,9,1,0
BRDA:18,10,0,0
BRDA:18,10,1,0
BRDA:18,10,2,0
BRDA:20,11,0,0
BRDA:20,11,1,0
BRDA:22,12,0,0
BRDA:22,12,1,0
BRDA:28,13,0,0
BRDA:28,13,1,0
BRDA:28,14,0,0
BRDA:28,14,1,0
BRDA:30,15,0,0
BRDA:30,15,1,0
BRDA:30,16,0,0
BRDA:30,16,1,0
BRDA:35,17,0,0
BRDA:35,17,1,0
BRDA:35,17,2,0
BRDA:36,18,0,0
BRDA:36,18,1,0
BRDA:36,19,0,0
BRDA:36,19,1,0
BRDA:68,20,0,0
BRDA:68,20,1,0
BRDA:71,21,0,0
BRDA:71,21,1,0
BRDA:89,22,0,0
BRDA:89,22,1,0
BRDA:96,23,0,0
BRDA:96,23,1,0
BRDA:108,24,0,0
BRDA:108,24,1,0
BRDA:117,25,0,0
BRDA:117,25,1,0
BRDA:126,26,0,0
BRDA:126,26,1,0
BRDA:131,27,0,0
BRDA:131,27,1,0
BRDA:134,28,0,0
BRDA:134,28,1,0
BRDA:135,29,0,0
BRDA:135,29,1,0
BRDA:138,30,0,0
BRDA:138,30,1,0
BRDA:145,31,0,0
BRDA:145,31,1,0
BRDA:170,32,0,0
BRDA:170,32,1,0
BRDA:170,32,2,0
BRDA:170,32,3,0
BRDA:170,32,4,0
BRDA:170,32,5,0
BRDA:174,33,0,0
BRDA:174,33,1,0
BRDA:179,34,0,0
BRDA:179,34,1,0
BRDA:184,35,0,0
BRDA:184,35,1,0
BRDA:184,36,0,0
BRDA:184,36,1,0
BRDA:190,37,0,0
BRDA:190,37,1,0
BRDA:190,38,0,0
BRDA:190,38,1,0
BRDA:196,39,0,0
BRDA:196,39,1,0
BRDA:199,40,0,0
BRDA:199,40,1,0
BRDA:205,41,0,0
BRDA:205,41,1,0
BRDA:208,42,0,0
BRDA:208,42,1,0
BRF:94
BRH:0
end_of_record
TN:
SF:src/main/cadConvert.ts
FN:2,(anonymous_0)
FN:6,(anonymous_1)
FN:9,(anonymous_2)
FN:13,(anonymous_3)
FN:15,(anonymous_4)
FN:18,(anonymous_5)
FN:19,(anonymous_6)
FN:20,(anonymous_7)
FN:27,(anonymous_8)
FN:35,(anonymous_9)
FN:48,dxfToSvg
FN:57,svgToPdf
FN:64,(anonymous_12)
FN:83,(anonymous_13)
FN:85,(anonymous_14)
FN:92,(anonymous_15)
FN:93,(anonymous_16)
FN:95,(anonymous_17)
FN:104,(anonymous_18)
FN:107,(anonymous_19)
FN:110,(anonymous_20)
FN:111,(anonymous_21)
FN:116,(anonymous_22)
FN:121,registerCadConvertHandlers
FN:122,(anonymous_24)
FN:133,(anonymous_25)
FN:140,(anonymous_26)
FN:182,(anonymous_27)
FN:187,(anonymous_28)
FN:190,(anonymous_29)
FNF:30
FNH:0
FNDA:0,(anonymous_0)
FNDA:0,(anonymous_1)
FNDA:0,(anonymous_2)
FNDA:0,(anonymous_3)
FNDA:0,(anonymous_4)
FNDA:0,(anonymous_5)
FNDA:0,(anonymous_6)
FNDA:0,(anonymous_7)
FNDA:0,(anonymous_8)
FNDA:0,(anonymous_9)
FNDA:0,dxfToSvg
FNDA:0,svgToPdf
FNDA:0,(anonymous_12)
FNDA:0,(anonymous_13)
FNDA:0,(anonymous_14)
FNDA:0,(anonymous_15)
FNDA:0,(anonymous_16)
FNDA:0,(anonymous_17)
FNDA:0,(anonymous_18)
FNDA:0,(anonymous_19)
FNDA:0,(anonymous_20)
FNDA:0,(anonymous_21)
FNDA:0,(anonymous_22)
FNDA:0,registerCadConvertHandlers
FNDA:0,(anonymous_24)
FNDA:0,(anonymous_25)
FNDA:0,(anonymous_26)
FNDA:0,(anonymous_27)
FNDA:0,(anonymous_28)
FNDA:0,(anonymous_29)
DA:2,0
DA:3,0
DA:4,0
DA:5,0
DA:6,0
DA:8,0
DA:10,0
DA:11,0
DA:13,0
DA:14,0
DA:16,0
DA:18,0
DA:19,0
DA:20,0
DA:21,0
DA:22,0
DA:23,0
DA:25,0
DA:27,0
DA:28,0
DA:29,0
DA:30,0
DA:31,0
DA:32,0
DA:35,0
DA:36,0
DA:38,0
DA:39,0
DA:40,0
DA:41,0
DA:42,0
DA:43,0
DA:44,0
DA:45,0
DA:46,0
DA:49,0
DA:51,0
DA:52,0
DA:53,0
DA:55,0
DA:58,0
DA:64,0
DA:65,0
DA:66,0
DA:72,0
DA:75,0
DA:83,0
DA:84,0
DA:85,0
DA:86,0
DA:87,0
DA:88,0
DA:89,0
DA:92,0
DA:93,0
DA:95,0
DA:96,0
DA:97,0
DA:103,0
DA:104,0
DA:107,0
DA:110,0
DA:111,0
DA:113,0
DA:116,0
DA:117,0
DA:118,0
DA:122,0
DA:123,0
DA:131,0
DA:133,0
DA:134,0
DA:138,0
DA:140,0
DA:141,0
DA:142,0
DA:143,0
DA:144,0
DA:145,0
DA:147,0
DA:148,0
DA:149,0
DA:150,0
DA:151,0
DA:152,0
DA:153,0
DA:154,0
DA:155,0
DA:156,0
DA:157,0
DA:158,0
DA:159,0
DA:161,0
DA:162,0
DA:163,0
DA:164,0
DA:166,0
DA:167,0
DA:168,0
DA:169,0
DA:170,0
DA:171,0
DA:174,0
DA:175,0
DA:176,0
DA:177,0
DA:180,0
DA:182,0
DA:183,0
DA:184,0
DA:185,0
DA:186,0
DA:187,0
DA:188,0
DA:190,0
LF:115
LH:0
BRDA:2,0,0,0
BRDA:2,0,1,0
BRDA:2,0,2,0
BRDA:2,1,0,0
BRDA:2,1,1,0
BRDA:3,2,0,0
BRDA:3,2,1,0
BRDA:5,3,0,0
BRDA:5,3,1,0
BRDA:5,4,0,0
BRDA:5,4,1,0
BRDA:5,5,0,0
BRDA:5,5,1,0
BRDA:5,6,0,0
BRDA:5,6,1,0
BRDA:10,7,0,0
BRDA:10,7,1,0
BRDA:13,8,0,0
BRDA:13,8,1,0
BRDA:13,8,2,0
BRDA:13,9,0,0
BRDA:13,9,1,0
BRDA:18,10,0,0
BRDA:18,10,1,0
BRDA:18,10,2,0
BRDA:20,11,0,0
BRDA:20,11,1,0
BRDA:22,12,0,0
BRDA:22,12,1,0
BRDA:28,13,0,0
BRDA:28,13,1,0
BRDA:28,14,0,0
BRDA:28,14,1,0
BRDA:30,15,0,0
BRDA:30,15,1,0
BRDA:30,16,0,0
BRDA:30,16,1,0
BRDA:35,17,0,0
BRDA:35,17,1,0
BRDA:35,17,2,0
BRDA:36,18,0,0
BRDA:36,18,1,0
BRDA:36,19,0,0
BRDA:36,19,1,0
BRDA:65,20,0,0
BRDA:65,20,1,0
BRDA:86,21,0,0
BRDA:86,21,1,0
BRDA:131,22,0,0
BRDA:131,22,1,0
BRDA:138,23,0,0
BRDA:138,23,1,0
BRDA:143,24,0,0
BRDA:143,24,1,0
BRDA:148,25,0,0
BRDA:148,25,1,0
BRDA:153,26,0,0
BRDA:153,26,1,0
BRDA:156,27,0,0
BRDA:156,27,1,0
BRDA:161,28,0,0
BRDA:161,28,1,0
BRDA:174,29,0,0
BRDA:174,29,1,0
BRDA:183,30,0,0
BRDA:183,30,1,0
BRDA:183,31,0,0
BRDA:183,31,1,0
BRDA:185,32,0,0
BRDA:185,32,1,0
BRF:70
BRH:0
end_of_record
TN:
SF:src/main/clipboard.ts
FN:2,(anonymous_0)
FN:20,getPath
FN:23,load
FN:38,save
FN:46,registerClipboardHandlers
FN:52,(anonymous_5)
FN:58,(anonymous_6)
FN:71,(anonymous_7)
FN:77,(anonymous_8)
FN:83,(anonymous_9)
FN:84,(anonymous_10)
FN:94,(anonymous_11)
FN:101,(anonymous_12)
FN:106,(anonymous_13)
FNF:14
FNH:0
FNDA:0,(anonymous_0)
FNDA:0,getPath
FNDA:0,load
FNDA:0,save
FNDA:0,registerClipboardHandlers
FNDA:0,(anonymous_5)
FNDA:0,(anonymous_6)
FNDA:0,(anonymous_7)
FNDA:0,(anonymous_8)
FNDA:0,(anonymous_9)
FNDA:0,(anonymous_10)
FNDA:0,(anonymous_11)
FNDA:0,(anonymous_12)
FNDA:0,(anonymous_13)
DA:2,0
DA:3,0
DA:5,0
DA:6,0
DA:7,0
DA:8,0
DA:9,0
DA:10,0
DA:11,0
DA:12,0
DA:13,0
DA:15,0
DA:16,0
DA:17,0
DA:18,0
DA:19,0
DA:21,0
DA:24,0
DA:25,0
DA:26,0
DA:27,0
DA:28,0
DA:29,0
DA:33,0
DA:34,0
DA:35,0
DA:39,0
DA:40,0
DA:43,0
DA:47,0
DA:48,0
DA:49,0
DA:50,0
DA:51,0
DA:52,0
DA:53,0
DA:54,0
DA:55,0
DA:56,0
DA:58,0
DA:63,0
DA:64,0
DA:65,0
DA:68,0
DA:69,0
DA:70,0
DA:71,0
DA:72,0
DA:73,0
DA:77,0
DA:78,0
DA:79,0
DA:80,0
DA:83,0
DA:84,0
DA:85,0
DA:86,0
DA:87,0
DA:88,0
DA:90,0
DA:91,0
DA:92,0
DA:94,0
DA:95,0
DA:96,0
DA:97,0
DA:98,0
DA:100,0
DA:101,0
DA:102,0
DA:104,0
DA:106,0
DA:107,0
DA:108,0
DA:109,0
DA:110,0
DA:111,0
LF:77
LH:0
BRDA:2,0,0,0
BRDA:2,0,1,0
BRDA:2,0,2,0
BRDA:3,1,0,0
BRDA:3,1,1,0
BRDA:3,2,0,0
BRDA:3,2,1,0
BRDA:25,3,0,0
BRDA:25,3,1,0
BRDA:27,4,0,0
BRDA:27,4,1,0
BRDA:47,5,0,0
BRDA:47,5,1,0
BRDA:54,6,0,0
BRDA:54,6,1,0
BRDA:54,7,0,0
BRDA:54,7,1,0
BRDA:54,7,2,0
BRDA:56,8,0,0
BRDA:56,8,1,0
BRDA:63,9,0,0
BRDA:63,9,1,0
BRDA:72,10,0,0
BRDA:72,10,1,0
BRDA:78,11,0,0
BRDA:78,11,1,0
BRDA:86,12,0,0
BRDA:86,12,1,0
BRDA:96,13,0,0
BRDA:96,13,1,0
BRDA:100,14,0,0
BRDA:100,14,1,0
BRF:32
BRH:0
end_of_record
TN:
SF:src/main/emailTemplates.ts
FN:2,(anonymous_0)
FN:20,getPath
FN:23,load
FN:36,save
FN:44,registerEmailTemplatesHandlers
FN:46,(anonymous_5)
FN:47,(anonymous_6)
FN:54,(anonymous_7)
FN:70,(anonymous_8)
FN:74,(anonymous_9)
FNF:10
FNH:0
FNDA:0,(anonymous_0)
FNDA:0,getPath
FNDA:0,load
FNDA:0,save
FNDA:0,registerEmailTemplatesHandlers
FNDA:0,(anonymous_5)
FNDA:0,(anonymous_6)
FNDA:0,(anonymous_7)
FNDA:0,(anonymous_8)
FNDA:0,(anonymous_9)
DA:2,0
DA:3,0
DA:5,0
DA:6,0
DA:7,0
DA:8,0
DA:9,0
DA:10,0
DA:11,0
DA:12,0
DA:18,0
DA:19,0
DA:21,0
DA:24,0
DA:25,0
DA:26,0
DA:27,0
DA:28,0
DA:32,0
DA:33,0
DA:37,0
DA:38,0
DA:41,0
DA:45,0
DA:46,0
DA:47,0
DA:48,0
DA:49,0
DA:50,0
DA:51,0
DA:53,0
DA:54,0
DA:55,0
DA:56,0
DA:59,0
DA:67,0
DA:68,0
DA:70,0
DA:71,0
DA:72,0
DA:73,0
DA:74,0
DA:75,0
DA:76,0
DA:77,0
LF:45
LH:0
BRDA:2,0,0,0
BRDA:2,0,1,0
BRDA:2,0,2,0
BRDA:3,1,0,0
BRDA:3,1,1,0
BRDA:3,2,0,0
BRDA:3,2,1,0
BRDA:25,3,0,0
BRDA:25,3,1,0
BRDA:27,4,0,0
BRDA:27,4,1,0
BRDA:49,5,0,0
BRDA:49,5,1,0
BRDA:55,6,0,0
BRDA:55,6,1,0
BRDA:61,7,0,0
BRDA:61,7,1,0
BRDA:62,8,0,0
BRDA:62,8,1,0
BRDA:63,9,0,0
BRDA:63,9,1,0
BRDA:72,10,0,0
BRDA:72,10,1,0
BRF:23
BRH:0
end_of_record
TN:
SF:src/main/excelTool.ts
FN:2,(anonymous_0)
FN:6,(anonymous_1)
FN:9,(anonymous_2)
FN:13,(anonymous_3)
FN:15,(anonymous_4)
FN:18,(anonymous_5)
FN:19,(anonymous_6)
FN:20,(anonymous_7)
FN:27,(anonymous_8)
FN:43,getExcelJS
FN:45,(anonymous_10)
FN:60,cellToString
FN:74,(anonymous_12)
FN:83,readWorkbook
FN:95,worksheetToRows
FN:97,(anonymous_15)
FN:104,registerExcelToolHandlers
FN:105,(anonymous_17)
FN:113,(anonymous_18)
FN:120,(anonymous_19)
FN:135,(anonymous_20)
FN:155,(anonymous_21)
FN:167,(anonymous_22)
FN:184,(anonymous_23)
FN:184,(anonymous_24)
FN:185,(anonymous_25)
FN:186,(anonymous_26)
FN:186,(anonymous_27)
FN:188,(anonymous_28)
FN:189,(anonymous_29)
FN:189,(anonymous_30)
FN:197,(anonymous_31)
FNF:32
FNH:0
FNDA:0,(anonymous_0)
FNDA:0,(anonymous_1)
FNDA:0,(anonymous_2)
FNDA:0,(anonymous_3)
FNDA:0,(anonymous_4)
FNDA:0,(anonymous_5)
FNDA:0,(anonymous_6)
FNDA:0,(anonymous_7)
FNDA:0,(anonymous_8)
FNDA:0,getExcelJS
FNDA:0,(anonymous_10)
FNDA:0,cellToString
FNDA:0,(anonymous_12)
FNDA:0,readWorkbook
FNDA:0,worksheetToRows
FNDA:0,(anonymous_15)
FNDA:0,registerExcelToolHandlers
FNDA:0,(anonymous_17)
FNDA:0,(anonymous_18)
FNDA:0,(anonymous_19)
FNDA:0,(anonymous_20)
FNDA:0,(anonymous_21)
FNDA:0,(anonymous_22)
FNDA:0,(anonymous_23)
FNDA:0,(anonymous_24)
FNDA:0,(anonymous_25)
FNDA:0,(anonymous_26)
FNDA:0,(anonymous_27)
FNDA:0,(anonymous_28)
FNDA:0,(anonymous_29)
FNDA:0,(anonymous_30)
FNDA:0,(anonymous_31)
DA:2,0
DA:3,0
DA:4,0
DA:5,0
DA:6,0
DA:8,0
DA:10,0
DA:11,0
DA:13,0
DA:14,0
DA:16,0
DA:18,0
DA:19,0
DA:20,0
DA:21,0
DA:22,0
DA:23,0
DA:25,0
DA:27,0
DA:28,0
DA:29,0
DA:30,0
DA:31,0
DA:32,0
DA:35,0
DA:36,0
DA:37,0
DA:38,0
DA:39,0
DA:40,0
DA:42,0
DA:44,0
DA:45,0
DA:47,0
DA:49,0
DA:50,0
DA:51,0
DA:52,0
DA:61,0
DA:62,0
DA:63,0
DA:64,0
DA:65,0
DA:66,0
DA:67,0
DA:68,0
DA:69,0
DA:70,0
DA:71,0
DA:72,0
DA:73,0
DA:74,0
DA:76,0
DA:77,0
DA:78,0
DA:79,0
DA:81,0
DA:84,0
DA:85,0
DA:86,0
DA:87,0
DA:88,0
DA:91,0
DA:93,0
DA:96,0
DA:97,0
DA:98,0
DA:100,0
DA:102,0
DA:105,0
DA:106,0
DA:107,0
DA:111,0
DA:113,0
DA:114,0
DA:115,0
DA:116,0
DA:117,0
DA:118,0
DA:119,0
DA:120,0
DA:121,0
DA:122,0
DA:123,0
DA:125,0
DA:126,0
DA:127,0
DA:128,0
DA:131,0
DA:132,0
DA:135,0
DA:136,0
DA:137,0
DA:138,0
DA:139,0
DA:141,0
DA:142,0
DA:143,0
DA:144,0
DA:145,0
DA:146,0
DA:147,0
DA:148,0
DA:151,0
DA:152,0
DA:155,0
DA:156,0
DA:157,0
DA:158,0
DA:159,0
DA:165,0
DA:167,0
DA:168,0
DA:169,0
DA:170,0
DA:171,0
DA:173,0
DA:174,0
DA:175,0
DA:176,0
DA:177,0
DA:178,0
DA:179,0
DA:180,0
DA:181,0
DA:182,0
DA:183,0
DA:184,0
DA:185,0
DA:186,0
DA:187,0
DA:188,0
DA:189,0
DA:191,0
DA:192,0
DA:193,0
DA:194,0
DA:195,0
DA:196,0
DA:197,0
DA:198,0
DA:199,0
DA:201,0
DA:202,0
DA:203,0
DA:206,0
DA:207,0
DA:208,0
DA:210,0
DA:213,0
DA:214,0
LF:151
LH:0
BRDA:2,0,0,0
BRDA:2,0,1,0
BRDA:2,0,2,0
BRDA:2,1,0,0
BRDA:2,1,1,0
BRDA:3,2,0,0
BRDA:3,2,1,0
BRDA:5,3,0,0
BRDA:5,3,1,0
BRDA:5,4,0,0
BRDA:5,4,1,0
BRDA:5,5,0,0
BRDA:5,5,1,0
BRDA:5,6,0,0
BRDA:5,6,1,0
BRDA:10,7,0,0
BRDA:10,7,1,0
BRDA:13,8,0,0
BRDA:13,8,1,0
BRDA:13,8,2,0
BRDA:13,9,0,0
BRDA:13,9,1,0
BRDA:18,10,0,0
BRDA:18,10,1,0
BRDA:18,10,2,0
BRDA:20,11,0,0
BRDA:20,11,1,0
BRDA:22,12,0,0
BRDA:22,12,1,0
BRDA:28,13,0,0
BRDA:28,13,1,0
BRDA:28,14,0,0
BRDA:28,14,1,0
BRDA:30,15,0,0
BRDA:30,15,1,0
BRDA:30,16,0,0
BRDA:30,16,1,0
BRDA:44,17,0,0
BRDA:44,17,1,0
BRDA:61,18,0,0
BRDA:61,18,1,0
BRDA:61,19,0,0
BRDA:61,19,1,0
BRDA:63,20,0,0
BRDA:63,20,1,0
BRDA:65,21,0,0
BRDA:65,21,1,0
BRDA:65,22,0,0
BRDA:65,22,1,0
BRDA:67,23,0,0
BRDA:67,23,1,0
BRDA:69,24,0,0
BRDA:69,24,1,0
BRDA:71,25,0,0
BRDA:71,25,1,0
BRDA:73,26,0,0
BRDA:73,26,1,0
BRDA:73,27,0,0
BRDA:73,27,1,0
BRDA:74,28,0,0
BRDA:74,28,1,0
BRDA:76,29,0,0
BRDA:76,29,1,0
BRDA:77,30,0,0
BRDA:77,30,1,0
BRDA:78,31,0,0
BRDA:78,31,1,0
BRDA:78,32,0,0
BRDA:78,32,1,0
BRDA:79,33,0,0
BRDA:79,33,1,0
BRDA:87,34,0,0
BRDA:87,34,1,0
BRDA:111,35,0,0
BRDA:111,35,1,0
BRDA:115,36,0,0
BRDA:115,36,1,0
BRDA:132,37,0,0
BRDA:132,37,1,0
BRDA:138,38,0,0
BRDA:138,38,1,0
BRDA:138,39,0,0
BRDA:138,39,1,0
BRDA:146,40,0,0
BRDA:146,40,1,0
BRDA:152,41,0,0
BRDA:152,41,1,0
BRDA:157,42,0,0
BRDA:157,42,1,0
BRDA:161,43,0,0
BRDA:161,43,1,0
BRDA:165,44,0,0
BRDA:165,44,1,0
BRDA:169,45,0,0
BRDA:169,45,1,0
BRDA:176,46,0,0
BRDA:176,46,1,0
BRDA:177,47,0,0
BRDA:177,47,1,0
BRDA:180,48,0,0
BRDA:180,48,1,0
BRDA:183,49,0,0
BRDA:183,49,1,0
BRDA:186,50,0,0
BRDA:186,50,1,0
BRDA:188,51,0,0
BRDA:188,51,1,0
BRDA:189,52,0,0
BRDA:189,52,1,0
BRDA:192,53,0,0
BRDA:192,53,1,0
BRDA:198,54,0,0
BRDA:198,54,1,0
BRDA:199,55,0,0
BRDA:199,55,1,0
BRDA:206,56,0,0
BRDA:206,56,1,0
BRDA:214,57,0,0
BRDA:214,57,1,0
BRF:119
BRH:0
end_of_record
TN:
SF:src/main/fileSystem.ts
FN:2,(anonymous_0)
FN:6,(anonymous_1)
FN:9,(anonymous_2)
FN:13,(anonymous_3)
FN:15,(anonymous_4)
FN:18,(anonymous_5)
FN:19,(anonymous_6)
FN:20,(anonymous_7)
FN:27,(anonymous_8)
FN:35,(anonymous_9)
FN:50,registerFileSystemHandlers
FN:52,(anonymous_11)
FN:58,(anonymous_12)
FN:75,(anonymous_13)
FN:76,(anonymous_14)
FN:85,(anonymous_15)
FN:87,(anonymous_16)
FN:104,(anonymous_17)
FN:133,(anonymous_18)
FN:137,(anonymous_19)
FN:141,(anonymous_20)
FN:153,(anonymous_21)
FN:157,(anonymous_22)
FN:169,(anonymous_23)
FN:184,(anonymous_24)
FN:192,calcFolderSize
FN:215,calcTypeStats
FN:218,walk
FNF:28
FNH:0
FNDA:0,(anonymous_0)
FNDA:0,(anonymous_1)
FNDA:0,(anonymous_2)
FNDA:0,(anonymous_3)
FNDA:0,(anonymous_4)
FNDA:0,(anonymous_5)
FNDA:0,(anonymous_6)
FNDA:0,(anonymous_7)
FNDA:0,(anonymous_8)
FNDA:0,(anonymous_9)
FNDA:0,registerFileSystemHandlers
FNDA:0,(anonymous_11)
FNDA:0,(anonymous_12)
FNDA:0,(anonymous_13)
FNDA:0,(anonymous_14)
FNDA:0,(anonymous_15)
FNDA:0,(anonymous_16)
FNDA:0,(anonymous_17)
FNDA:0,(anonymous_18)
FNDA:0,(anonymous_19)
FNDA:0,(anonymous_20)
FNDA:0,(anonymous_21)
FNDA:0,(anonymous_22)
FNDA:0,(anonymous_23)
FNDA:0,(anonymous_24)
FNDA:0,calcFolderSize
FNDA:0,calcTypeStats
FNDA:0,walk
DA:2,0
DA:3,0
DA:4,0
DA:5,0
DA:6,0
DA:8,0
DA:10,0
DA:11,0
DA:13,0
DA:14,0
DA:16,0
DA:18,0
DA:19,0
DA:20,0
DA:21,0
DA:22,0
DA:23,0
DA:25,0
DA:27,0
DA:28,0
DA:29,0
DA:30,0
DA:31,0
DA:32,0
DA:35,0
DA:36,0
DA:38,0
DA:39,0
DA:40,0
DA:41,0
DA:42,0
DA:43,0
DA:44,0
DA:45,0
DA:46,0
DA:47,0
DA:49,0
DA:52,0
DA:53,0
DA:54,0
DA:56,0
DA:57,0
DA:58,0
DA:59,0
DA:60,0
DA:61,0
DA:62,0
DA:74,0
DA:75,0
DA:76,0
DA:77,0
DA:80,0
DA:81,0
DA:85,0
DA:87,0
DA:88,0
DA:89,0
DA:90,0
DA:91,0
DA:92,0
DA:93,0
DA:95,0
DA:96,0
DA:99,0
DA:100,0
DA:104,0
DA:105,0
DA:106,0
DA:107,0
DA:108,0
DA:109,0
DA:110,0
DA:111,0
DA:112,0
DA:113,0
DA:114,0
DA:115,0
DA:117,0
DA:118,0
DA:119,0
DA:120,0
DA:121,0
DA:122,0
DA:124,0
DA:125,0
DA:126,0
DA:129,0
DA:130,0
DA:133,0
DA:134,0
DA:137,0
DA:138,0
DA:139,0
DA:140,0
DA:141,0
DA:142,0
DA:143,0
DA:145,0
DA:148,0
DA:149,0
DA:153,0
DA:154,0
DA:155,0
DA:156,0
DA:157,0
DA:158,0
DA:159,0
DA:161,0
DA:164,0
DA:165,0
DA:169,0
DA:170,0
DA:171,0
DA:172,0
DA:173,0
DA:174,0
DA:175,0
DA:176,0
DA:179,0
DA:180,0
DA:184,0
DA:185,0
DA:186,0
DA:187,0
DA:188,0
DA:193,0
DA:194,0
DA:195,0
DA:196,0
DA:197,0
DA:198,0
DA:199,0
DA:200,0
DA:203,0
DA:204,0
DA:205,0
DA:206,0
DA:213,0
DA:216,0
DA:217,0
DA:219,0
DA:220,0
DA:221,0
DA:222,0
DA:223,0
DA:224,0
DA:225,0
DA:228,0
DA:229,0
DA:230,0
DA:231,0
DA:232,0
DA:233,0
DA:234,0
DA:235,0
DA:236,0
DA:244,0
DA:245,0
LF:158
LH:0
BRDA:2,0,0,0
BRDA:2,0,1,0
BRDA:2,0,2,0
BRDA:2,1,0,0
BRDA:2,1,1,0
BRDA:3,2,0,0
BRDA:3,2,1,0
BRDA:5,3,0,0
BRDA:5,3,1,0
BRDA:5,4,0,0
BRDA:5,4,1,0
BRDA:5,5,0,0
BRDA:5,5,1,0
BRDA:5,6,0,0
BRDA:5,6,1,0
BRDA:10,7,0,0
BRDA:10,7,1,0
BRDA:13,8,0,0
BRDA:13,8,1,0
BRDA:13,8,2,0
BRDA:13,9,0,0
BRDA:13,9,1,0
BRDA:18,10,0,0
BRDA:18,10,1,0
BRDA:18,10,2,0
BRDA:20,11,0,0
BRDA:20,11,1,0
BRDA:22,12,0,0
BRDA:22,12,1,0
BRDA:28,13,0,0
BRDA:28,13,1,0
BRDA:28,14,0,0
BRDA:28,14,1,0
BRDA:30,15,0,0
BRDA:30,15,1,0
BRDA:30,16,0,0
BRDA:30,16,1,0
BRDA:35,17,0,0
BRDA:35,17,1,0
BRDA:35,17,2,0
BRDA:36,18,0,0
BRDA:36,18,1,0
BRDA:36,19,0,0
BRDA:36,19,1,0
BRDA:53,20,0,0
BRDA:53,20,1,0
BRDA:53,21,0,0
BRDA:53,21,1,0
BRDA:70,22,0,0
BRDA:70,22,1,0
BRDA:89,23,0,0
BRDA:89,23,1,0
BRDA:107,24,0,0
BRDA:107,24,1,0
BRDA:112,25,0,0
BRDA:112,25,1,0
BRDA:114,26,0,0
BRDA:114,26,1,0
BRDA:120,27,0,0
BRDA:120,27,1,0
BRDA:138,28,0,0
BRDA:138,28,1,0
BRDA:138,29,0,0
BRDA:138,29,1,0
BRDA:142,30,0,0
BRDA:142,30,1,0
BRDA:154,31,0,0
BRDA:154,31,1,0
BRDA:154,32,0,0
BRDA:154,32,1,0
BRDA:158,33,0,0
BRDA:158,33,1,0
BRDA:170,34,0,0
BRDA:170,34,1,0
BRDA:170,35,0,0
BRDA:170,35,1,0
BRDA:172,36,0,0
BRDA:172,36,1,0
BRDA:185,37,0,0
BRDA:185,37,1,0
BRDA:185,38,0,0
BRDA:185,38,1,0
BRDA:192,39,0,0
BRDA:199,40,0,0
BRDA:199,40,1,0
BRDA:205,41,0,0
BRDA:205,41,1,0
BRDA:205,42,0,0
BRDA:205,42,1,0
BRDA:224,43,0,0
BRDA:224,43,1,0
BRDA:228,44,0,0
BRDA:228,44,1,0
BRDA:230,45,0,0
BRDA:230,45,1,0
BRDA:235,46,0,0
BRDA:235,46,1,0
BRDA:235,47,0,0
BRDA:235,47,1,0
BRF:99
BRH:0
end_of_record
TN:
SF:src/main/folderCompare.ts
FN:2,(anonymous_0)
FN:6,(anonymous_1)
FN:9,(anonymous_2)
FN:13,(anonymous_3)
FN:15,(anonymous_4)
FN:18,(anonymous_5)
FN:19,(anonymous_6)
FN:20,(anonymous_7)
FN:27,(anonymous_8)
FN:35,(anonymous_9)
FN:46,getFilesRecursive
FN:55,(anonymous_11)
FN:72,registerFolderCompareHandlers
FN:73,(anonymous_13)
FN:110,(anonymous_14)
FNF:15
FNH:0
FNDA:0,(anonymous_0)
FNDA:0,(anonymous_1)
FNDA:0,(anonymous_2)
FNDA:0,(anonymous_3)
FNDA:0,(anonymous_4)
FNDA:0,(anonymous_5)
FNDA:0,(anonymous_6)
FNDA:0,(anonymous_7)
FNDA:0,(anonymous_8)
FNDA:0,(anonymous_9)
FNDA:0,getFilesRecursive
FNDA:0,(anonymous_11)
FNDA:0,registerFolderCompareHandlers
FNDA:0,(anonymous_13)
FNDA:0,(anonymous_14)
DA:2,0
DA:3,0
DA:4,0
DA:5,0
DA:6,0
DA:8,0
DA:10,0
DA:11,0
DA:13,0
DA:14,0
DA:16,0
DA:18,0
DA:19,0
DA:20,0
DA:21,0
DA:22,0
DA:23,0
DA:25,0
DA:27,0
DA:28,0
DA:29,0
DA:30,0
DA:31,0
DA:32,0
DA:35,0
DA:36,0
DA:38,0
DA:39,0
DA:40,0
DA:41,0
DA:42,0
DA:43,0
DA:44,0
DA:45,0
DA:47,0
DA:48,0
DA:49,0
DA:50,0
DA:51,0
DA:52,0
DA:53,0
DA:54,0
DA:55,0
DA:58,0
DA:59,0
DA:63,0
DA:68,0
DA:70,0
DA:73,0
DA:74,0
DA:75,0
DA:76,0
DA:77,0
DA:79,0
DA:80,0
DA:81,0
DA:82,0
DA:83,0
DA:84,0
DA:85,0
DA:86,0
DA:87,0
DA:88,0
DA:89,0
DA:90,0
DA:91,0
DA:93,0
DA:94,0
DA:96,0
DA:97,0
DA:98,0
DA:109,0
DA:110,0
DA:111,0
DA:112,0
DA:115,0
DA:116,0
LF:77
LH:0
BRDA:2,0,0,0
BRDA:2,0,1,0
BRDA:2,0,2,0
BRDA:2,1,0,0
BRDA:2,1,1,0
BRDA:3,2,0,0
BRDA:3,2,1,0
BRDA:5,3,0,0
BRDA:5,3,1,0
BRDA:5,4,0,0
BRDA:5,4,1,0
BRDA:5,5,0,0
BRDA:5,5,1,0
BRDA:5,6,0,0
BRDA:5,6,1,0
BRDA:10,7,0,0
BRDA:10,7,1,0
BRDA:13,8,0,0
BRDA:13,8,1,0
BRDA:13,8,2,0
BRDA:13,9,0,0
BRDA:13,9,1,0
BRDA:18,10,0,0
BRDA:18,10,1,0
BRDA:18,10,2,0
BRDA:20,11,0,0
BRDA:20,11,1,0
BRDA:22,12,0,0
BRDA:22,12,1,0
BRDA:28,13,0,0
BRDA:28,13,1,0
BRDA:28,14,0,0
BRDA:28,14,1,0
BRDA:30,15,0,0
BRDA:30,15,1,0
BRDA:30,16,0,0
BRDA:30,16,1,0
BRDA:35,17,0,0
BRDA:35,17,1,0
BRDA:35,17,2,0
BRDA:36,18,0,0
BRDA:36,18,1,0
BRDA:36,19,0,0
BRDA:36,19,1,0
BRDA:46,20,0,0
BRDA:54,21,0,0
BRDA:54,21,1,0
BRDA:76,22,0,0
BRDA:76,22,1,0
BRDA:76,23,0,0
BRDA:76,23,1,0
BRDA:90,24,0,0
BRDA:90,24,1,0
BRDA:90,25,0,0
BRDA:90,25,1,0
BRDA:93,26,0,0
BRDA:93,26,1,0
BRDA:93,27,0,0
BRDA:93,27,1,0
BRDA:96,28,0,0
BRDA:96,28,1,0
BRDA:96,29,0,0
BRDA:96,29,1,0
BRDA:97,30,0,0
BRDA:97,30,1,0
BRDA:101,31,0,0
BRDA:101,31,1,0
BRDA:110,32,0,0
BRDA:110,32,1,0
BRF:69
BRH:0
end_of_record
TN:
SF:src/main/imageTool.ts
FN:2,(anonymous_0)
FN:6,(anonymous_1)
FN:9,(anonymous_2)
FN:13,(anonymous_3)
FN:15,(anonymous_4)
FN:18,(anonymous_5)
FN:19,(anonymous_6)
FN:20,(anonymous_7)
FN:27,(anonymous_8)
FN:43,getJimp
FN:45,(anonymous_10)
FN:61,registerImageToolHandlers
FN:62,(anonymous_12)
FN:70,(anonymous_13)
FN:75,(anonymous_14)
FN:76,(anonymous_15)
FN:110,(anonymous_16)
FNF:17
FNH:0
FNDA:0,(anonymous_0)
FNDA:0,(anonymous_1)
FNDA:0,(anonymous_2)
FNDA:0,(anonymous_3)
FNDA:0,(anonymous_4)
FNDA:0,(anonymous_5)
FNDA:0,(anonymous_6)
FNDA:0,(anonymous_7)
FNDA:0,(anonymous_8)
FNDA:0,getJimp
FNDA:0,(anonymous_10)
FNDA:0,registerImageToolHandlers
FNDA:0,(anonymous_12)
FNDA:0,(anonymous_13)
FNDA:0,(anonymous_14)
FNDA:0,(anonymous_15)
FNDA:0,(anonymous_16)
DA:2,0
DA:3,0
DA:4,0
DA:5,0
DA:6,0
DA:8,0
DA:10,0
DA:11,0
DA:13,0
DA:14,0
DA:16,0
DA:18,0
DA:19,0
DA:20,0
DA:21,0
DA:22,0
DA:23,0
DA:25,0
DA:27,0
DA:28,0
DA:29,0
DA:30,0
DA:31,0
DA:32,0
DA:35,0
DA:36,0
DA:37,0
DA:38,0
DA:39,0
DA:40,0
DA:42,0
DA:44,0
DA:45,0
DA:47,0
DA:49,0
DA:50,0
DA:51,0
DA:60,0
DA:62,0
DA:63,0
DA:64,0
DA:68,0
DA:70,0
DA:71,0
DA:72,0
DA:73,0
DA:75,0
DA:76,0
DA:77,0
DA:78,0
DA:79,0
DA:80,0
DA:82,0
DA:83,0
DA:84,0
DA:85,0
DA:86,0
DA:87,0
DA:88,0
DA:89,0
DA:90,0
DA:91,0
DA:92,0
DA:93,0
DA:96,0
DA:99,0
DA:100,0
DA:101,0
DA:102,0
DA:103,0
DA:106,0
DA:107,0
DA:110,0
DA:111,0
LF:74
LH:0
BRDA:2,0,0,0
BRDA:2,0,1,0
BRDA:2,0,2,0
BRDA:2,1,0,0
BRDA:2,1,1,0
BRDA:3,2,0,0
BRDA:3,2,1,0
BRDA:5,3,0,0
BRDA:5,3,1,0
BRDA:5,4,0,0
BRDA:5,4,1,0
BRDA:5,5,0,0
BRDA:5,5,1,0
BRDA:5,6,0,0
BRDA:5,6,1,0
BRDA:10,7,0,0
BRDA:10,7,1,0
BRDA:13,8,0,0
BRDA:13,8,1,0
BRDA:13,8,2,0
BRDA:13,9,0,0
BRDA:13,9,1,0
BRDA:18,10,0,0
BRDA:18,10,1,0
BRDA:18,10,2,0
BRDA:20,11,0,0
BRDA:20,11,1,0
BRDA:22,12,0,0
BRDA:22,12,1,0
BRDA:28,13,0,0
BRDA:28,13,1,0
BRDA:28,14,0,0
BRDA:28,14,1,0
BRDA:30,15,0,0
BRDA:30,15,1,0
BRDA:30,16,0,0
BRDA:30,16,1,0
BRDA:44,17,0,0
BRDA:44,17,1,0
BRDA:68,18,0,0
BRDA:68,18,1,0
BRDA:73,19,0,0
BRDA:73,19,1,0
BRDA:78,20,0,0
BRDA:78,20,1,0
BRDA:86,21,0,0
BRDA:86,21,1,0
BRDA:89,22,0,0
BRDA:89,22,1,0
BRDA:89,23,0,0
BRDA:89,23,1,0
BRDA:90,24,0,0
BRDA:90,24,1,0
BRDA:91,25,0,0
BRDA:91,25,1,0
BRDA:92,26,0,0
BRDA:92,26,1,0
BRDA:93,27,0,0
BRDA:93,27,1,0
BRDA:93,28,0,0
BRDA:93,28,1,0
BRDA:107,29,0,0
BRDA:107,29,1,0
BRF:63
BRH:0
end_of_record
TN:
SF:src/main/index.ts
FN:2,(anonymous_0)
FN:6,(anonymous_1)
FN:9,(anonymous_2)
FN:13,(anonymous_3)
FN:15,(anonymous_4)
FN:18,(anonymous_5)
FN:19,(anonymous_6)
FN:20,(anonymous_7)
FN:27,(anonymous_8)
FN:40,(anonymous_9)
FN:64,createWindow
FN:96,(anonymous_11)
FN:119,(anonymous_12)
FN:123,(anonymous_13)
FN:140,(anonymous_14)
FN:141,(anonymous_15)
FN:142,(anonymous_16)
FN:143,(anonymous_17)
FN:147,(anonymous_18)
FN:156,(anonymous_19)
FN:167,(anonymous_20)
FN:182,(anonymous_21)
FN:192,(anonymous_22)
FN:195,(anonymous_23)
FN:219,(anonymous_24)
FN:224,(anonymous_25)
FNF:26
FNH:0
FNDA:0,(anonymous_0)
FNDA:0,(anonymous_1)
FNDA:0,(anonymous_2)
FNDA:0,(anonymous_3)
FNDA:0,(anonymous_4)
FNDA:0,(anonymous_5)
FNDA:0,(anonymous_6)
FNDA:0,(anonymous_7)
FNDA:0,(anonymous_8)
FNDA:0,(anonymous_9)
FNDA:0,createWindow
FNDA:0,(anonymous_11)
FNDA:0,(anonymous_12)
FNDA:0,(anonymous_13)
FNDA:0,(anonymous_14)
FNDA:0,(anonymous_15)
FNDA:0,(anonymous_16)
FNDA:0,(anonymous_17)
FNDA:0,(anonymous_18)
FNDA:0,(anonymous_19)
FNDA:0,(anonymous_20)
FNDA:0,(anonymous_21)
FNDA:0,(anonymous_22)
FNDA:0,(anonymous_23)
FNDA:0,(anonymous_24)
FNDA:0,(anonymous_25)
DA:2,0
DA:3,0
DA:4,0
DA:5,0
DA:6,0
DA:8,0
DA:10,0
DA:11,0
DA:13,0
DA:14,0
DA:16,0
DA:18,0
DA:19,0
DA:20,0
DA:21,0
DA:22,0
DA:23,0
DA:25,0
DA:27,0
DA:28,0
DA:29,0
DA:30,0
DA:31,0
DA:32,0
DA:35,0
DA:36,0
DA:37,0
DA:38,0
DA:39,0
DA:40,0
DA:41,0
DA:43,0
DA:44,0
DA:45,0
DA:46,0
DA:47,0
DA:48,0
DA:49,0
DA:50,0
DA:51,0
DA:52,0
DA:53,0
DA:54,0
DA:55,0
DA:56,0
DA:57,0
DA:58,0
DA:59,0
DA:60,0
DA:61,0
DA:62,0
DA:63,0
DA:65,0
DA:66,0
DA:67,0
DA:95,0
DA:96,0
DA:97,0
DA:119,0
DA:120,0
DA:121,0
DA:123,0
DA:124,0
DA:125,0
DA:126,0
DA:127,0
DA:131,0
DA:133,0
DA:134,0
DA:137,0
DA:140,0
DA:141,0
DA:142,0
DA:143,0
DA:144,0
DA:147,0
DA:148,0
DA:149,0
DA:152,0
DA:153,0
DA:156,0
DA:157,0
DA:158,0
DA:159,0
DA:162,0
DA:163,0
DA:167,0
DA:168,0
DA:169,0
DA:172,0
DA:175,0
DA:176,0
DA:180,0
DA:182,0
DA:183,0
DA:184,0
DA:187,0
DA:188,0
DA:192,0
DA:193,0
DA:194,0
DA:195,0
DA:196,0
DA:198,0
DA:199,0
DA:200,0
DA:201,0
DA:202,0
DA:203,0
DA:204,0
DA:205,0
DA:206,0
DA:207,0
DA:208,0
DA:209,0
DA:210,0
DA:211,0
DA:212,0
DA:213,0
DA:214,0
DA:215,0
DA:216,0
DA:217,0
DA:218,0
DA:219,0
DA:220,0
DA:221,0
DA:224,0
DA:225,0
DA:226,0
DA:227,0
LF:131
LH:0
BRDA:2,0,0,0
BRDA:2,0,1,0
BRDA:2,0,2,0
BRDA:2,1,0,0
BRDA:2,1,1,0
BRDA:3,2,0,0
BRDA:3,2,1,0
BRDA:5,3,0,0
BRDA:5,3,1,0
BRDA:5,4,0,0
BRDA:5,4,1,0
BRDA:5,5,0,0
BRDA:5,5,1,0
BRDA:5,6,0,0
BRDA:5,6,1,0
BRDA:10,7,0,0
BRDA:10,7,1,0
BRDA:13,8,0,0
BRDA:13,8,1,0
BRDA:13,8,2,0
BRDA:13,9,0,0
BRDA:13,9,1,0
BRDA:18,10,0,0
BRDA:18,10,1,0
BRDA:18,10,2,0
BRDA:20,11,0,0
BRDA:20,11,1,0
BRDA:22,12,0,0
BRDA:22,12,1,0
BRDA:28,13,0,0
BRDA:28,13,1,0
BRDA:28,14,0,0
BRDA:28,14,1,0
BRDA:30,15,0,0
BRDA:30,15,1,0
BRDA:30,16,0,0
BRDA:30,16,1,0
BRDA:82,17,0,0
BRDA:82,17,1,0
BRDA:95,18,0,0
BRDA:95,18,1,0
BRDA:126,19,0,0
BRDA:126,19,1,0
BRDA:126,20,0,0
BRDA:126,20,1,0
BRDA:133,21,0,0
BRDA:133,21,1,0
BRDA:133,22,0,0
BRDA:133,22,1,0
BRDA:144,23,0,0
BRDA:144,23,1,0
BRDA:163,24,0,0
BRDA:163,24,1,0
BRDA:172,25,0,0
BRDA:172,25,1,0
BRDA:183,26,0,0
BRDA:183,26,1,0
BRDA:220,27,0,0
BRDA:220,27,1,0
BRDA:226,28,0,0
BRDA:226,28,1,0
BRF:61
BRH:0
end_of_record
TN:
SF:src/main/jsonStore.ts
FN:15,(anonymous_0)
FN:31,withWriteLock
FN:34,(anonymous_2)
FN:51,atomicWrite
FN:71,readJsonSync
FN:88,writeJsonLocked
FN:89,(anonymous_6)
FN:96,updateJson
FN:97,(anonymous_8)
FNF:9
FNH:0
FNDA:0,(anonymous_0)
FNDA:0,withWriteLock
FNDA:0,(anonymous_2)
FNDA:0,atomicWrite
FNDA:0,readJsonSync
FNDA:0,writeJsonLocked
FNDA:0,(anonymous_6)
FNDA:0,updateJson
FNDA:0,(anonymous_8)
DA:15,0
DA:16,0
DA:18,0
DA:19,0
DA:20,0
DA:21,0
DA:22,0
DA:23,0
DA:26,0
DA:32,0
DA:34,0
DA:35,0
DA:36,0
DA:37,0
DA:38,0
DA:41,0
DA:43,0
DA:44,0
DA:52,0
DA:53,0
DA:54,0
DA:55,0
DA:58,0
DA:59,0
DA:62,0
DA:72,0
DA:73,0
DA:76,0
DA:77,0
DA:79,0
DA:89,0
DA:97,0
DA:99,0
DA:100,0
DA:103,0
DA:104,0
DA:106,0
DA:108,0
DA:109,0
DA:110,0
LF:40
LH:0
BRDA:15,0,0,0
BRDA:15,0,1,0
BRDA:15,0,2,0
BRDA:16,1,0,0
BRDA:16,1,1,0
BRDA:16,2,0,0
BRDA:16,2,1,0
BRDA:32,3,0,0
BRDA:32,3,1,0
BRDA:43,4,0,0
BRDA:43,4,1,0
BRDA:76,5,0,0
BRDA:76,5,1,0
BRDA:103,6,0,0
BRDA:103,6,1,0
BRF:15
BRH:0
end_of_record
TN:
SF:src/main/logger.ts
FN:2,(anonymous_0)
FN:6,(anonymous_1)
FN:9,(anonymous_2)
FN:13,(anonymous_3)
FN:15,(anonymous_4)
FN:18,(anonymous_5)
FN:19,(anonymous_6)
FN:20,(anonymous_7)
FN:27,(anonymous_8)
FN:35,(anonymous_9)
FN:44,(anonymous_10)
FN:53,logIpcError
FNF:12
FNH:0
FNDA:0,(anonymous_0)
FNDA:0,(anonymous_1)
FNDA:0,(anonymous_2)
FNDA:0,(anonymous_3)
FNDA:0,(anonymous_4)
FNDA:0,(anonymous_5)
FNDA:0,(anonymous_6)
FNDA:0,(anonymous_7)
FNDA:0,(anonymous_8)
FNDA:0,(anonymous_9)
FNDA:0,(anonymous_10)
FNDA:0,logIpcError
DA:2,0
DA:3,0
DA:4,0
DA:5,0
DA:6,0
DA:8,0
DA:10,0
DA:11,0
DA:13,0
DA:14,0
DA:16,0
DA:18,0
DA:19,0
DA:20,0
DA:21,0
DA:22,0
DA:23,0
DA:25,0
DA:27,0
DA:28,0
DA:29,0
DA:30,0
DA:31,0
DA:32,0
DA:35,0
DA:36,0
DA:38,0
DA:39,0
DA:40,0
DA:41,0
DA:42,0
DA:44,0
DA:46,0
DA:48,0
DA:50,0
DA:51,0
DA:54,0
DA:55,0
DA:56,0
LF:39
LH:0
BRDA:2,0,0,0
BRDA:2,0,1,0
BRDA:2,0,2,0
BRDA:2,1,0,0
BRDA:2,1,1,0
BRDA:3,2,0,0
BRDA:3,2,1,0
BRDA:5,3,0,0
BRDA:5,3,1,0
BRDA:5,4,0,0
BRDA:5,4,1,0
BRDA:5,5,0,0
BRDA:5,5,1,0
BRDA:5,6,0,0
BRDA:5,6,1,0
BRDA:10,7,0,0
BRDA:10,7,1,0
BRDA:13,8,0,0
BRDA:13,8,1,0
BRDA:13,8,2,0
BRDA:13,9,0,0
BRDA:13,9,1,0
BRDA:18,10,0,0
BRDA:18,10,1,0
BRDA:18,10,2,0
BRDA:20,11,0,0
BRDA:20,11,1,0
BRDA:22,12,0,0
BRDA:22,12,1,0
BRDA:28,13,0,0
BRDA:28,13,1,0
BRDA:28,14,0,0
BRDA:28,14,1,0
BRDA:30,15,0,0
BRDA:30,15,1,0
BRDA:30,16,0,0
BRDA:30,16,1,0
BRDA:35,17,0,0
BRDA:35,17,1,0
BRDA:35,17,2,0
BRDA:36,18,0,0
BRDA:36,18,1,0
BRDA:36,19,0,0
BRDA:36,19,1,0
BRDA:46,20,0,0
BRDA:46,20,1,0
BRDA:48,21,0,0
BRDA:48,21,1,0
BRDA:54,22,0,0
BRDA:54,22,1,0
BRDA:55,23,0,0
BRDA:55,23,1,0
BRF:52
BRH:0
end_of_record
TN:
SF:src/main/notes.ts
FN:2,(anonymous_0)
FN:14,getNotesPath
FN:17,registerNotesHandlers
FN:18,(anonymous_3)
FN:24,(anonymous_4)
FN:32,(anonymous_5)
FNF:6
FNH:0
FNDA:0,(anonymous_0)
FNDA:0,getNotesPath
FNDA:0,registerNotesHandlers
FNDA:0,(anonymous_3)
FNDA:0,(anonymous_4)
FNDA:0,(anonymous_5)
DA:2,0
DA:3,0
DA:5,0
DA:6,0
DA:7,0
DA:8,0
DA:9,0
DA:10,0
DA:11,0
DA:12,0
DA:13,0
DA:15,0
DA:18,0
DA:19,0
DA:20,0
DA:21,0
DA:22,0
DA:24,0
DA:25,0
DA:26,0
DA:27,0
DA:28,0
DA:29,0
DA:31,0
DA:32,0
DA:33,0
DA:34,0
DA:37,0
DA:39,0
DA:41,0
DA:44,0
DA:45,0
LF:32
LH:0
BRDA:2,0,0,0
BRDA:2,0,1,0
BRDA:2,0,2,0
BRDA:3,1,0,0
BRDA:3,1,1,0
BRDA:3,2,0,0
BRDA:3,2,1,0
BRDA:20,3,0,0
BRDA:20,3,1,0
BRDA:22,4,0,0
BRDA:22,4,1,0
BRDA:27,5,0,0
BRDA:27,5,1,0
BRDA:27,6,0,0
BRDA:27,6,1,0
BRDA:33,7,0,0
BRDA:33,7,1,0
BRF:17
BRH:0
end_of_record
TN:
SF:src/main/pdfTool.ts
FN:2,(anonymous_0)
FN:6,(anonymous_1)
FN:9,(anonymous_2)
FN:13,(anonymous_3)
FN:15,(anonymous_4)
FN:18,(anonymous_5)
FN:19,(anonymous_6)
FN:20,(anonymous_7)
FN:27,(anonymous_8)
FN:43,getPDFDocument
FN:45,(anonymous_10)
FN:53,registerPdfToolHandlers
FN:54,(anonymous_12)
FN:62,(anonymous_13)
FN:67,(anonymous_14)
FN:68,(anonymous_15)
FN:83,(anonymous_16)
FN:97,(anonymous_17)
FN:134,(anonymous_18)
FNF:19
FNH:0
FNDA:0,(anonymous_0)
FNDA:0,(anonymous_1)
FNDA:0,(anonymous_2)
FNDA:0,(anonymous_3)
FNDA:0,(anonymous_4)
FNDA:0,(anonymous_5)
FNDA:0,(anonymous_6)
FNDA:0,(anonymous_7)
FNDA:0,(anonymous_8)
FNDA:0,getPDFDocument
FNDA:0,(anonymous_10)
FNDA:0,registerPdfToolHandlers
FNDA:0,(anonymous_12)
FNDA:0,(anonymous_13)
FNDA:0,(anonymous_14)
FNDA:0,(anonymous_15)
FNDA:0,(anonymous_16)
FNDA:0,(anonymous_17)
FNDA:0,(anonymous_18)
DA:2,0
DA:3,0
DA:4,0
DA:5,0
DA:6,0
DA:8,0
DA:10,0
DA:11,0
DA:13,0
DA:14,0
DA:16,0
DA:18,0
DA:19,0
DA:20,0
DA:21,0
DA:22,0
DA:23,0
DA:25,0
DA:27,0
DA:28,0
DA:29,0
DA:30,0
DA:31,0
DA:32,0
DA:35,0
DA:36,0
DA:37,0
DA:38,0
DA:39,0
DA:40,0
DA:42,0
DA:44,0
DA:45,0
DA:47,0
DA:49,0
DA:50,0
DA:51,0
DA:52,0
DA:54,0
DA:55,0
DA:56,0
DA:60,0
DA:62,0
DA:63,0
DA:64,0
DA:65,0
DA:67,0
DA:68,0
DA:69,0
DA:70,0
DA:71,0
DA:72,0
DA:74,0
DA:75,0
DA:76,0
DA:77,0
DA:78,0
DA:79,0
DA:80,0
DA:81,0
DA:82,0
DA:83,0
DA:85,0
DA:86,0
DA:87,0
DA:88,0
DA:89,0
DA:90,0
DA:93,0
DA:94,0
DA:97,0
DA:98,0
DA:99,0
DA:100,0
DA:101,0
DA:103,0
DA:104,0
DA:105,0
DA:106,0
DA:107,0
DA:108,0
DA:109,0
DA:110,0
DA:111,0
DA:112,0
DA:114,0
DA:115,0
DA:116,0
DA:117,0
DA:118,0
DA:119,0
DA:120,0
DA:121,0
DA:122,0
DA:123,0
DA:124,0
DA:126,0
DA:127,0
DA:130,0
DA:131,0
DA:134,0
DA:135,0
DA:136,0
DA:137,0
DA:138,0
DA:139,0
DA:140,0
DA:143,0
DA:144,0
LF:109
LH:0
BRDA:2,0,0,0
BRDA:2,0,1,0
BRDA:2,0,2,0
BRDA:2,1,0,0
BRDA:2,1,1,0
BRDA:3,2,0,0
BRDA:3,2,1,0
BRDA:5,3,0,0
BRDA:5,3,1,0
BRDA:5,4,0,0
BRDA:5,4,1,0
BRDA:5,5,0,0
BRDA:5,5,1,0
BRDA:5,6,0,0
BRDA:5,6,1,0
BRDA:10,7,0,0
BRDA:10,7,1,0
BRDA:13,8,0,0
BRDA:13,8,1,0
BRDA:13,8,2,0
BRDA:13,9,0,0
BRDA:13,9,1,0
BRDA:18,10,0,0
BRDA:18,10,1,0
BRDA:18,10,2,0
BRDA:20,11,0,0
BRDA:20,11,1,0
BRDA:22,12,0,0
BRDA:22,12,1,0
BRDA:28,13,0,0
BRDA:28,13,1,0
BRDA:28,14,0,0
BRDA:28,14,1,0
BRDA:30,15,0,0
BRDA:30,15,1,0
BRDA:30,16,0,0
BRDA:30,16,1,0
BRDA:44,17,0,0
BRDA:44,17,1,0
BRDA:60,18,0,0
BRDA:60,18,1,0
BRDA:65,19,0,0
BRDA:65,19,1,0
BRDA:71,20,0,0
BRDA:71,20,1,0
BRDA:71,21,0,0
BRDA:71,21,1,0
BRDA:86,22,0,0
BRDA:86,22,1,0
BRDA:94,23,0,0
BRDA:94,23,1,0
BRDA:100,24,0,0
BRDA:100,24,1,0
BRDA:100,25,0,0
BRDA:100,25,1,0
BRDA:111,26,0,0
BRDA:111,26,1,0
BRDA:114,27,0,0
BRDA:114,27,1,0
BRDA:131,28,0,0
BRDA:131,28,1,0
BRDA:136,29,0,0
BRDA:136,29,1,0
BRDA:144,30,0,0
BRDA:144,30,1,0
BRF:65
BRH:0
end_of_record
TN:
SF:src/main/pomodoro.ts
FN:2,(anonymous_0)
FN:19,getPath
FN:22,loadStats
FN:25,saveStats
FN:29,registerPomodoroHandlers
FN:31,(anonymous_5)
FN:33,(anonymous_6)
FN:41,(anonymous_7)
FN:49,(anonymous_8)
FN:57,(anonymous_9)
FNF:10
FNH:0
FNDA:0,(anonymous_0)
FNDA:0,getPath
FNDA:0,loadStats
FNDA:0,saveStats
FNDA:0,registerPomodoroHandlers
FNDA:0,(anonymous_5)
FNDA:0,(anonymous_6)
FNDA:0,(anonymous_7)
FNDA:0,(anonymous_8)
FNDA:0,(anonymous_9)
DA:2,0
DA:3,0
DA:5,0
DA:6,0
DA:7,0
DA:8,0
DA:9,0
DA:10,0
DA:11,0
DA:13,0
DA:20,0
DA:23,0
DA:26,0
DA:31,0
DA:33,0
DA:34,0
DA:35,0
DA:36,0
DA:37,0
DA:39,0
DA:40,0
DA:41,0
DA:42,0
DA:43,0
DA:44,0
DA:47,0
DA:49,0
DA:50,0
DA:52,0
DA:53,0
DA:54,0
DA:57,0
DA:58,0
DA:59,0
DA:60,0
LF:35
LH:0
BRDA:2,0,0,0
BRDA:2,0,1,0
BRDA:2,0,2,0
BRDA:3,1,0,0
BRDA:3,1,1,0
BRDA:3,2,0,0
BRDA:3,2,1,0
BRDA:35,3,0,0
BRDA:35,3,1,0
BRDA:42,4,0,0
BRDA:42,4,1,0
BRF:11
BRH:0
end_of_record
TN:
SF:src/main/quickNotes.ts
FN:2,(anonymous_0)
FN:13,(anonymous_1)
FN:23,getPath
FN:26,load
FN:31,save
FN:39,registerQuickNotesHandlers
FN:41,(anonymous_6)
FN:42,(anonymous_7)
FN:49,(anonymous_8)
FN:66,(anonymous_9)
FN:72,(anonymous_10)
FNF:11
FNH:0
FNDA:0,(anonymous_0)
FNDA:0,(anonymous_1)
FNDA:0,getPath
FNDA:0,load
FNDA:0,save
FNDA:0,registerQuickNotesHandlers
FNDA:0,(anonymous_6)
FNDA:0,(anonymous_7)
FNDA:0,(anonymous_8)
FNDA:0,(anonymous_9)
FNDA:0,(anonymous_10)
DA:2,0
DA:3,0
DA:5,0
DA:6,0
DA:7,0
DA:8,0
DA:9,0
DA:10,0
DA:11,0
DA:12,0
DA:13,0
DA:14,0
DA:15,0
DA:21,0
DA:22,0
DA:24,0
DA:27,0
DA:28,0
DA:29,0
DA:32,0
DA:33,0
DA:36,0
DA:40,0
DA:41,0
DA:42,0
DA:43,0
DA:44,0
DA:45,0
DA:46,0
DA:48,0
DA:49,0
DA:50,0
DA:51,0
DA:54,0
DA:55,0
DA:63,0
DA:64,0
DA:66,0
DA:67,0
DA:68,0
DA:69,0
DA:70,0
DA:72,0
DA:73,0
DA:74,0
DA:75,0
LF:46
LH:0
BRDA:2,0,0,0
BRDA:2,0,1,0
BRDA:2,0,2,0
BRDA:3,1,0,0
BRDA:3,1,1,0
BRDA:3,2,0,0
BRDA:3,2,1,0
BRDA:28,3,0,0
BRDA:28,3,1,0
BRDA:44,4,0,0
BRDA:44,4,1,0
BRDA:50,5,0,0
BRDA:50,5,1,0
BRDA:57,6,0,0
BRDA:57,6,1,0
BRDA:58,7,0,0
BRDA:58,7,1,0
BRDA:59,8,0,0
BRDA:59,8,1,0
BRDA:68,9,0,0
BRDA:68,9,1,0
BRF:21
BRH:0
end_of_record
TN:
SF:src/main/reminders.ts
FN:2,(anonymous_0)
FN:20,getRemindersPath
FN:23,loadReminders
FN:36,saveReminders
FN:44,checkAndNotify
FN:64,(anonymous_5)
FN:78,registerRemindersHandlers
FN:82,(anonymous_7)
FN:83,(anonymous_8)
FN:95,(anonymous_9)
FN:99,(anonymous_10)
FN:104,(anonymous_11)
FN:108,(anonymous_12)
FN:116,(anonymous_13)
FNF:14
FNH:0
FNDA:0,(anonymous_0)
FNDA:0,getRemindersPath
FNDA:0,loadReminders
FNDA:0,saveReminders
FNDA:0,checkAndNotify
FNDA:0,(anonymous_5)
FNDA:0,registerRemindersHandlers
FNDA:0,(anonymous_7)
FNDA:0,(anonymous_8)
FNDA:0,(anonymous_9)
FNDA:0,(anonymous_10)
FNDA:0,(anonymous_11)
FNDA:0,(anonymous_12)
FNDA:0,(anonymous_13)
DA:2,0
DA:3,0
DA:5,0
DA:6,0
DA:7,0
DA:8,0
DA:9,0
DA:10,0
DA:11,0
DA:12,0
DA:13,0
DA:19,0
DA:21,0
DA:24,0
DA:25,0
DA:26,0
DA:27,0
DA:30,0
DA:31,0
DA:33,0
DA:37,0
DA:38,0
DA:41,0
DA:45,0
DA:46,0
DA:47,0
DA:49,0
DA:50,0
DA:51,0
DA:52,0
DA:53,0
DA:54,0
DA:55,0
DA:56,0
DA:57,0
DA:59,0
DA:60,0
DA:64,0
DA:65,0
DA:66,0
DA:67,0
DA:69,0
DA:70,0
DA:74,0
DA:75,0
DA:77,0
DA:79,0
DA:80,0
DA:81,0
DA:82,0
DA:83,0
DA:84,0
DA:85,0
DA:86,0
DA:87,0
DA:89,0
DA:90,0
DA:91,0
DA:92,0
DA:93,0
DA:95,0
DA:96,0
DA:97,0
DA:98,0
DA:99,0
DA:100,0
DA:101,0
DA:102,0
DA:104,0
DA:105,0
DA:106,0
DA:107,0
DA:108,0
DA:109,0
DA:110,0
DA:111,0
DA:114,0
DA:115,0
DA:116,0
LF:79
LH:0
BRDA:2,0,0,0
BRDA:2,0,1,0
BRDA:2,0,2,0
BRDA:3,1,0,0
BRDA:3,1,1,0
BRDA:3,2,0,0
BRDA:3,2,1,0
BRDA:27,3,0,0
BRDA:27,3,1,0
BRDA:30,4,0,0
BRDA:30,4,1,0
BRDA:51,5,0,0
BRDA:51,5,1,0
BRDA:51,6,0,0
BRDA:51,6,1,0
BRDA:55,7,0,0
BRDA:55,7,1,0
BRDA:59,8,0,0
BRDA:59,8,1,0
BRDA:62,9,0,0
BRDA:62,9,1,0
BRDA:65,10,0,0
BRDA:65,10,1,0
BRDA:74,11,0,0
BRDA:74,11,1,0
BRDA:79,12,0,0
BRDA:79,12,1,0
BRDA:85,13,0,0
BRDA:85,13,1,0
BRDA:97,14,0,0
BRDA:97,14,1,0
BRDA:106,15,0,0
BRDA:106,15,1,0
BRDA:108,16,0,0
BRDA:108,16,1,0
BRF:35
BRH:0
end_of_record
TN:
SF:src/main/screenCapture.ts
FN:2,(anonymous_0)
FN:6,(anonymous_1)
FN:9,(anonymous_2)
FN:13,(anonymous_3)
FN:15,(anonymous_4)
FN:18,(anonymous_5)
FN:19,(anonymous_6)
FN:20,(anonymous_7)
FN:27,(anonymous_8)
FN:44,parseRecommendations
FN:72,withTimeout
FN:75,(anonymous_11)
FN:75,(anonymous_12)
FN:78,sleep
FN:79,(anonymous_14)
FN:81,registerScreenCaptureHandlers
FN:82,(anonymous_16)
FN:114,(anonymous_17)
FNF:18
FNH:0
FNDA:0,(anonymous_0)
FNDA:0,(anonymous_1)
FNDA:0,(anonymous_2)
FNDA:0,(anonymous_3)
FNDA:0,(anonymous_4)
FNDA:0,(anonymous_5)
FNDA:0,(anonymous_6)
FNDA:0,(anonymous_7)
FNDA:0,(anonymous_8)
FNDA:0,parseRecommendations
FNDA:0,withTimeout
FNDA:0,(anonymous_11)
FNDA:0,(anonymous_12)
FNDA:0,sleep
FNDA:0,(anonymous_14)
FNDA:0,registerScreenCaptureHandlers
FNDA:0,(anonymous_16)
FNDA:0,(anonymous_17)
DA:2,0
DA:3,0
DA:4,0
DA:5,0
DA:6,0
DA:8,0
DA:10,0
DA:11,0
DA:13,0
DA:14,0
DA:16,0
DA:18,0
DA:19,0
DA:20,0
DA:21,0
DA:22,0
DA:23,0
DA:25,0
DA:27,0
DA:28,0
DA:29,0
DA:30,0
DA:31,0
DA:32,0
DA:35,0
DA:36,0
DA:37,0
DA:38,0
DA:39,0
DA:40,0
DA:41,0
DA:42,0
DA:43,0
DA:45,0
DA:46,0
DA:47,0
DA:48,0
DA:49,0
DA:50,0
DA:51,0
DA:52,0
DA:53,0
DA:54,0
DA:56,0
DA:57,0
DA:58,0
DA:59,0
DA:60,0
DA:61,0
DA:63,0
DA:64,0
DA:66,0
DA:69,0
DA:73,0
DA:75,0
DA:79,0
DA:82,0
DA:83,0
DA:85,0
DA:86,0
DA:87,0
DA:88,0
DA:90,0
DA:91,0
DA:95,0
DA:96,0
DA:97,0
DA:98,0
DA:99,0
DA:100,0
DA:101,0
DA:102,0
DA:103,0
DA:104,0
DA:106,0
DA:107,0
DA:108,0
DA:110,0
DA:111,0
DA:113,0
DA:114,0
DA:116,0
DA:132,0
DA:133,0
DA:134,0
DA:136,0
DA:137,0
DA:138,0
DA:150,0
DA:152,0
DA:153,0
DA:154,0
DA:155,0
DA:157,0
DA:159,0
DA:160,0
DA:161,0
DA:162,0
DA:163,0
DA:164,0
DA:165,0
DA:167,0
DA:178,0
DA:179,0
DA:180,0
DA:181,0
DA:183,0
DA:184,0
DA:187,0
DA:188,0
DA:189,0
DA:190,0
LF:112
LH:0
BRDA:2,0,0,0
BRDA:2,0,1,0
BRDA:2,0,2,0
BRDA:2,1,0,0
BRDA:2,1,1,0
BRDA:3,2,0,0
BRDA:3,2,1,0
BRDA:5,3,0,0
BRDA:5,3,1,0
BRDA:5,4,0,0
BRDA:5,4,1,0
BRDA:5,5,0,0
BRDA:5,5,1,0
BRDA:5,6,0,0
BRDA:5,6,1,0
BRDA:10,7,0,0
BRDA:10,7,1,0
BRDA:13,8,0,0
BRDA:13,8,1,0
BRDA:13,8,2,0
BRDA:13,9,0,0
BRDA:13,9,1,0
BRDA:18,10,0,0
BRDA:18,10,1,0
BRDA:18,10,2,0
BRDA:20,11,0,0
BRDA:20,11,1,0
BRDA:22,12,0,0
BRDA:22,12,1,0
BRDA:28,13,0,0
BRDA:28,13,1,0
BRDA:28,14,0,0
BRDA:28,14,1,0
BRDA:30,15,0,0
BRDA:30,15,1,0
BRDA:30,16,0,0
BRDA:30,16,1,0
BRDA:47,17,0,0
BRDA:47,17,1,0
BRDA:50,18,0,0
BRDA:50,18,1,0
BRDA:56,19,0,0
BRDA:56,19,1,0
BRDA:57,20,0,0
BRDA:57,20,1,0
BRDA:57,21,0,0
BRDA:57,21,1,0
BRDA:57,22,0,0
BRDA:57,22,1,0
BRDA:58,23,0,0
BRDA:58,23,1,0
BRDA:58,24,0,0
BRDA:58,24,1,0
BRDA:60,25,0,0
BRDA:60,25,1,0
BRDA:63,26,0,0
BRDA:63,26,1,0
BRDA:86,27,0,0
BRDA:86,27,1,0
BRDA:95,28,0,0
BRDA:95,28,1,0
BRDA:97,29,0,0
BRDA:97,29,1,0
BRDA:100,30,0,0
BRDA:100,30,1,0
BRDA:103,31,0,0
BRDA:103,31,1,0
BRDA:103,32,0,0
BRDA:103,32,1,0
BRDA:107,33,0,0
BRDA:107,33,1,0
BRDA:110,34,0,0
BRDA:110,34,1,0
BRDA:134,35,0,0
BRDA:134,35,1,0
BRDA:150,36,0,0
BRDA:150,36,1,0
BRDA:153,37,0,0
BRDA:153,37,1,0
BRDA:157,38,0,0
BRDA:157,38,1,0
BRDA:162,39,0,0
BRDA:162,39,1,0
BRDA:164,40,0,0
BRDA:164,40,1,0
BRDA:178,41,0,0
BRDA:178,41,1,0
BRDA:187,42,0,0
BRDA:187,42,1,0
BRDA:192,43,0,0
BRDA:192,43,1,0
BRF:91
BRH:0
end_of_record
TN:
SF:src/main/search.ts
FN:2,(anonymous_0)
FN:10,registerSearchHandlers
FN:11,(anonymous_2)
FN:26,(anonymous_3)
FN:30,(anonymous_4)
FN:43,walkSearch
FN:117,matchesQuery
FN:139,searchFileContent
FNF:8
FNH:0
FNDA:0,(anonymous_0)
FNDA:0,registerSearchHandlers
FNDA:0,(anonymous_2)
FNDA:0,(anonymous_3)
FNDA:0,(anonymous_4)
FNDA:0,walkSearch
FNDA:0,matchesQuery
FNDA:0,searchFileContent
DA:2,0
DA:3,0
DA:5,0
DA:6,0
DA:7,0
DA:8,0
DA:9,0
DA:11,0
DA:13,0
DA:14,0
DA:15,0
DA:16,0
DA:17,0
DA:21,0
DA:23,0
DA:24,0
DA:26,0
DA:27,0
DA:28,0
DA:29,0
DA:30,0
DA:31,0
DA:32,0
DA:34,0
DA:38,0
DA:40,0
DA:44,0
DA:45,0
DA:47,0
DA:48,0
DA:51,0
DA:53,0
DA:54,0
DA:55,0
DA:56,0
DA:57,0
DA:58,0
DA:59,0
DA:60,0
DA:61,0
DA:62,0
DA:72,0
DA:75,0
DA:76,0
DA:77,0
DA:78,0
DA:79,0
DA:80,0
DA:83,0
DA:84,0
DA:87,0
DA:89,0
DA:90,0
DA:91,0
DA:92,0
DA:93,0
DA:94,0
DA:95,0
DA:96,0
DA:97,0
DA:99,0
DA:100,0
DA:101,0
DA:102,0
DA:103,0
DA:105,0
DA:118,0
DA:119,0
DA:120,0
DA:121,0
DA:123,0
DA:124,0
DA:125,0
DA:126,0
DA:127,0
DA:128,0
DA:129,0
DA:132,0
DA:135,0
DA:136,0
DA:137,0
DA:140,0
DA:141,0
DA:142,0
DA:143,0
DA:144,0
DA:145,0
DA:146,0
DA:147,0
DA:148,0
DA:149,0
DA:150,0
DA:151,0
DA:152,0
DA:155,0
LF:95
LH:0
BRDA:2,0,0,0
BRDA:2,0,1,0
BRDA:2,0,2,0
BRDA:3,1,0,0
BRDA:3,1,1,0
BRDA:3,2,0,0
BRDA:3,2,1,0
BRDA:13,3,0,0
BRDA:13,3,1,0
BRDA:16,4,0,0
BRDA:16,4,1,0
BRDA:31,5,0,0
BRDA:31,5,1,0
BRDA:34,6,0,0
BRDA:34,6,1,0
BRDA:44,7,0,0
BRDA:44,7,1,0
BRDA:54,8,0,0
BRDA:54,8,1,0
BRDA:58,9,0,0
BRDA:58,9,1,0
BRDA:59,10,0,0
BRDA:59,10,1,0
BRDA:59,11,0,0
BRDA:59,11,1,0
BRDA:75,12,0,0
BRDA:75,12,1,0
BRDA:78,13,0,0
BRDA:78,13,1,0
BRDA:78,14,0,0
BRDA:78,14,1,0
BRDA:79,15,0,0
BRDA:79,15,1,0
BRDA:89,16,0,0
BRDA:89,16,1,0
BRDA:89,17,0,0
BRDA:89,17,1,0
BRDA:91,18,0,0
BRDA:91,18,1,0
BRDA:91,19,0,0
BRDA:91,19,1,0
BRDA:93,20,0,0
BRDA:93,20,1,0
BRDA:93,21,0,0
BRDA:93,21,1,0
BRDA:95,22,0,0
BRDA:95,22,1,0
BRDA:95,23,0,0
BRDA:95,23,1,0
BRDA:97,24,0,0
BRDA:97,24,1,0
BRDA:99,25,0,0
BRDA:99,25,1,0
BRDA:99,26,0,0
BRDA:99,26,1,0
BRDA:101,27,0,0
BRDA:101,27,1,0
BRDA:118,28,0,0
BRDA:118,28,1,0
BRDA:120,29,0,0
BRDA:120,29,1,0
BRDA:123,30,0,0
BRDA:123,30,1,0
BRDA:125,31,0,0
BRDA:125,31,1,0
BRDA:127,32,0,0
BRDA:127,32,1,0
BRDA:135,33,0,0
BRDA:135,33,1,0
BRDA:136,34,0,0
BRDA:136,34,1,0
BRDA:142,35,0,0
BRDA:142,35,1,0
BRDA:145,36,0,0
BRDA:145,36,1,0
BRDA:146,37,0,0
BRDA:146,37,1,0
BRDA:148,38,0,0
BRDA:148,38,1,0
BRF:79
BRH:0
end_of_record
TN:
SF:src/main/settings.ts
FN:2,(anonymous_0)
FN:6,(anonymous_1)
FN:9,(anonymous_2)
FN:13,(anonymous_3)
FN:15,(anonymous_4)
FN:18,(anonymous_5)
FN:19,(anonymous_6)
FN:20,(anonymous_7)
FN:27,(anonymous_8)
FN:42,(anonymous_9)
FN:51,load
FN:59,save
FN:64,initShortcut
FN:76,registerSettingsHandlers
FN:77,(anonymous_14)
FN:78,(anonymous_15)
FN:92,(anonymous_16)
FN:93,(anonymous_17)
FN:100,(anonymous_18)
FN:104,(anonymous_19)
FNF:20
FNH:0
FNDA:0,(anonymous_0)
FNDA:0,(anonymous_1)
FNDA:0,(anonymous_2)
FNDA:0,(anonymous_3)
FNDA:0,(anonymous_4)
FNDA:0,(anonymous_5)
FNDA:0,(anonymous_6)
FNDA:0,(anonymous_7)
FNDA:0,(anonymous_8)
FNDA:0,(anonymous_9)
FNDA:0,load
FNDA:0,save
FNDA:0,initShortcut
FNDA:0,registerSettingsHandlers
FNDA:0,(anonymous_14)
FNDA:0,(anonymous_15)
FNDA:0,(anonymous_16)
FNDA:0,(anonymous_17)
FNDA:0,(anonymous_18)
FNDA:0,(anonymous_19)
DA:2,0
DA:3,0
DA:4,0
DA:5,0
DA:6,0
DA:8,0
DA:10,0
DA:11,0
DA:13,0
DA:14,0
DA:16,0
DA:18,0
DA:19,0
DA:20,0
DA:21,0
DA:22,0
DA:23,0
DA:25,0
DA:27,0
DA:28,0
DA:29,0
DA:30,0
DA:31,0
DA:32,0
DA:35,0
DA:36,0
DA:37,0
DA:38,0
DA:39,0
DA:40,0
DA:41,0
DA:42,0
DA:43,0
DA:52,0
DA:53,0
DA:56,0
DA:60,0
DA:62,0
DA:63,0
DA:65,0
DA:66,0
DA:67,0
DA:68,0
DA:69,0
DA:70,0
DA:71,0
DA:72,0
DA:74,0
DA:77,0
DA:78,0
DA:79,0
DA:80,0
DA:81,0
DA:82,0
DA:83,0
DA:84,0
DA:85,0
DA:86,0
DA:88,0
DA:89,0
DA:90,0
DA:92,0
DA:93,0
DA:94,0
DA:95,0
DA:97,0
DA:98,0
DA:100,0
DA:101,0
DA:102,0
DA:104,0
DA:105,0
DA:106,0
DA:107,0
DA:108,0
DA:109,0
DA:110,0
DA:111,0
DA:112,0
DA:113,0
DA:114,0
DA:115,0
DA:116,0
LF:83
LH:0
BRDA:2,0,0,0
BRDA:2,0,1,0
BRDA:2,0,2,0
BRDA:2,1,0,0
BRDA:2,1,1,0
BRDA:3,2,0,0
BRDA:3,2,1,0
BRDA:5,3,0,0
BRDA:5,3,1,0
BRDA:5,4,0,0
BRDA:5,4,1,0
BRDA:5,5,0,0
BRDA:5,5,1,0
BRDA:5,6,0,0
BRDA:5,6,1,0
BRDA:10,7,0,0
BRDA:10,7,1,0
BRDA:13,8,0,0
BRDA:13,8,1,0
BRDA:13,8,2,0
BRDA:13,9,0,0
BRDA:13,9,1,0
BRDA:18,10,0,0
BRDA:18,10,1,0
BRDA:18,10,2,0
BRDA:20,11,0,0
BRDA:20,11,1,0
BRDA:22,12,0,0
BRDA:22,12,1,0
BRDA:28,13,0,0
BRDA:28,13,1,0
BRDA:28,14,0,0
BRDA:28,14,1,0
BRDA:30,15,0,0
BRDA:30,15,1,0
BRDA:30,16,0,0
BRDA:30,16,1,0
BRDA:69,17,0,0
BRDA:69,17,1,0
BRDA:79,18,0,0
BRDA:79,18,1,0
BRDA:79,19,0,0
BRDA:79,19,1,0
BRDA:84,20,0,0
BRDA:84,20,1,0
BRDA:94,21,0,0
BRDA:94,21,1,0
BRDA:94,22,0,0
BRDA:94,22,1,0
BRDA:107,23,0,0
BRDA:107,23,1,0
BRDA:108,24,0,0
BRDA:108,24,1,0
BRDA:109,25,0,0
BRDA:109,25,1,0
BRDA:110,26,0,0
BRDA:110,26,1,0
BRDA:111,27,0,0
BRDA:111,27,1,0
BRDA:112,28,0,0
BRDA:112,28,1,0
BRDA:113,29,0,0
BRDA:113,29,1,0
BRDA:113,30,0,0
BRDA:113,30,1,0
BRF:65
BRH:0
end_of_record
TN:
SF:src/main/smartFolders.ts
FN:2,(anonymous_0)
FN:29,getSmartFoldersPath
FN:32,loadSmartFolders
FN:45,saveSmartFolders
FN:53,registerSmartFoldersHandlers
FN:54,(anonymous_5)
FN:55,(anonymous_6)
FN:63,(anonymous_7)
FN:74,(anonymous_8)
FN:78,(anonymous_9)
FNF:10
FNH:0
FNDA:0,(anonymous_0)
FNDA:0,getSmartFoldersPath
FNDA:0,loadSmartFolders
FNDA:0,saveSmartFolders
FNDA:0,registerSmartFoldersHandlers
FNDA:0,(anonymous_5)
FNDA:0,(anonymous_6)
FNDA:0,(anonymous_7)
FNDA:0,(anonymous_8)
FNDA:0,(anonymous_9)
DA:2,0
DA:3,0
DA:5,0
DA:6,0
DA:7,0
DA:8,0
DA:9,0
DA:10,0
DA:11,0
DA:12,0
DA:28,0
DA:30,0
DA:33,0
DA:34,0
DA:35,0
DA:36,0
DA:39,0
DA:40,0
DA:42,0
DA:46,0
DA:47,0
DA:50,0
DA:54,0
DA:55,0
DA:56,0
DA:57,0
DA:58,0
DA:59,0
DA:61,0
DA:62,0
DA:63,0
DA:64,0
DA:65,0
DA:68,0
DA:70,0
DA:71,0
DA:72,0
DA:74,0
DA:75,0
DA:76,0
DA:77,0
DA:78,0
DA:79,0
DA:80,0
DA:81,0
LF:45
LH:0
BRDA:2,0,0,0
BRDA:2,0,1,0
BRDA:2,0,2,0
BRDA:3,1,0,0
BRDA:3,1,1,0
BRDA:3,2,0,0
BRDA:3,2,1,0
BRDA:36,3,0,0
BRDA:36,3,1,0
BRDA:39,4,0,0
BRDA:39,4,1,0
BRDA:57,5,0,0
BRDA:57,5,1,0
BRDA:64,6,0,0
BRDA:64,6,1,0
BRDA:76,7,0,0
BRDA:76,7,1,0
BRF:17
BRH:0
end_of_record
TN:
SF:src/main/snippets.ts
FN:2,(anonymous_0)
FN:20,getPath
FN:23,load
FN:28,save
FN:36,registerSnippetsHandlers
FN:38,(anonymous_5)
FN:39,(anonymous_6)
FN:46,(anonymous_7)
FN:62,(anonymous_8)
FN:66,(anonymous_9)
FNF:10
FNH:0
FNDA:0,(anonymous_0)
FNDA:0,getPath
FNDA:0,load
FNDA:0,save
FNDA:0,registerSnippetsHandlers
FNDA:0,(anonymous_5)
FNDA:0,(anonymous_6)
FNDA:0,(anonymous_7)
FNDA:0,(anonymous_8)
FNDA:0,(anonymous_9)
DA:2,0
DA:3,0
DA:5,0
DA:6,0
DA:7,0
DA:8,0
DA:9,0
DA:10,0
DA:11,0
DA:12,0
DA:18,0
DA:19,0
DA:21,0
DA:24,0
DA:25,0
DA:26,0
DA:29,0
DA:30,0
DA:33,0
DA:37,0
DA:38,0
DA:39,0
DA:40,0
DA:41,0
DA:42,0
DA:43,0
DA:45,0
DA:46,0
DA:47,0
DA:48,0
DA:51,0
DA:59,0
DA:60,0
DA:62,0
DA:63,0
DA:64,0
DA:65,0
DA:66,0
DA:67,0
DA:68,0
DA:69,0
LF:41
LH:0
BRDA:2,0,0,0
BRDA:2,0,1,0
BRDA:2,0,2,0
BRDA:3,1,0,0
BRDA:3,1,1,0
BRDA:3,2,0,0
BRDA:3,2,1,0
BRDA:25,3,0,0
BRDA:25,3,1,0
BRDA:41,4,0,0
BRDA:41,4,1,0
BRDA:47,5,0,0
BRDA:47,5,1,0
BRDA:53,6,0,0
BRDA:53,6,1,0
BRDA:54,7,0,0
BRDA:54,7,1,0
BRDA:55,8,0,0
BRDA:55,8,1,0
BRDA:64,9,0,0
BRDA:64,9,1,0
BRF:21
BRH:0
end_of_record
TN:
SF:src/main/tags.ts
FN:2,(anonymous_0)
FN:15,getTagStorePath
FN:18,registerTagHandlers
FN:19,(anonymous_3)
FN:25,(anonymous_4)
FN:33,(anonymous_5)
FN:49,(anonymous_6)
FN:50,(anonymous_7)
FN:59,(anonymous_8)
FN:65,(anonymous_9)
FN:66,(anonymous_10)
FNF:11
FNH:0
FNDA:0,(anonymous_0)
FNDA:0,getTagStorePath
FNDA:0,registerTagHandlers
FNDA:0,(anonymous_3)
FNDA:0,(anonymous_4)
FNDA:0,(anonymous_5)
FNDA:0,(anonymous_6)
FNDA:0,(anonymous_7)
FNDA:0,(anonymous_8)
FNDA:0,(anonymous_9)
FNDA:0,(anonymous_10)
DA:2,0
DA:3,0
DA:5,0
DA:6,0
DA:7,0
DA:8,0
DA:9,0
DA:10,0
DA:11,0
DA:12,0
DA:13,0
DA:14,0
DA:16,0
DA:19,0
DA:20,0
DA:21,0
DA:22,0
DA:23,0
DA:25,0
DA:26,0
DA:27,0
DA:28,0
DA:29,0
DA:30,0
DA:32,0
DA:33,0
DA:34,0
DA:35,0
DA:38,0
DA:40,0
DA:42,0
DA:45,0
DA:46,0
DA:49,0
DA:50,0
DA:51,0
DA:52,0
DA:53,0
DA:54,0
DA:55,0
DA:57,0
DA:59,0
DA:60,0
DA:61,0
DA:62,0
DA:63,0
DA:64,0
DA:65,0
DA:66,0
LF:49
LH:0
BRDA:2,0,0,0
BRDA:2,0,1,0
BRDA:2,0,2,0
BRDA:3,1,0,0
BRDA:3,1,1,0
BRDA:3,2,0,0
BRDA:3,2,1,0
BRDA:21,3,0,0
BRDA:21,3,1,0
BRDA:23,4,0,0
BRDA:23,4,1,0
BRDA:28,5,0,0
BRDA:28,5,1,0
BRDA:28,6,0,0
BRDA:28,6,1,0
BRDA:34,7,0,0
BRDA:34,7,1,0
BRDA:61,8,0,0
BRDA:61,8,1,0
BRF:19
BRH:0
end_of_record
TN:
SF:src/main/todo.ts
FN:2,(anonymous_0)
FN:27,getPath
FN:30,load
FN:35,save
FN:43,registerTodoHandlers
FN:45,(anonymous_5)
FN:46,(anonymous_6)
FN:58,(anonymous_7)
FN:61,(anonymous_8)
FN:69,(anonymous_9)
FN:72,(anonymous_10)
FN:77,(anonymous_11)
FN:79,(anonymous_12)
FN:84,(anonymous_13)
FN:93,(anonymous_14)
FNF:15
FNH:0
FNDA:0,(anonymous_0)
FNDA:0,getPath
FNDA:0,load
FNDA:0,save
FNDA:0,registerTodoHandlers
FNDA:0,(anonymous_5)
FNDA:0,(anonymous_6)
FNDA:0,(anonymous_7)
FNDA:0,(anonymous_8)
FNDA:0,(anonymous_9)
FNDA:0,(anonymous_10)
FNDA:0,(anonymous_11)
FNDA:0,(anonymous_12)
FNDA:0,(anonymous_13)
FNDA:0,(anonymous_14)
DA:2,0
DA:3,0
DA:5,0
DA:6,0
DA:7,0
DA:8,0
DA:9,0
DA:10,0
DA:11,0
DA:13,0
DA:19,0
DA:26,0
DA:28,0
DA:31,0
DA:32,0
DA:33,0
DA:36,0
DA:37,0
DA:40,0
DA:44,0
DA:45,0
DA:46,0
DA:47,0
DA:48,0
DA:49,0
DA:50,0
DA:52,0
DA:53,0
DA:54,0
DA:55,0
DA:56,0
DA:58,0
DA:59,0
DA:60,0
DA:61,0
DA:62,0
DA:63,0
DA:64,0
DA:65,0
DA:67,0
DA:69,0
DA:70,0
DA:71,0
DA:72,0
DA:73,0
DA:74,0
DA:75,0
DA:77,0
DA:78,0
DA:79,0
DA:80,0
DA:81,0
DA:82,0
DA:84,0
DA:85,0
DA:88,0
DA:89,0
DA:90,0
DA:92,0
DA:93,0
DA:94,0
DA:95,0
DA:96,0
DA:97,0
DA:98,0
DA:99,0
DA:101,0
LF:67
LH:0
BRDA:2,0,0,0
BRDA:2,0,1,0
BRDA:2,0,2,0
BRDA:3,1,0,0
BRDA:3,1,1,0
BRDA:3,2,0,0
BRDA:3,2,1,0
BRDA:32,3,0,0
BRDA:32,3,1,0
BRDA:48,4,0,0
BRDA:48,4,1,0
BRDA:59,5,0,0
BRDA:59,5,1,0
BRDA:59,6,0,0
BRDA:59,6,1,0
BRDA:62,7,0,0
BRDA:62,7,1,0
BRDA:70,8,0,0
BRDA:70,8,1,0
BRDA:70,9,0,0
BRDA:70,9,1,0
BRDA:86,10,0,0
BRDA:86,10,1,0
BRDA:88,11,0,0
BRDA:88,11,1,0
BRDA:94,12,0,0
BRDA:94,12,1,0
BRF:27
BRH:0
end_of_record
TN:
SF:src/main/windowUtil.ts
FN:5,getWinFromEvent
FNF:1
FNH:0
FNDA:0,getWinFromEvent
DA:2,0
DA:3,0
DA:4,0
DA:6,0
LF:4
LH:0
BRDA:6,0,0,0
BRDA:6,0,1,0
BRDA:6,0,2,0
BRF:3
BRH:0
end_of_record
TN:
SF:src/renderer/src/hooks/index.ts
FN:5,(anonymous_0)
FN:7,(anonymous_1)
FN:9,(anonymous_2)
FN:11,(anonymous_3)
FNF:4
FNH:0
FNDA:0,(anonymous_0)
FNDA:0,(anonymous_1)
FNDA:0,(anonymous_2)
FNDA:0,(anonymous_3)
DA:2,0
DA:3,0
DA:4,0
DA:5,0
DA:6,0
DA:7,0
DA:8,0
DA:9,0
DA:10,0
DA:11,0
LF:10
LH:0
BRF:0
BRH:0
end_of_record
TN:
SF:src/renderer/src/hooks/useFileDialog.ts
FN:15,useFileDialog
FN:16,(anonymous_1)
FNF:2
FNH:0
FNDA:0,useFileDialog
FNDA:0,(anonymous_1)
DA:2,0
DA:3,0
DA:4,0
DA:16,0
DA:17,0
DA:18,0
DA:21,0
DA:24,0
LF:8
LH:0
BRDA:15,0,0,0
BRF:1
BRH:0
end_of_record
TN:
SF:src/renderer/src/hooks/useIpc.ts
FN:13,useIpc
FN:22,(anonymous_1)
FN:23,(anonymous_2)
FN:25,(anonymous_3)
FN:26,(anonymous_4)
FN:29,(anonymous_5)
FNF:6
FNH:0
FNDA:0,useIpc
FNDA:0,(anonymous_1)
FNDA:0,(anonymous_2)
FNDA:0,(anonymous_3)
FNDA:0,(anonymous_4)
FNDA:0,(anonymous_5)
DA:2,0
DA:3,0
DA:4,0
DA:14,0
DA:20,0
DA:21,0
DA:22,0
DA:23,0
DA:24,0
DA:25,0
DA:26,0
DA:29,0
DA:30,0
DA:32,0
LF:14
LH:0
BRDA:13,0,0,0
BRDA:26,1,0,0
BRDA:26,1,1,0
BRF:3
BRH:0
end_of_record
TN:
SF:src/renderer/src/hooks/useNotification.ts
FN:15,useNotification
FN:19,(anonymous_1)
FN:20,(anonymous_2)
FN:20,(anonymous_3)
FN:22,(anonymous_4)
FN:24,(anonymous_5)
FN:25,(anonymous_6)
FN:26,(anonymous_7)
FN:26,(anonymous_8)
FN:32,(anonymous_9)
FN:38,(anonymous_10)
FN:38,(anonymous_11)
FN:40,(anonymous_12)
FN:41,(anonymous_13)
FNF:14
FNH:0
FNDA:0,useNotification
FNDA:0,(anonymous_1)
FNDA:0,(anonymous_2)
FNDA:0,(anonymous_3)
FNDA:0,(anonymous_4)
FNDA:0,(anonymous_5)
FNDA:0,(anonymous_6)
FNDA:0,(anonymous_7)
FNDA:0,(anonymous_8)
FNDA:0,(anonymous_9)
FNDA:0,(anonymous_10)
FNDA:0,(anonymous_11)
FNDA:0,(anonymous_12)
FNDA:0,(anonymous_13)
DA:2,0
DA:3,0
DA:4,0
DA:5,0
DA:16,0
DA:17,0
DA:19,0
DA:20,0
DA:22,0
DA:23,0
DA:24,0
DA:25,0
DA:26,0
DA:27,0
DA:29,0
DA:30,0
DA:32,0
DA:33,0
DA:34,0
DA:35,0
DA:36,0
DA:38,0
DA:40,0
DA:41,0
DA:42,0
DA:43,0
DA:45,0
LF:27
LH:0
BRDA:15,0,0,0
BRDA:22,1,0,0
BRDA:34,2,0,0
BRDA:34,2,1,0
BRF:4
BRH:0
end_of_record
TN:
SF:src/renderer/src/hooks/usePagination.ts
FN:13,usePagination
FN:15,(anonymous_1)
FN:18,(anonymous_2)
FN:22,(anonymous_3)
FN:23,(anonymous_4)
FN:24,(anonymous_5)
FN:25,(anonymous_6)
FNF:7
FNH:0
FNDA:0,usePagination
FNDA:0,(anonymous_1)
FNDA:0,(anonymous_2)
FNDA:0,(anonymous_3)
FNDA:0,(anonymous_4)
FNDA:0,(anonymous_5)
FNDA:0,(anonymous_6)
DA:2,0
DA:3,0
DA:4,0
DA:14,0
DA:15,0
DA:17,0
DA:18,0
DA:19,0
DA:20,0
DA:22,0
DA:23,0
DA:24,0
DA:25,0
DA:26,0
LF:14
LH:0
BRF:0
BRH:0
end_of_record
TN:
SF:src/renderer/src/store/appStore.ts
FN:6,(anonymous_0)
FN:13,(anonymous_1)
FN:18,(anonymous_2)
FN:22,(anonymous_3)
FNF:4
FNH:4
FNDA:1,(anonymous_0)
FNDA:2,(anonymous_1)
FNDA:2,(anonymous_2)
FNDA:1,(anonymous_3)
DA:2,1
DA:3,1
DA:4,1
DA:5,1
DA:6,1
DA:14,2
DA:15,2
DA:16,2
DA:19,2
DA:20,2
DA:23,1
DA:27,1
DA:28,1
DA:29,1
DA:30,1
DA:32,1
DA:33,1
DA:34,1
DA:35,1
DA:36,1
DA:37,1
DA:38,1
DA:39,1
DA:40,1
LF:24
LH:24
BRDA:28,0,0,1
BRDA:28,0,1,0
BRDA:32,1,0,1
BRDA:32,1,1,0
BRDA:34,2,0,1
BRDA:34,2,1,0
BRDA:36,3,0,1
BRDA:36,3,1,0
BRDA:38,4,0,1
BRDA:38,4,1,0
BRF:10
BRH:5
end_of_record
TN:
SF:src/renderer/src/utils/color.ts
FN:6,rgba
FNF:1
FNH:1
FNDA:59,rgba
DA:2,2
DA:3,2
DA:4,2
DA:7,59
DA:8,59
DA:9,59
DA:10,59
DA:12,2
LF:8
LH:8
BRF:0
BRH:0
end_of_record
TN:
SF:src/renderer/src/utils/format.ts
FN:8,formatSize
FN:15,formatDate
FN:24,getFileIcon
FN:55,isImageFile
FN:58,isTextFile
FNF:5
FNH:0
FNDA:0,formatSize
FNDA:0,formatDate
FNDA:0,getFileIcon
FNDA:0,isImageFile
FNDA:0,isTextFile
DA:2,0
DA:3,0
DA:4,0
DA:5,0
DA:6,0
DA:7,0
DA:9,0
DA:10,0
DA:11,0
DA:12,0
DA:13,0
DA:16,0
DA:25,0
DA:26,0
DA:27,0
DA:53,0
DA:56,0
DA:59,0
LF:18
LH:0
BRDA:9,0,0,0
BRDA:9,0,1,0
BRDA:13,1,0,0
BRDA:13,1,1,0
BRDA:25,2,0,0
BRDA:25,2,1,0
BRDA:53,3,0,0
BRDA:53,3,1,0
BRF:8
BRH:0
end_of_record
TN:
SF:src/renderer/src/utils/hooks.ts
FN:9,useCopyFeedback
FN:11,(anonymous_1)
FN:15,(anonymous_2)
FN:22,useLocalStorage
FN:23,(anonymous_4)
FN:32,(anonymous_5)
FN:33,(anonymous_6)
FN:45,useInterval
FN:47,(anonymous_8)
FN:48,(anonymous_9)
FN:49,(anonymous_10)
FN:50,(anonymous_11)
FN:54,useKeydown
FN:55,(anonymous_13)
FN:56,(anonymous_14)
FN:59,(anonymous_15)
FNF:16
FNH:13
FNDA:0,useCopyFeedback
FNDA:0,(anonymous_1)
FNDA:0,(anonymous_2)
FNDA:15,useLocalStorage
FNDA:9,(anonymous_4)
FNDA:6,(anonymous_5)
FNDA:6,(anonymous_6)
FNDA:4,useInterval
FNDA:4,(anonymous_8)
FNDA:3,(anonymous_9)
FNDA:8,(anonymous_10)
FNDA:3,(anonymous_11)
FNDA:3,useKeydown
FNDA:3,(anonymous_13)
FNDA:2,(anonymous_14)
FNDA:3,(anonymous_15)
DA:2,1
DA:3,1
DA:4,1
DA:5,1
DA:6,1
DA:7,1
DA:10,0
DA:11,0
DA:12,0
DA:13,0
DA:14,0
DA:15,0
DA:19,0
DA:23,15
DA:24,9
DA:25,9
DA:26,9
DA:29,1
DA:32,15
DA:33,6
DA:34,6
DA:35,6
DA:36,6
DA:39,6
DA:42,15
DA:46,4
DA:47,4
DA:48,4
DA:49,8
DA:50,3
DA:55,3
DA:56,3
DA:57,1
DA:58,3
DA:59,3
LF:35
LH:28
BRDA:9,0,0,0
BRDA:26,1,0,2
BRDA:26,1,1,7
BRDA:34,2,0,1
BRDA:34,2,1,5
BRDA:54,3,0,3
BRDA:56,4,0,1
BRDA:56,4,1,1
BRF:8
BRH:7
end_of_record
TN:
SF:src/renderer/src/utils/logger.ts
FN:7,logError
FN:14,logWarn
FNF:2
FNH:0
FNDA:0,logError
FNDA:0,logWarn
DA:3,0
DA:4,0
DA:5,0
DA:6,0
DA:8,0
DA:9,0
DA:10,0
DA:11,0
DA:15,0
LF:9
LH:0
BRDA:8,0,0,0
BRDA:8,0,1,0
BRDA:10,1,0,0
BRDA:10,1,1,0
BRDA:10,2,0,0
BRDA:10,2,1,0
BRDA:10,2,2,0
BRF:7
BRH:0
end_of_record
TN:
SF:src/renderer/src/utils/mathEval.ts
FN:9,safeMathEval
FN:33,peek
FN:34,consume
FN:35,parseExpr
FN:44,parseTerm
FN:61,parseFactor
FNF:6
FNH:6
FNDA:28,safeMathEval
FNDA:505,peek
FNDA:132,consume
FNDA:33,parseExpr
FNDA:59,parseTerm
FNDA:81,parseFactor
DA:2,1
DA:3,1
DA:10,28
DA:11,28
DA:12,28
DA:13,28
DA:14,2
DA:15,26
DA:16,135
DA:17,66
DA:18,66
DA:19,82
DA:20,82
DA:22,66
DA:24,69
DA:25,67
DA:26,67
DA:29,2
DA:32,24
DA:33,505
DA:34,132
DA:36,33
DA:37,30
DA:38,26
DA:39,26
DA:40,25
DA:42,29
DA:45,59
DA:46,58
DA:47,16
DA:48,16
DA:49,15
DA:50,9
DA:51,6
DA:52,5
DA:53,2
DA:54,3
DA:57,1
DA:59,55
DA:62,81
DA:63,9
DA:64,9
DA:65,9
DA:66,9
DA:67,9
DA:69,72
DA:70,5
DA:71,5
DA:73,67
DA:74,1
DA:75,1
DA:77,66
DA:78,66
DA:79,2
DA:80,64
DA:82,24
DA:83,20
DA:84,0
DA:85,20
LF:59
LH:58
BRDA:13,0,0,2
BRDA:13,0,1,26
BRDA:16,1,0,66
BRDA:16,1,1,69
BRDA:18,2,0,148
BRDA:18,2,1,128
BRDA:24,3,0,67
BRDA:24,3,1,2
BRDA:33,4,0,505
BRDA:33,4,1,103
BRDA:37,5,0,55
BRDA:37,5,1,33
BRDA:40,6,0,21
BRDA:40,6,1,4
BRDA:46,7,0,71
BRDA:46,7,1,61
BRDA:46,7,2,56
BRDA:49,8,0,9
BRDA:49,8,1,6
BRDA:51,9,0,5
BRDA:51,9,1,1
BRDA:52,10,0,2
BRDA:52,10,1,3
BRDA:62,11,0,9
BRDA:62,11,1,72
BRDA:65,12,0,9
BRDA:65,12,1,0
BRDA:69,13,0,5
BRDA:69,13,1,67
BRDA:73,14,0,1
BRDA:73,14,1,66
BRDA:78,15,0,2
BRDA:78,15,1,64
BRDA:83,16,0,0
BRDA:83,16,1,20
BRF:35
BRH:33
end_of_record
TN:
SF:src/renderer/src/utils/modalStyles.ts
FN:25,(anonymous_0)
FN:30,(anonymous_1)
FN:35,(anonymous_2)
FN:40,(anonymous_3)
FN:47,(anonymous_4)
FN:49,(anonymous_5)
FNF:6
FNH:0
FNDA:0,(anonymous_0)
FNDA:0,(anonymous_1)
FNDA:0,(anonymous_2)
FNDA:0,(anonymous_3)
FNDA:0,(anonymous_4)
FNDA:0,(anonymous_5)
DA:15,0
DA:16,0
DA:17,0
DA:19,0
DA:25,0
DA:30,0
DA:35,0
DA:40,0
DA:47,0
DA:49,0
LF:10
LH:0
BRF:0
BRH:0
end_of_record
TN:
SF:src/renderer/src/utils/sanitize.ts
FN:8,sanitizeHtml
FN:10,(anonymous_1)
FN:11,(anonymous_2)
FNF:3
FNH:3
FNDA:19,sanitizeHtml
FNDA:6,(anonymous_1)
FNDA:81,(anonymous_2)
DA:2,1
DA:3,1
DA:9,19
DA:10,19
DA:11,19
DA:12,81
DA:13,9
DA:14,6
DA:18,19
LF:9
LH:9
BRDA:13,0,0,6
BRDA:13,0,1,3
BRDA:13,1,0,9
BRDA:13,1,1,4
BRDA:13,1,2,2
BRF:5
BRH:5
end_of_record
TN:
SF:src/renderer/src/utils/theme.ts
FN:27,(anonymous_0)
FN:237,(anonymous_1)
FN:237,(anonymous_2)
FN:238,(anonymous_3)
FN:238,(anonymous_4)
FN:239,(anonymous_5)
FN:239,(anonymous_6)
FN:240,(anonymous_7)
FN:240,(anonymous_8)
FN:241,(anonymous_9)
FN:241,(anonymous_10)
FN:242,(anonymous_11)
FN:242,(anonymous_12)
FN:243,(anonymous_13)
FN:243,(anonymous_14)
FN:244,(anonymous_15)
FN:244,(anonymous_16)
FN:250,emitChange
FN:250,(anonymous_18)
FN:252,setTheme
FN:253,(anonymous_20)
FN:281,(anonymous_21)
FN:296,getThemeId
FN:298,getCurrentTheme
FN:300,loadSavedTheme
FN:309,useTheme
FN:310,(anonymous_26)
FN:310,(anonymous_27)
FN:310,(anonymous_28)
FN:313,useTokens
FN:318,buildTokens
FNF:31
FNH:23
FNDA:0,(anonymous_0)
FNDA:1,(anonymous_1)
FNDA:1,(anonymous_2)
FNDA:1,(anonymous_3)
FNDA:1,(anonymous_4)
FNDA:1,(anonymous_5)
FNDA:1,(anonymous_6)
FNDA:1,(anonymous_7)
FNDA:1,(anonymous_8)
FNDA:1,(anonymous_9)
FNDA:1,(anonymous_10)
FNDA:1,(anonymous_11)
FNDA:1,(anonymous_12)
FNDA:1,(anonymous_13)
FNDA:1,(anonymous_14)
FNDA:1,(anonymous_15)
FNDA:1,(anonymous_16)
FNDA:4,emitChange
FNDA:0,(anonymous_18)
FNDA:7,setTheme
FNDA:24,(anonymous_20)
FNDA:60,(anonymous_21)
FNDA:3,getThemeId
FNDA:3,getCurrentTheme
FNDA:0,loadSavedTheme
FNDA:0,useTheme
FNDA:0,(anonymous_26)
FNDA:0,(anonymous_27)
FNDA:0,(anonymous_28)
FNDA:0,useTokens
FNDA:5,buildTokens
DA:17,1
DA:18,1
DA:19,1
DA:20,1
DA:21,1
DA:22,1
DA:23,1
DA:24,1
DA:25,1
DA:26,1
DA:27,1
DA:28,1
DA:29,1
DA:236,1
DA:237,1
DA:238,1
DA:239,1
DA:240,1
DA:241,1
DA:242,1
DA:243,1
DA:244,1
DA:247,1
DA:248,1
DA:249,1
DA:250,4
DA:253,24
DA:254,7
DA:255,4
DA:256,4
DA:257,4
DA:258,4
DA:259,4
DA:260,4
DA:261,4
DA:262,4
DA:263,4
DA:264,4
DA:266,4
DA:267,4
DA:268,4
DA:269,4
DA:270,4
DA:271,4
DA:273,4
DA:274,4
DA:275,1
DA:276,1
DA:277,1
DA:279,4
DA:280,4
DA:281,60
DA:282,4
DA:286,4
DA:287,4
DA:290,4
DA:291,4
DA:292,4
DA:293,0
DA:296,3
DA:298,3
DA:301,0
DA:302,0
DA:303,0
DA:304,0
DA:310,0
DA:314,0
DA:315,0
DA:319,5
DA:320,5
DA:321,5
DA:332,1
LF:72
LH:64
BRDA:254,0,0,4
BRDA:254,0,1,3
BRDA:254,1,0,7
BRDA:254,1,1,6
BRDA:274,2,0,1
BRDA:274,2,1,3
BRDA:292,3,0,0
BRDA:292,3,1,4
BRDA:303,4,0,0
BRDA:303,4,1,0
BRF:10
BRH:7
end_of_record
TN:
SF:src/shared/constants.ts
FN:41,(anonymous_0)
FNF:1
FNH:1
FNDA:156,(anonymous_0)
DA:9,6
DA:10,6
DA:11,6
DA:41,156
DA:45,6
DA:46,6
DA:47,6
DA:48,6
DA:49,6
DA:50,6
DA:54,6
DA:55,6
DA:56,6
DA:57,6
DA:62,6
DA:127,6
DA:128,6
LF:17
LH:17
BRF:0
BRH:0
end_of_record
TN:
SF:src/shared/types.ts
FNF:0
FNH:0
DA:6,0
LF:1
LH:0
BRF:0
BRH:0
end_of_record
TN:
SF:src/shared/utils.ts
FN:6,isValidFileName
FNF:1
FNH:1
FNDA:118,isValidFileName
DA:2,2
DA:3,2
DA:4,2
DA:7,118
DA:8,6
DA:9,112
DA:10,5
DA:11,107
DA:12,4
DA:13,103
DA:14,103
DA:15,63
DA:16,40
DA:17,14
DA:18,26
DA:19,4
DA:20,22
LF:17
LH:17
BRDA:7,0,0,6
BRDA:7,0,1,112
BRDA:7,1,0,118
BRDA:7,1,1,115
BRDA:9,2,0,5
BRDA:9,2,1,107
BRDA:9,3,0,112
BRDA:9,3,1,109
BRDA:11,4,0,4
BRDA:11,4,1,103
BRDA:11,5,0,107
BRDA:11,5,1,105
BRDA:14,6,0,63
BRDA:14,6,1,40
BRDA:16,7,0,14
BRDA:16,7,1,26
BRDA:18,8,0,4
BRDA:18,8,1,22
BRF:18
BRH:18
end_of_record
